{"C:\\Users\\jwsod\\Projects\\Mortgage-Broker-Pro-3.0\\services\\emc2-core\\src\\server.ts": {"path":"C:\\Users\\jwsod\\Projects\\Mortgage-Broker-Pro-3.0\\services\\emc2-core\\src\\server.ts","statementMap":{"0":{"start":{"line":26,"column":0},"end":{"line":26,"column":7}},"1":{"start":{"line":7,"column":0},"end":{"line":7,"column":30}},"2":{"start":{"line":8,"column":0},"end":{"line":8,"column":38}},"3":{"start":{"line":9,"column":0},"end":{"line":9,"column":40}},"4":{"start":{"line":10,"column":0},"end":{"line":10,"column":47}},"5":{"start":{"line":11,"column":0},"end":{"line":11,"column":52}},"6":{"start":{"line":12,"column":0},"end":{"line":12,"column":58}},"7":{"start":{"line":13,"column":0},"end":{"line":13,"column":43}},"8":{"start":{"line":14,"column":0},"end":{"line":14,"column":49}},"9":{"start":{"line":15,"column":0},"end":{"line":15,"column":47}},"10":{"start":{"line":16,"column":0},"end":{"line":16,"column":45}},"11":{"start":{"line":17,"column":0},"end":{"line":17,"column":52}},"12":{"start":{"line":18,"column":0},"end":{"line":18,"column":63}},"13":{"start":{"line":19,"column":0},"end":{"line":19,"column":46}},"14":{"start":{"line":20,"column":0},"end":{"line":20,"column":32}},"15":{"start":{"line":21,"column":0},"end":{"line":21,"column":53}},"16":{"start":{"line":22,"column":0},"end":{"line":22,"column":53}},"17":{"start":{"line":23,"column":0},"end":{"line":23,"column":61}},"18":{"start":{"line":24,"column":0},"end":{"line":24,"column":54}},"19":{"start":{"line":27,"column":2},"end":{"line":252,"column":3}},"20":{"start":{"line":28,"column":4},"end":{"line":28,"column":38}},"21":{"start":{"line":30,"column":19},"end":{"line":33,"column":6}},"22":{"start":{"line":36,"column":2},"end":{"line":36,"column":50}},"23":{"start":{"line":37,"column":2},"end":{"line":49,"column":5}},"24":{"start":{"line":50,"column":2},"end":{"line":50,"column":46}},"25":{"start":{"line":53,"column":20},"end":{"line":53,"column":54}},"26":{"start":{"line":54,"column":2},"end":{"line":58,"column":5}},"27":{"start":{"line":61,"column":2},"end":{"line":66,"column":5}},"28":{"start":{"line":69,"column":2},"end":{"line":69,"column":49}},"29":{"start":{"line":70,"column":13},"end":{"line":70,"column":32}},"30":{"start":{"line":71,"column":2},"end":{"line":71,"column":36}},"31":{"start":{"line":73,"column":28},"end":{"line":73,"column":32}},"32":{"start":{"line":74,"column":40},"end":{"line":74,"column":44}},"33":{"start":{"line":76,"column":2},"end":{"line":100,"column":3}},"34":{"start":{"line":77,"column":4},"end":{"line":77,"column":51}},"35":{"start":{"line":78,"column":4},"end":{"line":92,"column":7}},"36":{"start":{"line":83,"column":8},"end":{"line":86,"column":9}},"37":{"start":{"line":84,"column":10},"end":{"line":84,"column":91}},"38":{"start":{"line":85,"column":10},"end":{"line":85,"column":22}},"39":{"start":{"line":87,"column":22},"end":{"line":87,"column":48}},"40":{"start":{"line":88,"column":8},"end":{"line":88,"column":21}},"41":{"start":{"line":94,"column":4},"end":{"line":94,"column":26}},"42":{"start":{"line":95,"column":4},"end":{"line":95,"column":48}},"43":{"start":{"line":97,"column":4},"end":{"line":97,"column":45}},"44":{"start":{"line":99,"column":4},"end":{"line":99,"column":82}},"45":{"start":{"line":102,"column":22},"end":{"line":102,"column":41}},"46":{"start":{"line":105,"column":2},"end":{"line":135,"column":3}},"47":{"start":{"line":106,"column":4},"end":{"line":106,"column":70}},"48":{"start":{"line":109,"column":4},"end":{"line":115,"column":7}},"49":{"start":{"line":110,"column":6},"end":{"line":114,"column":7}},"50":{"start":{"line":111,"column":8},"end":{"line":111,"column":34}},"51":{"start":{"line":113,"column":8},"end":{"line":113,"column":72}},"52":{"start":{"line":117,"column":4},"end":{"line":124,"column":7}},"53":{"start":{"line":118,"column":6},"end":{"line":123,"column":8}},"54":{"start":{"line":119,"column":8},"end":{"line":122,"column":11}},"55":{"start":{"line":126,"column":4},"end":{"line":134,"column":7}},"56":{"start":{"line":127,"column":6},"end":{"line":133,"column":7}},"57":{"start":{"line":128,"column":8},"end":{"line":130,"column":9}},"58":{"start":{"line":129,"column":10},"end":{"line":129,"column":36}},"59":{"start":{"line":140,"column":2},"end":{"line":140,"column":38}},"60":{"start":{"line":143,"column":2},"end":{"line":143,"column":59}},"61":{"start":{"line":146,"column":2},"end":{"line":146,"column":63}},"62":{"start":{"line":147,"column":2},"end":{"line":147,"column":66}},"63":{"start":{"line":148,"column":2},"end":{"line":148,"column":63}},"64":{"start":{"line":149,"column":2},"end":{"line":149,"column":38}},"65":{"start":{"line":150,"column":2},"end":{"line":150,"column":37}},"66":{"start":{"line":151,"column":2},"end":{"line":151,"column":36}},"67":{"start":{"line":154,"column":2},"end":{"line":161,"column":5}},"68":{"start":{"line":155,"column":4},"end":{"line":160,"column":6}},"69":{"start":{"line":164,"column":2},"end":{"line":192,"column":5}},"70":{"start":{"line":165,"column":4},"end":{"line":174,"column":24}},"71":{"start":{"line":177,"column":4},"end":{"line":183,"column":5}},"72":{"start":{"line":178,"column":6},"end":{"line":181,"column":9}},"73":{"start":{"line":182,"column":6},"end":{"line":182,"column":13}},"74":{"start":{"line":185,"column":23},"end":{"line":185,"column":46}},"75":{"start":{"line":186,"column":20},"end":{"line":186,"column":78}},"76":{"start":{"line":188,"column":4},"end":{"line":191,"column":7}},"77":{"start":{"line":195,"column":2},"end":{"line":238,"column":5}},"78":{"start":{"line":196,"column":4},"end":{"line":237,"column":5}},"79":{"start":{"line":197,"column":17},"end":{"line":197,"column":36}},"80":{"start":{"line":198,"column":6},"end":{"line":198,"column":33}},"81":{"start":{"line":199,"column":6},"end":{"line":199,"column":50}},"82":{"start":{"line":202,"column":6},"end":{"line":228,"column":7}},"83":{"start":{"line":203,"column":8},"end":{"line":225,"column":9}},"84":{"start":{"line":204,"column":10},"end":{"line":204,"column":29}},"85":{"start":{"line":205,"column":10},"end":{"line":205,"column":51}},"86":{"start":{"line":208,"column":10},"end":{"line":213,"column":11}},"87":{"start":{"line":209,"column":12},"end":{"line":209,"column":48}},"88":{"start":{"line":210,"column":12},"end":{"line":210,"column":58}},"89":{"start":{"line":212,"column":12},"end":{"line":212,"column":79}},"90":{"start":{"line":216,"column":10},"end":{"line":222,"column":11}},"91":{"start":{"line":217,"column":47},"end":{"line":217,"column":96}},"92":{"start":{"line":218,"column":12},"end":{"line":218,"column":48}},"93":{"start":{"line":219,"column":12},"end":{"line":219,"column":64}},"94":{"start":{"line":221,"column":12},"end":{"line":221,"column":86}},"95":{"start":{"line":224,"column":10},"end":{"line":224,"column":72}},"96":{"start":{"line":227,"column":8},"end":{"line":227,"column":85}},"97":{"start":{"line":230,"column":6},"end":{"line":230,"column":62}},"98":{"start":{"line":231,"column":6},"end":{"line":231,"column":48}},"99":{"start":{"line":232,"column":6},"end":{"line":235,"column":7}},"100":{"start":{"line":233,"column":8},"end":{"line":233,"column":54}},"101":{"start":{"line":234,"column":8},"end":{"line":234,"column":50}},"102":{"start":{"line":236,"column":6},"end":{"line":236,"column":18}},"103":{"start":{"line":241,"column":2},"end":{"line":246,"column":5}},"104":{"start":{"line":242,"column":4},"end":{"line":245,"column":5}},"105":{"start":{"line":243,"column":6},"end":{"line":243,"column":25}},"106":{"start":{"line":244,"column":6},"end":{"line":244,"column":45}},"107":{"start":{"line":248,"column":2},"end":{"line":248,"column":16}},"108":{"start":{"line":250,"column":4},"end":{"line":250,"column":50}},"109":{"start":{"line":251,"column":4},"end":{"line":251,"column":16}}},"fnMap":{"0":{"name":"createServer","decl":{"start":{"line":26,"column":22},"end":{"line":26,"column":34}},"loc":{"start":{"line":26,"column":34},"end":{"line":253,"column":1}}},"1":{"name":"(anonymous_11)","decl":{"start":{"line":53,"column":20},"end":{"line":53,"column":33}},"loc":{"start":{"line":53,"column":20},"end":{"line":53,"column":54}}},"2":{"name":"(anonymous_12)","decl":{"start":{"line":82,"column":21},"end":{"line":82,"column":22}},"loc":{"start":{"line":82,"column":39},"end":{"line":89,"column":7}}},"3":{"name":"(anonymous_13)","decl":{"start":{"line":109,"column":36},"end":{"line":109,"column":41}},"loc":{"start":{"line":109,"column":75},"end":{"line":115,"column":5}}},"4":{"name":"(anonymous_14)","decl":{"start":{"line":117,"column":33},"end":{"line":117,"column":42}},"loc":{"start":{"line":117,"column":76},"end":{"line":124,"column":5}}},"5":{"name":"(anonymous_15)","decl":{"start":{"line":118,"column":13},"end":{"line":118,"column":18}},"loc":{"start":{"line":118,"column":53},"end":{"line":123,"column":7}}},"6":{"name":"(anonymous_16)","decl":{"start":{"line":126,"column":36},"end":{"line":126,"column":41}},"loc":{"start":{"line":126,"column":76},"end":{"line":134,"column":5}}},"7":{"name":"(anonymous_17)","decl":{"start":{"line":154,"column":18},"end":{"line":154,"column":23}},"loc":{"start":{"line":154,"column":29},"end":{"line":161,"column":3}}},"8":{"name":"(anonymous_18)","decl":{"start":{"line":164,"column":25},"end":{"line":164,"column":26}},"loc":{"start":{"line":164,"column":51},"end":{"line":192,"column":3}}},"9":{"name":"(anonymous_19)","decl":{"start":{"line":195,"column":28},"end":{"line":195,"column":33}},"loc":{"start":{"line":195,"column":39},"end":{"line":238,"column":3}}},"10":{"name":"(anonymous_20)","decl":{"start":{"line":217,"column":47},"end":{"line":217,"column":60}},"loc":{"start":{"line":217,"column":47},"end":{"line":217,"column":96}}},"11":{"name":"(anonymous_21)","decl":{"start":{"line":241,"column":28},"end":{"line":241,"column":33}},"loc":{"start":{"line":241,"column":39},"end":{"line":246,"column":3}}}},"branchMap":{"0":{"loc":{"start":{"line":39,"column":14},"end":{"line":39,"column":57}},"type":"binary-expr","locations":[{"start":{"line":39,"column":14},"end":{"line":39,"column":49}},{"start":{"line":39,"column":53},"end":{"line":39,"column":57}}]},"1":{"loc":{"start":{"line":62,"column":12},"end":{"line":62,"column":76}},"type":"binary-expr","locations":[{"start":{"line":62,"column":12},"end":{"line":62,"column":34}},{"start":{"line":62,"column":38},"end":{"line":62,"column":76}}]},"2":{"loc":{"start":{"line":79,"column":12},"end":{"line":79,"column":49}},"type":"binary-expr","locations":[{"start":{"line":79,"column":12},"end":{"line":79,"column":34}},{"start":{"line":79,"column":38},"end":{"line":79,"column":49}}]},"3":{"loc":{"start":{"line":80,"column":12},"end":{"line":80,"column":50}},"type":"binary-expr","locations":[{"start":{"line":80,"column":12},"end":{"line":80,"column":42}},{"start":{"line":80,"column":46},"end":{"line":80,"column":50}}]},"4":{"loc":{"start":{"line":83,"column":8},"end":{"line":86,"column":9}},"type":"if","locations":[{"start":{"line":83,"column":8},"end":{"line":86,"column":9}}]},"5":{"loc":{"start":{"line":105,"column":2},"end":{"line":135,"column":3}},"type":"if","locations":[{"start":{"line":105,"column":2},"end":{"line":135,"column":3}},{"start":{"line":107,"column":9},"end":{"line":135,"column":3}}]},"6":{"loc":{"start":{"line":128,"column":8},"end":{"line":130,"column":9}},"type":"if","locations":[{"start":{"line":128,"column":8},"end":{"line":130,"column":9}}]},"7":{"loc":{"start":{"line":177,"column":4},"end":{"line":183,"column":5}},"type":"if","locations":[{"start":{"line":177,"column":4},"end":{"line":183,"column":5}}]},"8":{"loc":{"start":{"line":185,"column":23},"end":{"line":185,"column":46}},"type":"binary-expr","locations":[{"start":{"line":185,"column":23},"end":{"line":185,"column":39}},{"start":{"line":185,"column":43},"end":{"line":185,"column":46}}]},"9":{"loc":{"start":{"line":186,"column":20},"end":{"line":186,"column":78}},"type":"cond-expr","locations":[{"start":{"line":186,"column":39},"end":{"line":186,"column":52}},{"start":{"line":186,"column":55},"end":{"line":186,"column":78}}]},"10":{"loc":{"start":{"line":202,"column":6},"end":{"line":228,"column":7}},"type":"if","locations":[{"start":{"line":202,"column":6},"end":{"line":228,"column":7}},{"start":{"line":226,"column":13},"end":{"line":228,"column":7}}]},"11":{"loc":{"start":{"line":232,"column":6},"end":{"line":235,"column":7}},"type":"if","locations":[{"start":{"line":232,"column":6},"end":{"line":235,"column":7}}]},"12":{"loc":{"start":{"line":242,"column":4},"end":{"line":245,"column":5}},"type":"if","locations":[{"start":{"line":242,"column":4},"end":{"line":245,"column":5}}]}},"s":{"0":2,"1":2,"2":2,"3":2,"4":2,"5":2,"6":2,"7":2,"8":2,"9":2,"10":2,"11":2,"12":2,"13":2,"14":2,"15":2,"16":2,"17":2,"18":2,"19":2,"20":2,"21":2,"22":2,"23":2,"24":2,"25":4,"26":2,"27":2,"28":2,"29":2,"30":2,"31":2,"32":2,"33":2,"34":2,"35":2,"36":0,"37":0,"38":0,"39":0,"40":0,"41":2,"42":2,"43":2,"44":0,"45":2,"46":2,"47":2,"48":0,"49":0,"50":0,"51":0,"52":0,"53":0,"54":0,"55":0,"56":0,"57":0,"58":0,"59":2,"60":2,"61":2,"62":2,"63":2,"64":2,"65":2,"66":2,"67":2,"68":5,"69":2,"70":1,"71":1,"72":0,"73":0,"74":1,"75":1,"76":1,"77":2,"78":2,"79":2,"80":2,"81":2,"82":2,"83":2,"84":2,"85":2,"86":2,"87":2,"88":2,"89":0,"90":2,"91":4,"92":2,"93":2,"94":0,"95":0,"96":0,"97":0,"98":0,"99":0,"100":0,"101":0,"102":0,"103":2,"104":2,"105":2,"106":2,"107":2,"108":0,"109":0},"f":{"0":2,"1":2,"2":0,"3":0,"4":0,"5":0,"6":0,"7":5,"8":1,"9":2,"10":2,"11":2},"b":{"0":[2,2],"1":[2,2],"2":[2,2],"3":[2,2],"4":[0],"5":[2,0],"6":[0],"7":[0],"8":[1,0],"9":[1,0],"10":[2,0],"11":[0],"12":[2]}}
,"C:\\Users\\jwsod\\Projects\\Mortgage-Broker-Pro-3.0\\services\\emc2-core\\src\\test-email-init.ts": {"path":"C:\\Users\\jwsod\\Projects\\Mortgage-Broker-Pro-3.0\\services\\emc2-core\\src\\test-email-init.ts","statementMap":{"0":{"start":{"line":7,"column":0},"end":{"line":7,"column":41}},"1":{"start":{"line":8,"column":0},"end":{"line":8,"column":40}},"2":{"start":{"line":11,"column":2},"end":{"line":11,"column":63}},"3":{"start":{"line":13,"column":20},"end":{"line":13,"column":30}},"4":{"start":{"line":15,"column":2},"end":{"line":34,"column":3}},"5":{"start":{"line":17,"column":4},"end":{"line":17,"column":52}},"6":{"start":{"line":19,"column":19},"end":{"line":24,"column":6}},"7":{"start":{"line":26,"column":21},"end":{"line":26,"column":43}},"8":{"start":{"line":27,"column":4},"end":{"line":27,"column":107}},"9":{"start":{"line":29,"column":4},"end":{"line":29,"column":20}},"10":{"start":{"line":31,"column":21},"end":{"line":31,"column":43}},"11":{"start":{"line":32,"column":4},"end":{"line":32,"column":84}},"12":{"start":{"line":33,"column":4},"end":{"line":33,"column":20}},"13":{"start":{"line":38,"column":16},"end":{"line":41,"column":9}},"14":{"start":{"line":39,"column":2},"end":{"line":39,"column":74}},"15":{"start":{"line":40,"column":2},"end":{"line":40,"column":18}},"16":{"start":{"line":44,"column":0},"end":{"line":46,"column":3}},"17":{"start":{"line":45,"column":2},"end":{"line":45,"column":24}}},"fnMap":{"0":{"name":"testEmailInit","decl":{"start":{"line":10,"column":15},"end":{"line":10,"column":28}},"loc":{"start":{"line":10,"column":28},"end":{"line":35,"column":1}}},"1":{"name":"(anonymous_1)","decl":{"start":{"line":38,"column":27},"end":{"line":38,"column":30}},"loc":{"start":{"line":38,"column":32},"end":{"line":41,"column":1}}},"2":{"name":"(anonymous_2)","decl":{"start":{"line":44,"column":24},"end":{"line":44,"column":27}},"loc":{"start":{"line":44,"column":29},"end":{"line":46,"column":1}}}},"branchMap":{"0":{"loc":{"start":{"line":27,"column":60},"end":{"line":27,"column":86}},"type":"cond-expr","locations":[{"start":{"line":27,"column":69},"end":{"line":27,"column":75}},{"start":{"line":27,"column":78},"end":{"line":27,"column":86}}]}},"s":{"0":0,"1":0,"2":0,"3":0,"4":0,"5":0,"6":0,"7":0,"8":0,"9":0,"10":0,"11":0,"12":0,"13":0,"14":0,"15":0,"16":0,"17":0},"f":{"0":0,"1":0,"2":0},"b":{"0":[0,0]}}
,"C:\\Users\\jwsod\\Projects\\Mortgage-Broker-Pro-3.0\\services\\emc2-core\\src\\cli\\config-cli.ts": {"path":"C:\\Users\\jwsod\\Projects\\Mortgage-Broker-Pro-3.0\\services\\emc2-core\\src\\cli\\config-cli.ts","statementMap":{"0":{"start":{"line":8,"column":0},"end":{"line":8,"column":37}},"1":{"start":{"line":9,"column":0},"end":{"line":9,"column":75}},"2":{"start":{"line":10,"column":0},"end":{"line":10,"column":53}},"3":{"start":{"line":11,"column":0},"end":{"line":11,"column":34}},"4":{"start":{"line":12,"column":0},"end":{"line":12,"column":29}},"5":{"start":{"line":14,"column":11},"end":{"line":17,"column":2}},"6":{"start":{"line":20,"column":2},"end":{"line":22,"column":5}},"7":{"start":{"line":21,"column":4},"end":{"line":21,"column":33}},"8":{"start":{"line":26,"column":2},"end":{"line":28,"column":3}},"9":{"start":{"line":27,"column":4},"end":{"line":27,"column":36}},"10":{"start":{"line":29,"column":2},"end":{"line":29,"column":126}},"11":{"start":{"line":33,"column":15},"end":{"line":33,"column":36}},"12":{"start":{"line":34,"column":18},"end":{"line":34,"column":25}},"13":{"start":{"line":35,"column":22},"end":{"line":35,"column":59}},"14":{"start":{"line":37,"column":2},"end":{"line":37,"column":83}},"15":{"start":{"line":39,"column":24},"end":{"line":41,"column":4}},"16":{"start":{"line":43,"column":2},"end":{"line":89,"column":3}},"17":{"start":{"line":44,"column":4},"end":{"line":83,"column":5}},"18":{"start":{"line":46,"column":8},"end":{"line":46,"column":48}},"19":{"start":{"line":47,"column":8},"end":{"line":47,"column":14}},"20":{"start":{"line":50,"column":8},"end":{"line":50,"column":57}},"21":{"start":{"line":51,"column":8},"end":{"line":51,"column":14}},"22":{"start":{"line":54,"column":8},"end":{"line":54,"column":51}},"23":{"start":{"line":55,"column":8},"end":{"line":55,"column":14}},"24":{"start":{"line":58,"column":8},"end":{"line":58,"column":40}},"25":{"start":{"line":59,"column":8},"end":{"line":59,"column":14}},"26":{"start":{"line":62,"column":8},"end":{"line":62,"column":46}},"27":{"start":{"line":63,"column":8},"end":{"line":63,"column":14}},"28":{"start":{"line":66,"column":8},"end":{"line":66,"column":46}},"29":{"start":{"line":67,"column":8},"end":{"line":67,"column":14}},"30":{"start":{"line":70,"column":8},"end":{"line":70,"column":34}},"31":{"start":{"line":71,"column":8},"end":{"line":71,"column":14}},"32":{"start":{"line":74,"column":8},"end":{"line":74,"column":44}},"33":{"start":{"line":75,"column":8},"end":{"line":75,"column":14}},"34":{"start":{"line":78,"column":8},"end":{"line":78,"column":30}},"35":{"start":{"line":79,"column":8},"end":{"line":79,"column":14}},"36":{"start":{"line":82,"column":8},"end":{"line":82,"column":19}},"37":{"start":{"line":85,"column":4},"end":{"line":85,"column":41}},"38":{"start":{"line":86,"column":4},"end":{"line":86,"column":20}},"39":{"start":{"line":88,"column":4},"end":{"line":88,"column":15}},"40":{"start":{"line":93,"column":2},"end":{"line":96,"column":3}},"41":{"start":{"line":94,"column":4},"end":{"line":94,"column":49}},"42":{"start":{"line":95,"column":4},"end":{"line":95,"column":11}},"43":{"start":{"line":98,"column":16},"end":{"line":98,"column":44}},"44":{"start":{"line":100,"column":2},"end":{"line":117,"column":3}},"45":{"start":{"line":101,"column":4},"end":{"line":101,"column":42}},"46":{"start":{"line":104,"column":26},"end":{"line":104,"column":64}},"47":{"start":{"line":105,"column":23},"end":{"line":105,"column":77}},"48":{"start":{"line":105,"column":47},"end":{"line":105,"column":76}},"49":{"start":{"line":107,"column":4},"end":{"line":116,"column":5}},"50":{"start":{"line":108,"column":6},"end":{"line":108,"column":49}},"51":{"start":{"line":110,"column":23},"end":{"line":110,"column":67}},"52":{"start":{"line":111,"column":6},"end":{"line":113,"column":7}},"53":{"start":{"line":112,"column":8},"end":{"line":112,"column":40}},"54":{"start":{"line":115,"column":6},"end":{"line":115,"column":63}},"55":{"start":{"line":121,"column":2},"end":{"line":124,"column":3}},"56":{"start":{"line":122,"column":4},"end":{"line":122,"column":57}},"57":{"start":{"line":123,"column":4},"end":{"line":123,"column":11}},"58":{"start":{"line":126,"column":24},"end":{"line":126,"column":29}},"59":{"start":{"line":128,"column":2},"end":{"line":139,"column":3}},"60":{"start":{"line":130,"column":21},"end":{"line":130,"column":100}},"61":{"start":{"line":130,"column":70},"end":{"line":130,"column":99}},"62":{"start":{"line":132,"column":4},"end":{"line":138,"column":5}},"63":{"start":{"line":134,"column":26},"end":{"line":134,"column":77}},"64":{"start":{"line":135,"column":6},"end":{"line":135,"column":31}},"65":{"start":{"line":137,"column":6},"end":{"line":137,"column":62}},"66":{"start":{"line":142,"column":2},"end":{"line":146,"column":3}},"67":{"start":{"line":143,"column":4},"end":{"line":143,"column":40}},"68":{"start":{"line":148,"column":2},"end":{"line":148,"column":43}},"69":{"start":{"line":149,"column":2},"end":{"line":149,"column":43}},"70":{"start":{"line":153,"column":2},"end":{"line":156,"column":3}},"71":{"start":{"line":154,"column":4},"end":{"line":154,"column":52}},"72":{"start":{"line":155,"column":4},"end":{"line":155,"column":11}},"73":{"start":{"line":158,"column":18},"end":{"line":158,"column":85}},"74":{"start":{"line":159,"column":2},"end":{"line":162,"column":3}},"75":{"start":{"line":160,"column":4},"end":{"line":160,"column":29}},"76":{"start":{"line":161,"column":4},"end":{"line":161,"column":11}},"77":{"start":{"line":164,"column":2},"end":{"line":164,"column":34}},"78":{"start":{"line":165,"column":2},"end":{"line":165,"column":47}},"79":{"start":{"line":169,"column":2},"end":{"line":169,"column":54}},"80":{"start":{"line":172,"column":17},"end":{"line":172,"column":48}},"81":{"start":{"line":175,"column":2},"end":{"line":175,"column":28}},"82":{"start":{"line":179,"column":18},"end":{"line":179,"column":37}},"83":{"start":{"line":180,"column":2},"end":{"line":199,"column":5}},"84":{"start":{"line":181,"column":24},"end":{"line":181,"column":52}},"85":{"start":{"line":182,"column":22},"end":{"line":182,"column":46}},"86":{"start":{"line":183,"column":22},"end":{"line":183,"column":46}},"87":{"start":{"line":185,"column":4},"end":{"line":198,"column":5}},"88":{"start":{"line":186,"column":6},"end":{"line":186,"column":44}},"89":{"start":{"line":187,"column":6},"end":{"line":187,"column":64}},"90":{"start":{"line":190,"column":28},"end":{"line":190,"column":66}},"91":{"start":{"line":191,"column":25},"end":{"line":191,"column":79}},"92":{"start":{"line":191,"column":49},"end":{"line":191,"column":78}},"93":{"start":{"line":193,"column":6},"end":{"line":197,"column":7}},"94":{"start":{"line":194,"column":8},"end":{"line":194,"column":72}},"95":{"start":{"line":196,"column":8},"end":{"line":196,"column":77}},"96":{"start":{"line":203,"column":2},"end":{"line":206,"column":3}},"97":{"start":{"line":204,"column":4},"end":{"line":204,"column":74}},"98":{"start":{"line":205,"column":4},"end":{"line":205,"column":11}},"99":{"start":{"line":208,"column":17},"end":{"line":208,"column":55}},"100":{"start":{"line":211,"column":14},"end":{"line":211,"column":90}},"101":{"start":{"line":212,"column":21},"end":{"line":212,"column":57}},"102":{"start":{"line":215,"column":18},"end":{"line":215,"column":54}},"103":{"start":{"line":216,"column":15},"end":{"line":216,"column":34}},"104":{"start":{"line":218,"column":2},"end":{"line":218,"column":47}},"105":{"start":{"line":219,"column":2},"end":{"line":219,"column":62}},"106":{"start":{"line":221,"column":2},"end":{"line":224,"column":3}},"107":{"start":{"line":222,"column":4},"end":{"line":222,"column":89}},"108":{"start":{"line":223,"column":4},"end":{"line":223,"column":60}},"109":{"start":{"line":228,"column":2},"end":{"line":231,"column":3}},"110":{"start":{"line":229,"column":4},"end":{"line":229,"column":74}},"111":{"start":{"line":230,"column":4},"end":{"line":230,"column":11}},"112":{"start":{"line":233,"column":17},"end":{"line":233,"column":81}},"113":{"start":{"line":236,"column":14},"end":{"line":236,"column":90}},"114":{"start":{"line":237,"column":21},"end":{"line":237,"column":57}},"115":{"start":{"line":240,"column":15},"end":{"line":240,"column":58}},"116":{"start":{"line":242,"column":2},"end":{"line":242,"column":60}},"117":{"start":{"line":243,"column":2},"end":{"line":243,"column":62}},"118":{"start":{"line":247,"column":14},"end":{"line":247,"column":42}},"119":{"start":{"line":248,"column":2},"end":{"line":248,"column":48}},"120":{"start":{"line":249,"column":2},"end":{"line":249,"column":19}},"121":{"start":{"line":250,"column":2},"end":{"line":250,"column":96}},"122":{"start":{"line":251,"column":2},"end":{"line":251,"column":77}},"123":{"start":{"line":255,"column":2},"end":{"line":255,"column":47}},"124":{"start":{"line":257,"column":2},"end":{"line":284,"column":3}},"125":{"start":{"line":258,"column":19},"end":{"line":258,"column":50}},"126":{"start":{"line":259,"column":4},"end":{"line":259,"column":45}},"127":{"start":{"line":262,"column":31},"end":{"line":262,"column":33}},"128":{"start":{"line":264,"column":4},"end":{"line":266,"column":5}},"129":{"start":{"line":265,"column":6},"end":{"line":265,"column":72}},"130":{"start":{"line":268,"column":4},"end":{"line":270,"column":5}},"131":{"start":{"line":269,"column":6},"end":{"line":269,"column":51}},"132":{"start":{"line":272,"column":4},"end":{"line":274,"column":5}},"133":{"start":{"line":273,"column":6},"end":{"line":273,"column":81}},"134":{"start":{"line":276,"column":4},"end":{"line":279,"column":5}},"135":{"start":{"line":277,"column":6},"end":{"line":277,"column":46}},"136":{"start":{"line":278,"column":6},"end":{"line":278,"column":54}},"137":{"start":{"line":278,"column":28},"end":{"line":278,"column":52}},"138":{"start":{"line":282,"column":4},"end":{"line":282,"column":56}},"139":{"start":{"line":283,"column":4},"end":{"line":283,"column":25}},"140":{"start":{"line":288,"column":2},"end":{"line":288,"column":62}},"141":{"start":{"line":290,"column":19},"end":{"line":290,"column":41}},"142":{"start":{"line":291,"column":22},"end":{"line":291,"column":24}},"143":{"start":{"line":294,"column":2},"end":{"line":314,"column":3}},"144":{"start":{"line":295,"column":4},"end":{"line":313,"column":5}},"145":{"start":{"line":296,"column":22},"end":{"line":296,"column":53}},"146":{"start":{"line":297,"column":20},"end":{"line":297,"column":39}},"147":{"start":{"line":299,"column":6},"end":{"line":308,"column":7}},"148":{"start":{"line":300,"column":8},"end":{"line":307,"column":9}},"149":{"start":{"line":301,"column":39},"end":{"line":301,"column":54}},"150":{"start":{"line":302,"column":24},"end":{"line":302,"column":51}},"151":{"start":{"line":305,"column":28},"end":{"line":305,"column":64}},"152":{"start":{"line":306,"column":10},"end":{"line":306,"column":51}},"153":{"start":{"line":310,"column":6},"end":{"line":310,"column":36}},"154":{"start":{"line":312,"column":6},"end":{"line":312,"column":48}},"155":{"start":{"line":317,"column":21},"end":{"line":317,"column":67}},"156":{"start":{"line":318,"column":2},"end":{"line":318,"column":48}},"157":{"start":{"line":319,"column":2},"end":{"line":319,"column":66}},"158":{"start":{"line":321,"column":2},"end":{"line":321,"column":61}},"159":{"start":{"line":322,"column":2},"end":{"line":322,"column":36}},"160":{"start":{"line":323,"column":2},"end":{"line":323,"column":57}},"161":{"start":{"line":324,"column":2},"end":{"line":324,"column":48}},"162":{"start":{"line":325,"column":2},"end":{"line":325,"column":54}},"163":{"start":{"line":329,"column":16},"end":{"line":329,"column":31}},"164":{"start":{"line":330,"column":16},"end":{"line":330,"column":19}},"165":{"start":{"line":332,"column":2},"end":{"line":337,"column":3}},"166":{"start":{"line":332,"column":15},"end":{"line":332,"column":16}},"167":{"start":{"line":333,"column":4},"end":{"line":335,"column":5}},"168":{"start":{"line":334,"column":6},"end":{"line":334,"column":29}},"169":{"start":{"line":336,"column":4},"end":{"line":336,"column":32}},"170":{"start":{"line":340,"column":2},"end":{"line":348,"column":3}},"171":{"start":{"line":341,"column":4},"end":{"line":341,"column":44}},"172":{"start":{"line":342,"column":9},"end":{"line":348,"column":3}},"173":{"start":{"line":343,"column":4},"end":{"line":343,"column":45}},"174":{"start":{"line":344,"column":9},"end":{"line":348,"column":3}},"175":{"start":{"line":345,"column":4},"end":{"line":345,"column":59}},"176":{"start":{"line":347,"column":4},"end":{"line":347,"column":45}},"177":{"start":{"line":352,"column":2},"end":{"line":376,"column":3}},"178":{"start":{"line":380,"column":0},"end":{"line":380,"column":28}}},"fnMap":{"0":{"name":"question","decl":{"start":{"line":19,"column":9},"end":{"line":19,"column":17}},"loc":{"start":{"line":19,"column":32},"end":{"line":23,"column":1}}},"1":{"name":"(anonymous_10)","decl":{"start":{"line":20,"column":21},"end":{"line":20,"column":22}},"loc":{"start":{"line":20,"column":33},"end":{"line":22,"column":3}}},"2":{"name":"maskValue","decl":{"start":{"line":25,"column":9},"end":{"line":25,"column":18}},"loc":{"start":{"line":25,"column":55},"end":{"line":30,"column":1}}},"3":{"name":"main","decl":{"start":{"line":32,"column":15},"end":{"line":32,"column":19}},"loc":{"start":{"line":32,"column":19},"end":{"line":90,"column":1}}},"4":{"name":"handleGet","decl":{"start":{"line":92,"column":15},"end":{"line":92,"column":24}},"loc":{"start":{"line":92,"column":67},"end":{"line":118,"column":1}}},"5":{"name":"(anonymous_14)","decl":{"start":{"line":105,"column":42},"end":{"line":105,"column":43}},"loc":{"start":{"line":105,"column":47},"end":{"line":105,"column":76}}},"6":{"name":"handleSet","decl":{"start":{"line":120,"column":15},"end":{"line":120,"column":24}},"loc":{"start":{"line":120,"column":83},"end":{"line":150,"column":1}}},"7":{"name":"(anonymous_16)","decl":{"start":{"line":130,"column":65},"end":{"line":130,"column":66}},"loc":{"start":{"line":130,"column":70},"end":{"line":130,"column":99}}},"8":{"name":"handleDelete","decl":{"start":{"line":152,"column":15},"end":{"line":152,"column":27}},"loc":{"start":{"line":152,"column":70},"end":{"line":166,"column":1}}},"9":{"name":"handleList","decl":{"start":{"line":168,"column":15},"end":{"line":168,"column":25}},"loc":{"start":{"line":168,"column":54},"end":{"line":176,"column":1}}},"10":{"name":"displayConfigTree","decl":{"start":{"line":178,"column":9},"end":{"line":178,"column":26}},"loc":{"start":{"line":178,"column":63},"end":{"line":200,"column":1}}},"11":{"name":"(anonymous_20)","decl":{"start":{"line":180,"column":18},"end":{"line":180,"column":19}},"loc":{"start":{"line":180,"column":42},"end":{"line":199,"column":3}}},"12":{"name":"(anonymous_21)","decl":{"start":{"line":191,"column":44},"end":{"line":191,"column":45}},"loc":{"start":{"line":191,"column":49},"end":{"line":191,"column":78}}},"13":{"name":"handleEncrypt","decl":{"start":{"line":202,"column":15},"end":{"line":202,"column":28}},"loc":{"start":{"line":202,"column":68},"end":{"line":225,"column":1}}},"14":{"name":"handleDecrypt","decl":{"start":{"line":227,"column":15},"end":{"line":227,"column":28}},"loc":{"start":{"line":227,"column":68},"end":{"line":244,"column":1}}},"15":{"name":"handleGenerateKey","decl":{"start":{"line":246,"column":15},"end":{"line":246,"column":32}},"loc":{"start":{"line":246,"column":32},"end":{"line":252,"column":1}}},"16":{"name":"handleValidate","decl":{"start":{"line":254,"column":15},"end":{"line":254,"column":29}},"loc":{"start":{"line":254,"column":58},"end":{"line":285,"column":1}}},"17":{"name":"(anonymous_26)","decl":{"start":{"line":278,"column":23},"end":{"line":278,"column":24}},"loc":{"start":{"line":278,"column":28},"end":{"line":278,"column":52}}},"18":{"name":"handleMigrate","decl":{"start":{"line":287,"column":15},"end":{"line":287,"column":28}},"loc":{"start":{"line":287,"column":28},"end":{"line":326,"column":1}}},"19":{"name":"setNestedValue","decl":{"start":{"line":328,"column":9},"end":{"line":328,"column":23}},"loc":{"start":{"line":328,"column":58},"end":{"line":349,"column":1}}},"20":{"name":"showHelp","decl":{"start":{"line":351,"column":9},"end":{"line":351,"column":17}},"loc":{"start":{"line":351,"column":17},"end":{"line":377,"column":1}}}},"branchMap":{"0":{"loc":{"start":{"line":25,"column":34},"end":{"line":25,"column":55}},"type":"default-arg","locations":[{"start":{"line":25,"column":54},"end":{"line":25,"column":55}}]},"1":{"loc":{"start":{"line":26,"column":2},"end":{"line":28,"column":3}},"type":"if","locations":[{"start":{"line":26,"column":2},"end":{"line":28,"column":3}}]},"2":{"loc":{"start":{"line":35,"column":22},"end":{"line":35,"column":59}},"type":"binary-expr","locations":[{"start":{"line":35,"column":22},"end":{"line":35,"column":42}},{"start":{"line":35,"column":46},"end":{"line":35,"column":59}}]},"3":{"loc":{"start":{"line":44,"column":4},"end":{"line":83,"column":5}},"type":"switch","locations":[{"start":{"line":45,"column":6},"end":{"line":47,"column":14}},{"start":{"line":49,"column":6},"end":{"line":51,"column":14}},{"start":{"line":53,"column":6},"end":{"line":55,"column":14}},{"start":{"line":57,"column":6},"end":{"line":59,"column":14}},{"start":{"line":61,"column":6},"end":{"line":63,"column":14}},{"start":{"line":65,"column":6},"end":{"line":67,"column":14}},{"start":{"line":69,"column":6},"end":{"line":71,"column":14}},{"start":{"line":73,"column":6},"end":{"line":75,"column":14}},{"start":{"line":77,"column":6},"end":{"line":79,"column":14}},{"start":{"line":81,"column":6},"end":{"line":82,"column":19}}]},"4":{"loc":{"start":{"line":93,"column":2},"end":{"line":96,"column":3}},"type":"if","locations":[{"start":{"line":93,"column":2},"end":{"line":96,"column":3}}]},"5":{"loc":{"start":{"line":100,"column":2},"end":{"line":117,"column":3}},"type":"if","locations":[{"start":{"line":100,"column":2},"end":{"line":117,"column":3}},{"start":{"line":102,"column":9},"end":{"line":117,"column":3}}]},"6":{"loc":{"start":{"line":107,"column":4},"end":{"line":116,"column":5}},"type":"if","locations":[{"start":{"line":107,"column":4},"end":{"line":116,"column":5}},{"start":{"line":114,"column":11},"end":{"line":116,"column":5}}]},"7":{"loc":{"start":{"line":107,"column":8},"end":{"line":107,"column":47}},"type":"binary-expr","locations":[{"start":{"line":107,"column":8},"end":{"line":107,"column":18}},{"start":{"line":107,"column":22},"end":{"line":107,"column":47}}]},"8":{"loc":{"start":{"line":111,"column":6},"end":{"line":113,"column":7}},"type":"if","locations":[{"start":{"line":111,"column":6},"end":{"line":113,"column":7}}]},"9":{"loc":{"start":{"line":121,"column":2},"end":{"line":124,"column":3}},"type":"if","locations":[{"start":{"line":121,"column":2},"end":{"line":124,"column":3}}]},"10":{"loc":{"start":{"line":128,"column":2},"end":{"line":139,"column":3}},"type":"if","locations":[{"start":{"line":128,"column":2},"end":{"line":139,"column":3}}]},"11":{"loc":{"start":{"line":132,"column":4},"end":{"line":138,"column":5}},"type":"if","locations":[{"start":{"line":132,"column":4},"end":{"line":138,"column":5}},{"start":{"line":136,"column":11},"end":{"line":138,"column":5}}]},"12":{"loc":{"start":{"line":153,"column":2},"end":{"line":156,"column":3}},"type":"if","locations":[{"start":{"line":153,"column":2},"end":{"line":156,"column":3}}]},"13":{"loc":{"start":{"line":159,"column":2},"end":{"line":162,"column":3}},"type":"if","locations":[{"start":{"line":159,"column":2},"end":{"line":162,"column":3}}]},"14":{"loc":{"start":{"line":178,"column":37},"end":{"line":178,"column":48}},"type":"default-arg","locations":[{"start":{"line":178,"column":46},"end":{"line":178,"column":48}}]},"15":{"loc":{"start":{"line":178,"column":50},"end":{"line":178,"column":63}},"type":"default-arg","locations":[{"start":{"line":178,"column":59},"end":{"line":178,"column":63}}]},"16":{"loc":{"start":{"line":182,"column":22},"end":{"line":182,"column":46}},"type":"cond-expr","locations":[{"start":{"line":182,"column":31},"end":{"line":182,"column":37}},{"start":{"line":182,"column":40},"end":{"line":182,"column":46}}]},"17":{"loc":{"start":{"line":183,"column":22},"end":{"line":183,"column":46}},"type":"cond-expr","locations":[{"start":{"line":183,"column":31},"end":{"line":183,"column":37}},{"start":{"line":183,"column":40},"end":{"line":183,"column":46}}]},"18":{"loc":{"start":{"line":185,"column":4},"end":{"line":198,"column":5}},"type":"if","locations":[{"start":{"line":185,"column":4},"end":{"line":198,"column":5}},{"start":{"line":188,"column":11},"end":{"line":198,"column":5}}]},"19":{"loc":{"start":{"line":185,"column":8},"end":{"line":185,"column":76}},"type":"binary-expr","locations":[{"start":{"line":185,"column":8},"end":{"line":185,"column":33}},{"start":{"line":185,"column":37},"end":{"line":185,"column":51}},{"start":{"line":185,"column":55},"end":{"line":185,"column":76}}]},"20":{"loc":{"start":{"line":193,"column":6},"end":{"line":197,"column":7}},"type":"if","locations":[{"start":{"line":193,"column":6},"end":{"line":197,"column":7}},{"start":{"line":195,"column":13},"end":{"line":197,"column":7}}]},"21":{"loc":{"start":{"line":193,"column":10},"end":{"line":193,"column":49}},"type":"binary-expr","locations":[{"start":{"line":193,"column":10},"end":{"line":193,"column":20}},{"start":{"line":193,"column":24},"end":{"line":193,"column":49}}]},"22":{"loc":{"start":{"line":203,"column":2},"end":{"line":206,"column":3}},"type":"if","locations":[{"start":{"line":203,"column":2},"end":{"line":206,"column":3}}]},"23":{"loc":{"start":{"line":208,"column":17},"end":{"line":208,"column":55}},"type":"binary-expr","locations":[{"start":{"line":208,"column":17},"end":{"line":208,"column":27}},{"start":{"line":208,"column":31},"end":{"line":208,"column":55}}]},"24":{"loc":{"start":{"line":212,"column":40},"end":{"line":212,"column":56}},"type":"binary-expr","locations":[{"start":{"line":212,"column":40},"end":{"line":212,"column":43}},{"start":{"line":212,"column":47},"end":{"line":212,"column":56}}]},"25":{"loc":{"start":{"line":221,"column":2},"end":{"line":224,"column":3}},"type":"if","locations":[{"start":{"line":221,"column":2},"end":{"line":224,"column":3}}]},"26":{"loc":{"start":{"line":228,"column":2},"end":{"line":231,"column":3}},"type":"if","locations":[{"start":{"line":228,"column":2},"end":{"line":231,"column":3}}]},"27":{"loc":{"start":{"line":233,"column":17},"end":{"line":233,"column":81}},"type":"binary-expr","locations":[{"start":{"line":233,"column":17},"end":{"line":233,"column":27}},{"start":{"line":233,"column":31},"end":{"line":233,"column":81}}]},"28":{"loc":{"start":{"line":237,"column":40},"end":{"line":237,"column":56}},"type":"binary-expr","locations":[{"start":{"line":237,"column":40},"end":{"line":237,"column":43}},{"start":{"line":237,"column":47},"end":{"line":237,"column":56}}]},"29":{"loc":{"start":{"line":264,"column":4},"end":{"line":266,"column":5}},"type":"if","locations":[{"start":{"line":264,"column":4},"end":{"line":266,"column":5}}]},"30":{"loc":{"start":{"line":264,"column":8},"end":{"line":264,"column":96}},"type":"binary-expr","locations":[{"start":{"line":264,"column":8},"end":{"line":264,"column":57}},{"start":{"line":264,"column":61},"end":{"line":264,"column":96}}]},"31":{"loc":{"start":{"line":268,"column":4},"end":{"line":270,"column":5}},"type":"if","locations":[{"start":{"line":268,"column":4},"end":{"line":270,"column":5}}]},"32":{"loc":{"start":{"line":268,"column":8},"end":{"line":268,"column":68}},"type":"binary-expr","locations":[{"start":{"line":268,"column":8},"end":{"line":268,"column":39}},{"start":{"line":268,"column":43},"end":{"line":268,"column":68}}]},"33":{"loc":{"start":{"line":272,"column":4},"end":{"line":274,"column":5}},"type":"if","locations":[{"start":{"line":272,"column":4},"end":{"line":274,"column":5}}]},"34":{"loc":{"start":{"line":272,"column":8},"end":{"line":272,"column":70}},"type":"binary-expr","locations":[{"start":{"line":272,"column":8},"end":{"line":272,"column":31}},{"start":{"line":272,"column":35},"end":{"line":272,"column":70}}]},"35":{"loc":{"start":{"line":276,"column":4},"end":{"line":279,"column":5}},"type":"if","locations":[{"start":{"line":276,"column":4},"end":{"line":279,"column":5}}]},"36":{"loc":{"start":{"line":300,"column":8},"end":{"line":307,"column":9}},"type":"if","locations":[{"start":{"line":300,"column":8},"end":{"line":307,"column":9}}]},"37":{"loc":{"start":{"line":300,"column":12},"end":{"line":300,"column":48}},"type":"binary-expr","locations":[{"start":{"line":300,"column":12},"end":{"line":300,"column":23}},{"start":{"line":300,"column":27},"end":{"line":300,"column":48}}]},"38":{"loc":{"start":{"line":333,"column":4},"end":{"line":335,"column":5}},"type":"if","locations":[{"start":{"line":333,"column":4},"end":{"line":335,"column":5}}]},"39":{"loc":{"start":{"line":340,"column":2},"end":{"line":348,"column":3}},"type":"if","locations":[{"start":{"line":340,"column":2},"end":{"line":348,"column":3}},{"start":{"line":342,"column":9},"end":{"line":348,"column":3}}]},"40":{"loc":{"start":{"line":342,"column":9},"end":{"line":348,"column":3}},"type":"if","locations":[{"start":{"line":342,"column":9},"end":{"line":348,"column":3}},{"start":{"line":344,"column":9},"end":{"line":348,"column":3}}]},"41":{"loc":{"start":{"line":344,"column":9},"end":{"line":348,"column":3}},"type":"if","locations":[{"start":{"line":344,"column":9},"end":{"line":348,"column":3}},{"start":{"line":346,"column":9},"end":{"line":348,"column":3}}]},"42":{"loc":{"start":{"line":375,"column":13},"end":{"line":375,"column":50}},"type":"binary-expr","locations":[{"start":{"line":375,"column":13},"end":{"line":375,"column":33}},{"start":{"line":375,"column":37},"end":{"line":375,"column":50}}]}},"s":{"0":0,"1":0,"2":0,"3":0,"4":0,"5":0,"6":0,"7":0,"8":0,"9":0,"10":0,"11":0,"12":0,"13":0,"14":0,"15":0,"16":0,"17":0,"18":0,"19":0,"20":0,"21":0,"22":0,"23":0,"24":0,"25":0,"26":0,"27":0,"28":0,"29":0,"30":0,"31":0,"32":0,"33":0,"34":0,"35":0,"36":0,"37":0,"38":0,"39":0,"40":0,"41":0,"42":0,"43":0,"44":0,"45":0,"46":0,"47":0,"48":0,"49":0,"50":0,"51":0,"52":0,"53":0,"54":0,"55":0,"56":0,"57":0,"58":0,"59":0,"60":0,"61":0,"62":0,"63":0,"64":0,"65":0,"66":0,"67":0,"68":0,"69":0,"70":0,"71":0,"72":0,"73":0,"74":0,"75":0,"76":0,"77":0,"78":0,"79":0,"80":0,"81":0,"82":0,"83":0,"84":0,"85":0,"86":0,"87":0,"88":0,"89":0,"90":0,"91":0,"92":0,"93":0,"94":0,"95":0,"96":0,"97":0,"98":0,"99":0,"100":0,"101":0,"102":0,"103":0,"104":0,"105":0,"106":0,"107":0,"108":0,"109":0,"110":0,"111":0,"112":0,"113":0,"114":0,"115":0,"116":0,"117":0,"118":0,"119":0,"120":0,"121":0,"122":0,"123":0,"124":0,"125":0,"126":0,"127":0,"128":0,"129":0,"130":0,"131":0,"132":0,"133":0,"134":0,"135":0,"136":0,"137":0,"138":0,"139":0,"140":0,"141":0,"142":0,"143":0,"144":0,"145":0,"146":0,"147":0,"148":0,"149":0,"150":0,"151":0,"152":0,"153":0,"154":0,"155":0,"156":0,"157":0,"158":0,"159":0,"160":0,"161":0,"162":0,"163":0,"164":0,"165":0,"166":0,"167":0,"168":0,"169":0,"170":0,"171":0,"172":0,"173":0,"174":0,"175":0,"176":0,"177":0,"178":0},"f":{"0":0,"1":0,"2":0,"3":0,"4":0,"5":0,"6":0,"7":0,"8":0,"9":0,"10":0,"11":0,"12":0,"13":0,"14":0,"15":0,"16":0,"17":0,"18":0,"19":0,"20":0},"b":{"0":[0],"1":[0],"2":[0,0],"3":[0,0,0,0,0,0,0,0,0,0],"4":[0],"5":[0,0],"6":[0,0],"7":[0,0],"8":[0],"9":[0],"10":[0],"11":[0,0],"12":[0],"13":[0],"14":[0],"15":[0],"16":[0,0],"17":[0,0],"18":[0,0],"19":[0,0,0],"20":[0,0],"21":[0,0],"22":[0],"23":[0,0],"24":[0,0],"25":[0],"26":[0],"27":[0,0],"28":[0,0],"29":[0],"30":[0,0],"31":[0],"32":[0,0],"33":[0],"34":[0,0],"35":[0],"36":[0],"37":[0,0],"38":[0],"39":[0,0],"40":[0,0],"41":[0,0],"42":[0,0]}}
,"C:\\Users\\jwsod\\Projects\\Mortgage-Broker-Pro-3.0\\services\\emc2-core\\src\\config\\config.service.ts": {"path":"C:\\Users\\jwsod\\Projects\\Mortgage-Broker-Pro-3.0\\services\\emc2-core\\src\\config\\config.service.ts","statementMap":{"0":{"start":{"line":294,"column":0},"end":{"line":294,"column":16}},"1":{"start":{"line":299,"column":0},"end":{"line":299,"column":16}},"2":{"start":{"line":6,"column":0},"end":{"line":6,"column":84}},"3":{"start":{"line":7,"column":0},"end":{"line":7,"column":63}},"4":{"start":{"line":8,"column":0},"end":{"line":8,"column":61}},"5":{"start":{"line":9,"column":0},"end":{"line":9,"column":71}},"6":{"start":{"line":10,"column":0},"end":{"line":10,"column":41}},"7":{"start":{"line":11,"column":0},"end":{"line":11,"column":29}},"8":{"start":{"line":23,"column":41},"end":{"line":23,"column":43}},"9":{"start":{"line":24,"column":36},"end":{"line":24,"column":45}},"10":{"start":{"line":29,"column":4},"end":{"line":29,"column":84}},"11":{"start":{"line":30,"column":4},"end":{"line":30,"column":38}},"12":{"start":{"line":34,"column":4},"end":{"line":38,"column":5}},"13":{"start":{"line":36,"column":6},"end":{"line":36,"column":41}},"14":{"start":{"line":37,"column":6},"end":{"line":37,"column":13}},"15":{"start":{"line":41,"column":4},"end":{"line":63,"column":5}},"16":{"start":{"line":43,"column":6},"end":{"line":48,"column":8}},"17":{"start":{"line":49,"column":6},"end":{"line":49,"column":51}},"18":{"start":{"line":52,"column":25},"end":{"line":53,"column":77}},"19":{"start":{"line":55,"column":6},"end":{"line":61,"column":8}},"20":{"start":{"line":62,"column":6},"end":{"line":62,"column":51}},"21":{"start":{"line":65,"column":4},"end":{"line":65,"column":122}},"22":{"start":{"line":73,"column":4},"end":{"line":75,"column":5}},"23":{"start":{"line":74,"column":6},"end":{"line":74,"column":33}},"24":{"start":{"line":78,"column":4},"end":{"line":88,"column":5}},"25":{"start":{"line":79,"column":6},"end":{"line":87,"column":7}},"26":{"start":{"line":80,"column":22},"end":{"line":80,"column":48}},"27":{"start":{"line":81,"column":8},"end":{"line":84,"column":9}},"28":{"start":{"line":82,"column":10},"end":{"line":82,"column":37}},"29":{"start":{"line":83,"column":10},"end":{"line":83,"column":23}},"30":{"start":{"line":86,"column":8},"end":{"line":86,"column":61}},"31":{"start":{"line":90,"column":4},"end":{"line":90,"column":21}},"32":{"start":{"line":97,"column":18},"end":{"line":97,"column":40}},"33":{"start":{"line":98,"column":4},"end":{"line":100,"column":5}},"34":{"start":{"line":99,"column":6},"end":{"line":99,"column":67}},"35":{"start":{"line":101,"column":4},"end":{"line":101,"column":17}},"36":{"start":{"line":109,"column":4},"end":{"line":117,"column":5}},"37":{"start":{"line":110,"column":6},"end":{"line":116,"column":7}},"38":{"start":{"line":111,"column":8},"end":{"line":111,"column":39}},"39":{"start":{"line":112,"column":8},"end":{"line":112,"column":35}},"40":{"start":{"line":113,"column":8},"end":{"line":113,"column":15}},"41":{"start":{"line":115,"column":8},"end":{"line":115,"column":61}},"42":{"start":{"line":119,"column":4},"end":{"line":119,"column":68}},"43":{"start":{"line":127,"column":4},"end":{"line":133,"column":5}},"44":{"start":{"line":128,"column":6},"end":{"line":132,"column":7}},"45":{"start":{"line":129,"column":8},"end":{"line":129,"column":35}},"46":{"start":{"line":131,"column":8},"end":{"line":131,"column":64}},"47":{"start":{"line":134,"column":4},"end":{"line":134,"column":27}},"48":{"start":{"line":141,"column":4},"end":{"line":143,"column":5}},"49":{"start":{"line":142,"column":6},"end":{"line":142,"column":25}},"50":{"start":{"line":146,"column":27},"end":{"line":185,"column":6}},"51":{"start":{"line":188,"column":35},"end":{"line":189,"column":83}},"52":{"start":{"line":191,"column":4},"end":{"line":200,"column":5}},"53":{"start":{"line":192,"column":6},"end":{"line":199,"column":8}},"54":{"start":{"line":203,"column":24},"end":{"line":203,"column":106}},"55":{"start":{"line":204,"column":4},"end":{"line":213,"column":5}},"56":{"start":{"line":205,"column":6},"end":{"line":205,"column":46}},"57":{"start":{"line":206,"column":6},"end":{"line":212,"column":8}},"58":{"start":{"line":216,"column":26},"end":{"line":216,"column":94}},"59":{"start":{"line":217,"column":4},"end":{"line":238,"column":5}},"60":{"start":{"line":218,"column":6},"end":{"line":226,"column":8}},"61":{"start":{"line":229,"column":6},"end":{"line":237,"column":7}},"62":{"start":{"line":230,"column":8},"end":{"line":236,"column":10}},"63":{"start":{"line":241,"column":19},"end":{"line":241,"column":55}},"64":{"start":{"line":242,"column":4},"end":{"line":245,"column":5}},"65":{"start":{"line":243,"column":6},"end":{"line":243,"column":69}},"66":{"start":{"line":244,"column":6},"end":{"line":244,"column":72}},"67":{"start":{"line":247,"column":4},"end":{"line":247,"column":30}},"68":{"start":{"line":248,"column":4},"end":{"line":248,"column":23}},"69":{"start":{"line":255,"column":4},"end":{"line":255,"column":23}},"70":{"start":{"line":256,"column":4},"end":{"line":256,"column":28}},"71":{"start":{"line":258,"column":4},"end":{"line":264,"column":5}},"72":{"start":{"line":259,"column":6},"end":{"line":263,"column":7}},"73":{"start":{"line":260,"column":8},"end":{"line":260,"column":33}},"74":{"start":{"line":262,"column":8},"end":{"line":262,"column":55}},"75":{"start":{"line":266,"column":4},"end":{"line":266,"column":43}},"76":{"start":{"line":273,"column":4},"end":{"line":273,"column":28}},"77":{"start":{"line":280,"column":4},"end":{"line":280,"column":45}},"78":{"start":{"line":287,"column":4},"end":{"line":287,"column":46}},"79":{"start":{"line":22,"column":0},"end":{"line":22,"column":13}},"80":{"start":{"line":295,"column":2},"end":{"line":295,"column":45}},"81":{"start":{"line":296,"column":2},"end":{"line":296,"column":23}},"82":{"start":{"line":300,"column":2},"end":{"line":302,"column":3}},"83":{"start":{"line":301,"column":4},"end":{"line":301,"column":93}},"84":{"start":{"line":303,"column":2},"end":{"line":303,"column":23}}},"fnMap":{"0":{"name":"(anonymous_9)","decl":{"start":{"line":28,"column":2},"end":{"line":28,"column":14}},"loc":{"start":{"line":28,"column":48},"end":{"line":31,"column":3}}},"1":{"name":"(anonymous_10)","decl":{"start":{"line":33,"column":10},"end":{"line":33,"column":29}},"loc":{"start":{"line":33,"column":59},"end":{"line":66,"column":3}}},"2":{"name":"(anonymous_11)","decl":{"start":{"line":71,"column":2},"end":{"line":71,"column":7}},"loc":{"start":{"line":71,"column":32},"end":{"line":91,"column":3}}},"3":{"name":"(anonymous_12)","decl":{"start":{"line":96,"column":2},"end":{"line":96,"column":7}},"loc":{"start":{"line":96,"column":40},"end":{"line":102,"column":3}}},"4":{"name":"(anonymous_13)","decl":{"start":{"line":107,"column":2},"end":{"line":107,"column":7}},"loc":{"start":{"line":107,"column":35},"end":{"line":120,"column":3}}},"5":{"name":"(anonymous_14)","decl":{"start":{"line":125,"column":2},"end":{"line":125,"column":7}},"loc":{"start":{"line":125,"column":26},"end":{"line":135,"column":3}}},"6":{"name":"(anonymous_15)","decl":{"start":{"line":140,"column":2},"end":{"line":140,"column":7}},"loc":{"start":{"line":140,"column":17},"end":{"line":249,"column":3}}},"7":{"name":"(anonymous_16)","decl":{"start":{"line":254,"column":2},"end":{"line":254,"column":7}},"loc":{"start":{"line":254,"column":15},"end":{"line":267,"column":3}}},"8":{"name":"(anonymous_17)","decl":{"start":{"line":272,"column":2},"end":{"line":272,"column":16}},"loc":{"start":{"line":272,"column":16},"end":{"line":274,"column":3}}},"9":{"name":"(anonymous_18)","decl":{"start":{"line":279,"column":2},"end":{"line":279,"column":14}},"loc":{"start":{"line":279,"column":14},"end":{"line":281,"column":3}}},"10":{"name":"(anonymous_19)","decl":{"start":{"line":286,"column":2},"end":{"line":286,"column":15}},"loc":{"start":{"line":286,"column":15},"end":{"line":288,"column":3}}},"11":{"name":"initializeConfig","decl":{"start":{"line":294,"column":16},"end":{"line":294,"column":32}},"loc":{"start":{"line":294,"column":63},"end":{"line":297,"column":1}}},"12":{"name":"getConfigService","decl":{"start":{"line":299,"column":16},"end":{"line":299,"column":32}},"loc":{"start":{"line":299,"column":32},"end":{"line":304,"column":1}}}},"branchMap":{"0":{"loc":{"start":{"line":28,"column":14},"end":{"line":28,"column":48}},"type":"default-arg","locations":[{"start":{"line":28,"column":46},"end":{"line":28,"column":48}}]},"1":{"loc":{"start":{"line":29,"column":23},"end":{"line":29,"column":83}},"type":"binary-expr","locations":[{"start":{"line":29,"column":23},"end":{"line":29,"column":42}},{"start":{"line":29,"column":46},"end":{"line":29,"column":66}},{"start":{"line":29,"column":70},"end":{"line":29,"column":83}}]},"2":{"loc":{"start":{"line":34,"column":4},"end":{"line":38,"column":5}},"type":"if","locations":[{"start":{"line":34,"column":4},"end":{"line":38,"column":5}}]},"3":{"loc":{"start":{"line":41,"column":4},"end":{"line":63,"column":5}},"type":"if","locations":[{"start":{"line":41,"column":4},"end":{"line":63,"column":5}},{"start":{"line":50,"column":11},"end":{"line":63,"column":5}}]},"4":{"loc":{"start":{"line":41,"column":8},"end":{"line":41,"column":87}},"type":"binary-expr","locations":[{"start":{"line":41,"column":8},"end":{"line":41,"column":41}},{"start":{"line":41,"column":45},"end":{"line":41,"column":64}},{"start":{"line":41,"column":68},"end":{"line":41,"column":87}}]},"5":{"loc":{"start":{"line":52,"column":25},"end":{"line":53,"column":77}},"type":"binary-expr","locations":[{"start":{"line":52,"column":25},"end":{"line":52,"column":43}},{"start":{"line":53,"column":8},"end":{"line":53,"column":77}}]},"6":{"loc":{"start":{"line":73,"column":4},"end":{"line":75,"column":5}},"type":"if","locations":[{"start":{"line":73,"column":4},"end":{"line":75,"column":5}}]},"7":{"loc":{"start":{"line":81,"column":8},"end":{"line":84,"column":9}},"type":"if","locations":[{"start":{"line":81,"column":8},"end":{"line":84,"column":9}}]},"8":{"loc":{"start":{"line":98,"column":4},"end":{"line":100,"column":5}},"type":"if","locations":[{"start":{"line":98,"column":4},"end":{"line":100,"column":5}}]},"9":{"loc":{"start":{"line":141,"column":4},"end":{"line":143,"column":5}},"type":"if","locations":[{"start":{"line":141,"column":4},"end":{"line":143,"column":5}}]},"10":{"loc":{"start":{"line":149,"column":14},"end":{"line":149,"column":89}},"type":"binary-expr","locations":[{"start":{"line":149,"column":14},"end":{"line":149,"column":45}},{"start":{"line":149,"column":49},"end":{"line":149,"column":74}},{"start":{"line":149,"column":78},"end":{"line":149,"column":89}}]},"11":{"loc":{"start":{"line":150,"column":14},"end":{"line":150,"column":82}},"type":"binary-expr","locations":[{"start":{"line":150,"column":14},"end":{"line":150,"column":45}},{"start":{"line":150,"column":49},"end":{"line":150,"column":74}},{"start":{"line":150,"column":78},"end":{"line":150,"column":82}}]},"12":{"loc":{"start":{"line":151,"column":18},"end":{"line":151,"column":107}},"type":"binary-expr","locations":[{"start":{"line":151,"column":18},"end":{"line":151,"column":53}},{"start":{"line":151,"column":57},"end":{"line":151,"column":82}},{"start":{"line":151,"column":86},"end":{"line":151,"column":107}}]},"13":{"loc":{"start":{"line":152,"column":18},"end":{"line":152,"column":96}},"type":"binary-expr","locations":[{"start":{"line":152,"column":18},"end":{"line":152,"column":53}},{"start":{"line":152,"column":57},"end":{"line":152,"column":82}},{"start":{"line":152,"column":86},"end":{"line":152,"column":96}}]},"14":{"loc":{"start":{"line":153,"column":18},"end":{"line":153,"column":92}},"type":"binary-expr","locations":[{"start":{"line":153,"column":18},"end":{"line":153,"column":53}},{"start":{"line":153,"column":57},"end":{"line":153,"column":86}},{"start":{"line":153,"column":90},"end":{"line":153,"column":92}}]},"15":{"loc":{"start":{"line":154,"column":13},"end":{"line":154,"column":52}},"type":"binary-expr","locations":[{"start":{"line":154,"column":13},"end":{"line":154,"column":43}},{"start":{"line":154,"column":47},"end":{"line":154,"column":52}}]},"16":{"loc":{"start":{"line":155,"column":18},"end":{"line":155,"column":59}},"type":"binary-expr","locations":[{"start":{"line":155,"column":18},"end":{"line":155,"column":53}},{"start":{"line":155,"column":57},"end":{"line":155,"column":59}}]},"17":{"loc":{"start":{"line":158,"column":14},"end":{"line":158,"column":89}},"type":"binary-expr","locations":[{"start":{"line":158,"column":14},"end":{"line":158,"column":42}},{"start":{"line":158,"column":46},"end":{"line":158,"column":74}},{"start":{"line":158,"column":78},"end":{"line":158,"column":89}}]},"18":{"loc":{"start":{"line":159,"column":14},"end":{"line":159,"column":82}},"type":"binary-expr","locations":[{"start":{"line":159,"column":14},"end":{"line":159,"column":42}},{"start":{"line":159,"column":46},"end":{"line":159,"column":74}},{"start":{"line":159,"column":78},"end":{"line":159,"column":82}}]},"19":{"loc":{"start":{"line":160,"column":18},"end":{"line":160,"column":86}},"type":"binary-expr","locations":[{"start":{"line":160,"column":18},"end":{"line":160,"column":50}},{"start":{"line":160,"column":54},"end":{"line":160,"column":86}}]},"20":{"loc":{"start":{"line":161,"column":12},"end":{"line":161,"column":43}},"type":"binary-expr","locations":[{"start":{"line":161,"column":12},"end":{"line":161,"column":38}},{"start":{"line":161,"column":42},"end":{"line":161,"column":43}}]},"21":{"loc":{"start":{"line":162,"column":19},"end":{"line":162,"column":62}},"type":"binary-expr","locations":[{"start":{"line":162,"column":19},"end":{"line":162,"column":52}},{"start":{"line":162,"column":56},"end":{"line":162,"column":62}}]},"22":{"loc":{"start":{"line":165,"column":16},"end":{"line":165,"column":107}},"type":"binary-expr","locations":[{"start":{"line":165,"column":16},"end":{"line":165,"column":44}},{"start":{"line":165,"column":48},"end":{"line":165,"column":76}},{"start":{"line":165,"column":80},"end":{"line":165,"column":107}}]},"23":{"loc":{"start":{"line":166,"column":27},"end":{"line":166,"column":75}},"type":"binary-expr","locations":[{"start":{"line":166,"column":27},"end":{"line":166,"column":66}},{"start":{"line":166,"column":70},"end":{"line":166,"column":75}}]},"24":{"loc":{"start":{"line":167,"column":28},"end":{"line":167,"column":76}},"type":"binary-expr","locations":[{"start":{"line":167,"column":28},"end":{"line":167,"column":68}},{"start":{"line":167,"column":72},"end":{"line":167,"column":76}}]},"25":{"loc":{"start":{"line":168,"column":16},"end":{"line":168,"column":69}},"type":"binary-expr","locations":[{"start":{"line":168,"column":16},"end":{"line":168,"column":44}},{"start":{"line":168,"column":48},"end":{"line":168,"column":69}}]},"26":{"loc":{"start":{"line":171,"column":14},"end":{"line":171,"column":74}},"type":"binary-expr","locations":[{"start":{"line":171,"column":14},"end":{"line":171,"column":40}},{"start":{"line":171,"column":44},"end":{"line":171,"column":66}},{"start":{"line":171,"column":70},"end":{"line":171,"column":74}}]},"27":{"loc":{"start":{"line":172,"column":14},"end":{"line":172,"column":79}},"type":"binary-expr","locations":[{"start":{"line":172,"column":14},"end":{"line":172,"column":40}},{"start":{"line":172,"column":44},"end":{"line":172,"column":66}},{"start":{"line":172,"column":70},"end":{"line":172,"column":79}}]},"28":{"loc":{"start":{"line":173,"column":20},"end":{"line":173,"column":85}},"type":"binary-expr","locations":[{"start":{"line":173,"column":20},"end":{"line":173,"column":52}},{"start":{"line":173,"column":56},"end":{"line":173,"column":85}}]},"29":{"loc":{"start":{"line":175,"column":20},"end":{"line":175,"column":78}},"type":"binary-expr","locations":[{"start":{"line":175,"column":20},"end":{"line":175,"column":60}},{"start":{"line":175,"column":64},"end":{"line":175,"column":78}}]},"30":{"loc":{"start":{"line":176,"column":15},"end":{"line":176,"column":57}},"type":"binary-expr","locations":[{"start":{"line":176,"column":15},"end":{"line":176,"column":50}},{"start":{"line":176,"column":54},"end":{"line":176,"column":57}}]},"31":{"loc":{"start":{"line":178,"column":17},"end":{"line":178,"column":52}},"type":"binary-expr","locations":[{"start":{"line":178,"column":17},"end":{"line":178,"column":46}},{"start":{"line":178,"column":50},"end":{"line":178,"column":52}}]},"32":{"loc":{"start":{"line":181,"column":29},"end":{"line":181,"column":83}},"type":"binary-expr","locations":[{"start":{"line":181,"column":29},"end":{"line":181,"column":75}},{"start":{"line":181,"column":79},"end":{"line":181,"column":83}}]},"33":{"loc":{"start":{"line":182,"column":30},"end":{"line":182,"column":85}},"type":"binary-expr","locations":[{"start":{"line":182,"column":30},"end":{"line":182,"column":77}},{"start":{"line":182,"column":81},"end":{"line":182,"column":85}}]},"34":{"loc":{"start":{"line":183,"column":25},"end":{"line":183,"column":75}},"type":"binary-expr","locations":[{"start":{"line":183,"column":25},"end":{"line":183,"column":67}},{"start":{"line":183,"column":71},"end":{"line":183,"column":75}}]},"35":{"loc":{"start":{"line":188,"column":35},"end":{"line":189,"column":83}},"type":"binary-expr","locations":[{"start":{"line":188,"column":35},"end":{"line":188,"column":83}},{"start":{"line":189,"column":34},"end":{"line":189,"column":83}}]},"36":{"loc":{"start":{"line":191,"column":4},"end":{"line":200,"column":5}},"type":"if","locations":[{"start":{"line":191,"column":4},"end":{"line":200,"column":5}}]},"37":{"loc":{"start":{"line":203,"column":24},"end":{"line":203,"column":106}},"type":"binary-expr","locations":[{"start":{"line":203,"column":24},"end":{"line":203,"column":65}},{"start":{"line":203,"column":69},"end":{"line":203,"column":106}}]},"38":{"loc":{"start":{"line":204,"column":4},"end":{"line":213,"column":5}},"type":"if","locations":[{"start":{"line":204,"column":4},"end":{"line":213,"column":5}}]},"39":{"loc":{"start":{"line":205,"column":24},"end":{"line":205,"column":45}},"type":"binary-expr","locations":[{"start":{"line":205,"column":24},"end":{"line":205,"column":39}},{"start":{"line":205,"column":43},"end":{"line":205,"column":45}}]},"40":{"loc":{"start":{"line":211,"column":28},"end":{"line":211,"column":88}},"type":"binary-expr","locations":[{"start":{"line":211,"column":28},"end":{"line":211,"column":79}},{"start":{"line":211,"column":83},"end":{"line":211,"column":88}}]},"41":{"loc":{"start":{"line":216,"column":26},"end":{"line":216,"column":94}},"type":"binary-expr","locations":[{"start":{"line":216,"column":26},"end":{"line":216,"column":58}},{"start":{"line":216,"column":62},"end":{"line":216,"column":94}}]},"42":{"loc":{"start":{"line":217,"column":4},"end":{"line":238,"column":5}},"type":"if","locations":[{"start":{"line":217,"column":4},"end":{"line":238,"column":5}}]},"43":{"loc":{"start":{"line":220,"column":16},"end":{"line":220,"column":81}},"type":"binary-expr","locations":[{"start":{"line":220,"column":16},"end":{"line":220,"column":46}},{"start":{"line":220,"column":50},"end":{"line":220,"column":81}}]},"44":{"loc":{"start":{"line":221,"column":16},"end":{"line":221,"column":80}},"type":"binary-expr","locations":[{"start":{"line":221,"column":16},"end":{"line":221,"column":46}},{"start":{"line":221,"column":50},"end":{"line":221,"column":80}}]},"45":{"loc":{"start":{"line":223,"column":16},"end":{"line":223,"column":111}},"type":"binary-expr","locations":[{"start":{"line":223,"column":16},"end":{"line":223,"column":49}},{"start":{"line":223,"column":53},"end":{"line":223,"column":86}},{"start":{"line":223,"column":90},"end":{"line":223,"column":111}}]},"46":{"loc":{"start":{"line":224,"column":17},"end":{"line":224,"column":114}},"type":"binary-expr","locations":[{"start":{"line":224,"column":17},"end":{"line":224,"column":51}},{"start":{"line":224,"column":55},"end":{"line":224,"column":89}},{"start":{"line":224,"column":93},"end":{"line":224,"column":114}}]},"47":{"loc":{"start":{"line":229,"column":6},"end":{"line":237,"column":7}},"type":"if","locations":[{"start":{"line":229,"column":6},"end":{"line":237,"column":7}}]},"48":{"loc":{"start":{"line":231,"column":16},"end":{"line":231,"column":80}},"type":"binary-expr","locations":[{"start":{"line":231,"column":16},"end":{"line":231,"column":49}},{"start":{"line":231,"column":53},"end":{"line":231,"column":80}}]},"49":{"loc":{"start":{"line":232,"column":16},"end":{"line":232,"column":87}},"type":"binary-expr","locations":[{"start":{"line":232,"column":16},"end":{"line":232,"column":49}},{"start":{"line":232,"column":53},"end":{"line":232,"column":80}},{"start":{"line":232,"column":84},"end":{"line":232,"column":87}}]},"50":{"loc":{"start":{"line":233,"column":18},"end":{"line":233,"column":95}},"type":"binary-expr","locations":[{"start":{"line":233,"column":18},"end":{"line":233,"column":53}},{"start":{"line":233,"column":57},"end":{"line":233,"column":86}},{"start":{"line":233,"column":90},"end":{"line":233,"column":95}}]},"51":{"loc":{"start":{"line":234,"column":20},"end":{"line":234,"column":92}},"type":"binary-expr","locations":[{"start":{"line":234,"column":20},"end":{"line":234,"column":57}},{"start":{"line":234,"column":61},"end":{"line":234,"column":92}}]},"52":{"loc":{"start":{"line":235,"column":20},"end":{"line":235,"column":92}},"type":"binary-expr","locations":[{"start":{"line":235,"column":20},"end":{"line":235,"column":57}},{"start":{"line":235,"column":61},"end":{"line":235,"column":92}}]},"53":{"loc":{"start":{"line":242,"column":4},"end":{"line":245,"column":5}},"type":"if","locations":[{"start":{"line":242,"column":4},"end":{"line":245,"column":5}}]},"54":{"loc":{"start":{"line":300,"column":2},"end":{"line":302,"column":3}},"type":"if","locations":[{"start":{"line":300,"column":2},"end":{"line":302,"column":3}}]}},"s":{"0":0,"1":0,"2":0,"3":0,"4":0,"5":0,"6":0,"7":0,"8":0,"9":0,"10":0,"11":0,"12":0,"13":0,"14":0,"15":0,"16":0,"17":0,"18":0,"19":0,"20":0,"21":0,"22":0,"23":0,"24":0,"25":0,"26":0,"27":0,"28":0,"29":0,"30":0,"31":0,"32":0,"33":0,"34":0,"35":0,"36":0,"37":0,"38":0,"39":0,"40":0,"41":0,"42":0,"43":0,"44":0,"45":0,"46":0,"47":0,"48":0,"49":0,"50":0,"51":0,"52":0,"53":0,"54":0,"55":0,"56":0,"57":0,"58":0,"59":0,"60":0,"61":0,"62":0,"63":0,"64":0,"65":0,"66":0,"67":0,"68":0,"69":0,"70":0,"71":0,"72":0,"73":0,"74":0,"75":0,"76":0,"77":0,"78":0,"79":0,"80":0,"81":0,"82":0,"83":0,"84":0},"f":{"0":0,"1":0,"2":0,"3":0,"4":0,"5":0,"6":0,"7":0,"8":0,"9":0,"10":0,"11":0,"12":0},"b":{"0":[0],"1":[0,0,0],"2":[0],"3":[0,0],"4":[0,0,0],"5":[0,0],"6":[0],"7":[0],"8":[0],"9":[0],"10":[0,0,0],"11":[0,0,0],"12":[0,0,0],"13":[0,0,0],"14":[0,0,0],"15":[0,0],"16":[0,0],"17":[0,0,0],"18":[0,0,0],"19":[0,0],"20":[0,0],"21":[0,0],"22":[0,0,0],"23":[0,0],"24":[0,0],"25":[0,0],"26":[0,0,0],"27":[0,0,0],"28":[0,0],"29":[0,0],"30":[0,0],"31":[0,0],"32":[0,0],"33":[0,0],"34":[0,0],"35":[0,0],"36":[0],"37":[0,0],"38":[0],"39":[0,0],"40":[0,0],"41":[0,0],"42":[0],"43":[0,0],"44":[0,0],"45":[0,0,0],"46":[0,0,0],"47":[0],"48":[0,0],"49":[0,0,0],"50":[0,0,0],"51":[0,0],"52":[0,0],"53":[0],"54":[0]}}
,"C:\\Users\\jwsod\\Projects\\Mortgage-Broker-Pro-3.0\\services\\emc2-core\\src\\config\\email.ts": {"path":"C:\\Users\\jwsod\\Projects\\Mortgage-Broker-Pro-3.0\\services\\emc2-core\\src\\config\\email.ts","statementMap":{"0":{"start":{"line":72,"column":0},"end":{"line":72,"column":16}},"1":{"start":{"line":39,"column":13},"end":{"line":69,"column":2}},"2":{"start":{"line":73,"column":27},"end":{"line":73,"column":29}},"3":{"start":{"line":75,"column":2},"end":{"line":77,"column":3}},"4":{"start":{"line":76,"column":4},"end":{"line":76,"column":41}},"5":{"start":{"line":79,"column":2},"end":{"line":81,"column":3}},"6":{"start":{"line":80,"column":4},"end":{"line":80,"column":64}},"7":{"start":{"line":83,"column":2},"end":{"line":86,"column":4}}},"fnMap":{"0":{"name":"validateEmailConfig","decl":{"start":{"line":72,"column":16},"end":{"line":72,"column":35}},"loc":{"start":{"line":72,"column":35},"end":{"line":87,"column":1}}}},"branchMap":{"0":{"loc":{"start":{"line":41,"column":10},"end":{"line":41,"column":51}},"type":"binary-expr","locations":[{"start":{"line":41,"column":10},"end":{"line":41,"column":31}},{"start":{"line":41,"column":35},"end":{"line":41,"column":51}}]},"1":{"loc":{"start":{"line":42,"column":19},"end":{"line":42,"column":49}},"type":"binary-expr","locations":[{"start":{"line":42,"column":19},"end":{"line":42,"column":40}},{"start":{"line":42,"column":44},"end":{"line":42,"column":49}}]},"2":{"loc":{"start":{"line":45,"column":12},"end":{"line":45,"column":39}},"type":"binary-expr","locations":[{"start":{"line":45,"column":12},"end":{"line":45,"column":33}},{"start":{"line":45,"column":37},"end":{"line":45,"column":39}}]},"3":{"loc":{"start":{"line":46,"column":12},"end":{"line":46,"column":39}},"type":"binary-expr","locations":[{"start":{"line":46,"column":12},"end":{"line":46,"column":33}},{"start":{"line":46,"column":37},"end":{"line":46,"column":39}}]},"4":{"loc":{"start":{"line":54,"column":10},"end":{"line":54,"column":91}},"type":"binary-expr","locations":[{"start":{"line":54,"column":10},"end":{"line":54,"column":32}},{"start":{"line":54,"column":36},"end":{"line":54,"column":91}}]},"5":{"loc":{"start":{"line":55,"column":13},"end":{"line":55,"column":74}},"type":"binary-expr","locations":[{"start":{"line":55,"column":13},"end":{"line":55,"column":39}},{"start":{"line":55,"column":43},"end":{"line":55,"column":74}}]},"6":{"loc":{"start":{"line":62,"column":12},"end":{"line":62,"column":49}},"type":"binary-expr","locations":[{"start":{"line":62,"column":12},"end":{"line":62,"column":34}},{"start":{"line":62,"column":38},"end":{"line":62,"column":49}}]},"7":{"loc":{"start":{"line":63,"column":21},"end":{"line":63,"column":53}},"type":"binary-expr","locations":[{"start":{"line":63,"column":21},"end":{"line":63,"column":43}},{"start":{"line":63,"column":47},"end":{"line":63,"column":53}}]},"8":{"loc":{"start":{"line":75,"column":2},"end":{"line":77,"column":3}},"type":"if","locations":[{"start":{"line":75,"column":2},"end":{"line":77,"column":3}}]},"9":{"loc":{"start":{"line":79,"column":2},"end":{"line":81,"column":3}},"type":"if","locations":[{"start":{"line":79,"column":2},"end":{"line":81,"column":3}}]},"10":{"loc":{"start":{"line":79,"column":6},"end":{"line":79,"column":64}},"type":"binary-expr","locations":[{"start":{"line":79,"column":6},"end":{"line":79,"column":33}},{"start":{"line":79,"column":37},"end":{"line":79,"column":64}}]}},"s":{"0":2,"1":2,"2":0,"3":0,"4":0,"5":0,"6":0,"7":0},"f":{"0":0},"b":{"0":[2,2],"1":[2,2],"2":[2,2],"3":[2,2],"4":[2,2],"5":[2,2],"6":[2,2],"7":[2,2],"8":[0],"9":[0],"10":[0,0]}}
,"C:\\Users\\jwsod\\Projects\\Mortgage-Broker-Pro-3.0\\services\\emc2-core\\src\\config\\init.ts": {"path":"C:\\Users\\jwsod\\Projects\\Mortgage-Broker-Pro-3.0\\services\\emc2-core\\src\\config\\init.ts","statementMap":{"0":{"start":{"line":16,"column":0},"end":{"line":16,"column":7}},"1":{"start":{"line":47,"column":0},"end":{"line":47,"column":16}},"2":{"start":{"line":58,"column":0},"end":{"line":58,"column":7}},"3":{"start":{"line":70,"column":0},"end":{"line":70,"column":7}},"4":{"start":{"line":79,"column":0},"end":{"line":79,"column":7}},"5":{"start":{"line":6,"column":0},"end":{"line":6,"column":70}},"6":{"start":{"line":8,"column":0},"end":{"line":8,"column":41}},"7":{"start":{"line":10,"column":34},"end":{"line":10,"column":38}},"8":{"start":{"line":17,"column":2},"end":{"line":40,"column":3}},"9":{"start":{"line":18,"column":4},"end":{"line":18,"column":61}},"10":{"start":{"line":21,"column":26},"end":{"line":26,"column":6}},"11":{"start":{"line":29,"column":4},"end":{"line":29,"column":48}},"12":{"start":{"line":31,"column":4},"end":{"line":31,"column":81}},"13":{"start":{"line":34,"column":4},"end":{"line":34,"column":54}},"14":{"start":{"line":36,"column":4},"end":{"line":36,"column":21}},"15":{"start":{"line":38,"column":4},"end":{"line":38,"column":63}},"16":{"start":{"line":39,"column":4},"end":{"line":39,"column":69}},"17":{"start":{"line":48,"column":2},"end":{"line":50,"column":3}},"18":{"start":{"line":49,"column":4},"end":{"line":49,"column":88}},"19":{"start":{"line":51,"column":2},"end":{"line":51,"column":19}},"20":{"start":{"line":59,"column":24},"end":{"line":59,"column":42}},"21":{"start":{"line":60,"column":2},"end":{"line":60,"column":32}},"22":{"start":{"line":61,"column":2},"end":{"line":61,"column":46}},"23":{"start":{"line":62,"column":2},"end":{"line":62,"column":40}},"24":{"start":{"line":63,"column":2},"end":{"line":63,"column":19}},"25":{"start":{"line":71,"column":24},"end":{"line":71,"column":42}},"26":{"start":{"line":72,"column":2},"end":{"line":72,"column":35}},"27":{"start":{"line":80,"column":24},"end":{"line":80,"column":42}},"28":{"start":{"line":81,"column":2},"end":{"line":81,"column":43}}},"fnMap":{"0":{"name":"initializeAppConfig","decl":{"start":{"line":16,"column":22},"end":{"line":16,"column":41}},"loc":{"start":{"line":16,"column":41},"end":{"line":41,"column":1}}},"1":{"name":"getAppConfig","decl":{"start":{"line":47,"column":16},"end":{"line":47,"column":28}},"loc":{"start":{"line":47,"column":28},"end":{"line":52,"column":1}}},"2":{"name":"reloadConfig","decl":{"start":{"line":58,"column":22},"end":{"line":58,"column":34}},"loc":{"start":{"line":58,"column":34},"end":{"line":64,"column":1}}},"3":{"name":"getConfigValue","decl":{"start":{"line":70,"column":22},"end":{"line":70,"column":36}},"loc":{"start":{"line":70,"column":57},"end":{"line":73,"column":1}}},"4":{"name":"getRequiredConfigValue","decl":{"start":{"line":79,"column":22},"end":{"line":79,"column":44}},"loc":{"start":{"line":79,"column":65},"end":{"line":82,"column":1}}}},"branchMap":{"0":{"loc":{"start":{"line":48,"column":2},"end":{"line":50,"column":3}},"type":"if","locations":[{"start":{"line":48,"column":2},"end":{"line":50,"column":3}}]}},"s":{"0":0,"1":0,"2":0,"3":0,"4":0,"5":0,"6":0,"7":0,"8":0,"9":0,"10":0,"11":0,"12":0,"13":0,"14":0,"15":0,"16":0,"17":0,"18":0,"19":0,"20":0,"21":0,"22":0,"23":0,"24":0,"25":0,"26":0,"27":0,"28":0},"f":{"0":0,"1":0,"2":0,"3":0,"4":0},"b":{"0":[0]}}
,"C:\\Users\\jwsod\\Projects\\Mortgage-Broker-Pro-3.0\\services\\emc2-core\\src\\config\\security.ts": {"path":"C:\\Users\\jwsod\\Projects\\Mortgage-Broker-Pro-3.0\\services\\emc2-core\\src\\config\\security.ts","statementMap":{"0":{"start":{"line":7,"column":13},"end":{"line":185,"column":2}},"1":{"start":{"line":188,"column":13},"end":{"line":227,"column":2}}},"fnMap":{},"branchMap":{"0":{"loc":{"start":{"line":10,"column":12},"end":{"line":10,"column":76}},"type":"binary-expr","locations":[{"start":{"line":10,"column":12},"end":{"line":10,"column":47}},{"start":{"line":10,"column":51},"end":{"line":10,"column":76}}]},"1":{"loc":{"start":{"line":21,"column":20},"end":{"line":21,"column":58}},"type":"binary-expr","locations":[{"start":{"line":21,"column":20},"end":{"line":21,"column":49}},{"start":{"line":21,"column":53},"end":{"line":21,"column":58}}]},"2":{"loc":{"start":{"line":26,"column":22},"end":{"line":26,"column":57}},"type":"binary-expr","locations":[{"start":{"line":26,"column":22},"end":{"line":26,"column":50}},{"start":{"line":26,"column":54},"end":{"line":26,"column":57}}]},"3":{"loc":{"start":{"line":30,"column":22},"end":{"line":30,"column":60}},"type":"binary-expr","locations":[{"start":{"line":30,"column":22},"end":{"line":30,"column":53}},{"start":{"line":30,"column":57},"end":{"line":30,"column":60}}]},"4":{"loc":{"start":{"line":34,"column":22},"end":{"line":34,"column":66}},"type":"binary-expr","locations":[{"start":{"line":34,"column":22},"end":{"line":34,"column":59}},{"start":{"line":34,"column":63},"end":{"line":34,"column":66}}]},"5":{"loc":{"start":{"line":40,"column":22},"end":{"line":40,"column":58}},"type":"binary-expr","locations":[{"start":{"line":40,"column":22},"end":{"line":40,"column":48}},{"start":{"line":40,"column":52},"end":{"line":40,"column":58}}]},"6":{"loc":{"start":{"line":44,"column":22},"end":{"line":44,"column":66}},"type":"binary-expr","locations":[{"start":{"line":44,"column":22},"end":{"line":44,"column":56}},{"start":{"line":44,"column":60},"end":{"line":44,"column":66}}]},"7":{"loc":{"start":{"line":52,"column":12},"end":{"line":52,"column":65}},"type":"binary-expr","locations":[{"start":{"line":52,"column":12},"end":{"line":52,"column":34}},{"start":{"line":52,"column":38},"end":{"line":52,"column":65}}]},"8":{"loc":{"start":{"line":53,"column":23},"end":{"line":53,"column":61}},"type":"binary-expr","locations":[{"start":{"line":53,"column":23},"end":{"line":53,"column":52}},{"start":{"line":53,"column":56},"end":{"line":53,"column":61}}]},"9":{"loc":{"start":{"line":54,"column":24},"end":{"line":54,"column":63}},"type":"binary-expr","locations":[{"start":{"line":54,"column":24},"end":{"line":54,"column":54}},{"start":{"line":54,"column":58},"end":{"line":54,"column":63}}]},"10":{"loc":{"start":{"line":61,"column":24},"end":{"line":61,"column":63}},"type":"binary-expr","locations":[{"start":{"line":61,"column":24},"end":{"line":61,"column":55}},{"start":{"line":61,"column":59},"end":{"line":61,"column":63}}]},"11":{"loc":{"start":{"line":67,"column":27},"end":{"line":67,"column":68}},"type":"binary-expr","locations":[{"start":{"line":67,"column":27},"end":{"line":67,"column":61}},{"start":{"line":67,"column":65},"end":{"line":67,"column":68}}]},"12":{"loc":{"start":{"line":68,"column":21},"end":{"line":68,"column":62}},"type":"binary-expr","locations":[{"start":{"line":68,"column":21},"end":{"line":68,"column":54}},{"start":{"line":68,"column":58},"end":{"line":68,"column":62}}]},"13":{"loc":{"start":{"line":69,"column":27},"end":{"line":69,"column":60}},"type":"binary-expr","locations":[{"start":{"line":69,"column":27},"end":{"line":69,"column":52}},{"start":{"line":69,"column":56},"end":{"line":69,"column":60}}]},"14":{"loc":{"start":{"line":74,"column":28},"end":{"line":74,"column":70}},"type":"binary-expr","locations":[{"start":{"line":74,"column":28},"end":{"line":74,"column":63}},{"start":{"line":74,"column":67},"end":{"line":74,"column":70}}]},"15":{"loc":{"start":{"line":75,"column":22},"end":{"line":75,"column":65}},"type":"binary-expr","locations":[{"start":{"line":75,"column":22},"end":{"line":75,"column":57}},{"start":{"line":75,"column":61},"end":{"line":75,"column":65}}]},"16":{"loc":{"start":{"line":98,"column":25},"end":{"line":98,"column":65}},"type":"binary-expr","locations":[{"start":{"line":98,"column":25},"end":{"line":98,"column":58}},{"start":{"line":98,"column":62},"end":{"line":98,"column":65}}]},"17":{"loc":{"start":{"line":129,"column":22},"end":{"line":129,"column":63}},"type":"binary-expr","locations":[{"start":{"line":129,"column":22},"end":{"line":129,"column":49}},{"start":{"line":129,"column":53},"end":{"line":129,"column":63}}]},"18":{"loc":{"start":{"line":142,"column":20},"end":{"line":142,"column":68}},"type":"binary-expr","locations":[{"start":{"line":142,"column":20},"end":{"line":142,"column":47}},{"start":{"line":142,"column":51},"end":{"line":142,"column":68}}]},"19":{"loc":{"start":{"line":148,"column":14},"end":{"line":148,"column":51}},"type":"binary-expr","locations":[{"start":{"line":148,"column":14},"end":{"line":148,"column":41}},{"start":{"line":148,"column":45},"end":{"line":148,"column":51}}]},"20":{"loc":{"start":{"line":149,"column":28},"end":{"line":149,"column":68}},"type":"binary-expr","locations":[{"start":{"line":149,"column":28},"end":{"line":149,"column":60}},{"start":{"line":149,"column":64},"end":{"line":149,"column":68}}]},"21":{"loc":{"start":{"line":150,"column":17},"end":{"line":150,"column":56}},"type":"binary-expr","locations":[{"start":{"line":150,"column":17},"end":{"line":150,"column":42}},{"start":{"line":150,"column":46},"end":{"line":150,"column":56}}]},"22":{"loc":{"start":{"line":169,"column":25},"end":{"line":169,"column":70}},"type":"binary-expr","locations":[{"start":{"line":169,"column":25},"end":{"line":169,"column":58}},{"start
[...]
53,"column":null}},"32":{"start":{"line":54,"column":2},"end":{"line":54,"column":null}},"33":{"start":{"line":57,"column":2},"end":{"line":57,"column":null}},"34":{"start":{"line":58,"column":2},"end":{"line":58,"column":null}},"35":{"start":{"line":59,"column":2},"end":{"line":59,"column":null}},"36":{"start":{"line":60,"column":2},"end":{"line":60,"column":null}},"37":{"start":{"line":63,"column":2},"end":{"line":63,"column":null}},"38":{"start":{"line":64,"column":2},"end":{"line":64,"column":null}},"39":{"start":{"line":65,"column":2},"end":{"line":65,"column":null}},"40":{"start":{"line":68,"column":2},"end":{"line":68,"column":null}},"41":{"start":{"line":69,"column":2},"end":{"line":69,"column":null}},"42":{"start":{"line":70,"column":2},"end":{"line":70,"column":null}},"43":{"start":{"line":71,"column":2},"end":{"line":71,"column":null}},"44":{"start":{"line":72,"column":2},"end":{"line":72,"column":null}},"45":{"start":{"line":73,"column":2},"end":{"line":73,"column":null}},"46":{"start":{"line":80,"column":2},"end":{"line":136,"column":5}},"47":{"start":{"line":81,"column":4},"end":{"line":135,"column":5}},"48":{"start":{"line":82,"column":37},"end":{"line":89,"column":8}},"49":{"start":{"line":92,"column":6},"end":{"line":98,"column":9}},"50":{"start":{"line":101,"column":22},"end":{"line":104,"column":8}},"51":{"start":{"line":106,"column":6},"end":{"line":116,"column":7}},"52":{"start":{"line":108,"column":10},"end":{"line":108,"column":55}},"53":{"start":{"line":110,"column":10},"end":{"line":110,"column":16}},"54":{"start":{"line":112,"column":10},"end":{"line":112,"column":54}},"55":{"start":{"line":113,"column":10},"end":{"line":113,"column":16}},"56":{"start":{"line":115,"column":10},"end":{"line":115,"column":54}},"57":{"start":{"line":119,"column":6},"end":{"line":121,"column":7}},"58":{"start":{"line":120,"column":8},"end":{"line":120,"column":42}},"59":{"start":{"line":123,"column":6},"end":{"line":123,"column":50}},"60":{"start":{"line":125,"column":6},"end":{"line":125,"column":43}},"61":{"start":{"line":126,"column":6},"end":{"line":126,"column":53}},"62":{"start":{"line":129,"column":6},"end":{"line":132,"column":9}},"63":{"start":{"line":134,"column":6},"end":{"line":134,"column":17}},"64":{"start":{"line":143,"column":25},"end":{"line":150,"column":4}},"65":{"start":{"line":152,"column":24},"end":{"line":160,"column":4}},"66":{"start":{"line":162,"column":2},"end":{"line":164,"column":3}},"67":{"start":{"line":163,"column":4},"end":{"line":163,"column":22}},"68":{"start":{"line":166,"column":2},"end":{"line":168,"column":3}},"69":{"start":{"line":167,"column":4},"end":{"line":167,"column":21}},"70":{"start":{"line":170,"column":2},"end":{"line":170,"column":16}},"71":{"start":{"line":183,"column":2},"end":{"line":185,"column":3}},"72":{"start":{"line":184,"column":4},"end":{"line":184,"column":76}},"73":{"start":{"line":192,"column":2},"end":{"line":206,"column":4}},"74":{"start":{"line":218,"column":18},"end":{"line":218,"column":46}},"75":{"start":{"line":219,"column":2},"end":{"line":225,"column":5}},"76":{"start":{"line":227,"column":2},"end":{"line":242,"column":3}},"77":{"start":{"line":228,"column":27},"end":{"line":228,"column":55}},"78":{"start":{"line":229,"column":4},"end":{"line":233,"column":7}},"79":{"start":{"line":235,"column":27},"end":{"line":235,"column":55}},"80":{"start":{"line":236,"column":4},"end":{"line":241,"column":7}},"81":{"start":{"line":255,"column":18},"end":{"line":255,"column":52}},"82":{"start":{"line":256,"column":2},"end":{"line":266,"column":5}},"83":{"start":{"line":278,"column":18},"end":{"line":278,"column":52}},"84":{"start":{"line":279,"column":2},"end":{"line":289,"column":5}},"85":{"start":{"line":300,"column":18},"end":{"line":300,"column":46}},"86":{"start":{"line":301,"column":2},"end":{"line":310,"column":5}},"87":{"start":{"line":332,"column":2},"end":{"line":336,"column":4}},"88":{"start":{"line":353,"column":2},"end":{"line":357,"column":4}}},"fnMap":{"0":{"name":"(anonymous_0)","decl":{"start":{"line":29,"column":0},"end":{"line":29,"column":12}},"loc":{"start":{"line":29,"column":29},"end":{"line":74,"column":1}}},"1":{"name":"logSecurityEvent","decl":{"start":{"line":79,"column":22},"end":{"line":79,"column":38}},"loc":{"start":{"line":79,"column":65},"end":{"line":137,"column":1}}},"2":{"name":"(anonymous_2)","decl":{"start":{"line":80,"column":50},"end":{"line":80,"column":55}},"loc":{"start":{"line":80,"column":65},"end":{"line":136,"column":3}}},"3":{"name":"determineSeverity","decl":{"start":{"line":142,"column":9},"end":{"line":142,"column":26}},"loc":{"start":{"line":142,"column":55},"end":{"line":171,"column":1}}},"4":{"name":"storeAuditEvent","decl":{"start":{"line":176,"column":15},"end":{"line":176,"column":30}},"loc":{"start":{"line":176,"column":48},"end":{"line":186,"column":1}}},"5":{"name":"extractAuditContext","decl":{"start":{"line":191,"column":16},"end":{"line":191,"column":35}},"loc":{"start":{"line":191,"column":72},"end":{"line":207,"column":1}}},"6":{"name":"auditLoginAttempt","decl":{"start":{"line":212,"column":22},"end":{"line":212,"column":39}},"loc":{"start":{"line":216,"column":17},"end":{"line":243,"column":1}}},"7":{"name":"auditAccessControl","decl":{"start":{"line":248,"column":22},"end":{"line":248,"column":40}},"loc":{"start":{"line":253,"column":13},"end":{"line":267,"column":1}}},"8":{"name":"auditSensitiveDataAccess","decl":{"start":{"line":272,"column":22},"end":{"line":272,"column":46}},"loc":{"start":{"line":276,"column":13},"end":{"line":290,"column":1}}},"9":{"name":"auditSecurityViolation","decl":{"start":{"line":295,"column":22},"end":{"line":295,"column":44}},"loc":{"start":{"line":298,"column":30},"end":{"line":311,"column":1}}},"10":{"name":"generateAuditReport","decl":{"start":{"line":316,"column":22},"end":{"line":316,"column":41}},"loc":{"start":{"line":323,"column":3},"end":{"line":337,"column":1}}},"11":{"name":"generateComplianceReport","decl":{"start":{"line":342,"column":22},"end":{"line":342,"column":46}},"loc":{"start":{"line":344,"column":37},"end":{"line":358,"column":1}}}},"branchMap":{"0":{"loc":{"start":{"line":29,"column":12},"end":{"line":29,"column":null}},"type":"binary-expr","locations":[{"start":{"line":29,"column":12},"end":{"line":29,"column":29}},{"start":{"line":29,"column":29},"end":{"line":29,"column":null}}]},"1":{"loc":{"start":{"line":85,"column":18},"end":{"line":85,"column":71}},"type":"binary-expr","locations":[{"start":{"line":85,"column":18},"end":{"line":85,"column":32}},{"start":{"line":85,"column":36},"end":{"line":85,"column":71}}]},"2":{"loc":{"start":{"line":86,"column":17},"end":{"line":86,"column":43}},"type":"binary-expr","locations":[{"start":{"line":86,"column":17},"end":{"line":86,"column":30}},{"start":{"line":86,"column":34},"end":{"line":86,"column":43}}]},"3":{"loc":{"start":{"line":87,"column":17},"end":{"line":87,"column":36}},"type":"binary-expr","locations":[{"start":{"line":87,"column":17},"end":{"line":87,"column":30}},{"start":{"line":87,"column":34},"end":{"line":87,"column":36}}]},"4":{"loc":{"start":{"line":96,"column":25},"end":{"line":96,"column":57}},"type":"binary-expr","locations":[{"start":{"line":96,"column":25},"end":{"line":96,"column":42}},{"start":{"line":96,"column":46},"end":{"line":96,"column":57}}]},"5":{"loc":{"start":{"line":97,"column":20},"end":{"line":97,"column":46}},"type":"binary-expr","locations":[{"start":{"line":97,"column":20},"end":{"line":97,"column":33}},{"start":{"line":97,"column":37},"end":{"line":97,"column":46}}]},"6":{"loc":{"start":{"line":106,"column":6},"end":{"line":116,"column":7}},"type":"switch","locations":[{"start":{"line":107,"column":8},"end":{"line":110,"column":16}},{"start":{"line":111,"column":8},"end":{"line":113,"column":16}},{"start":{"line":114,"column":8},"end":{"line":115,"column":54}}]},"7":{"loc":{"start":{"line":119,"column":6},"end":{"line":121,"column":7}},"type":"if","locations":[{"start":{"line":119,"column":6},"end":{"line":121,"column":7}}]},"8":{"loc":{"start":{"line":162,"column":2},"end":{"line":164,"column":3}},"type":"if","locations":[{"start":{"line":162,"column":2},"end":{"line":164,"column":3}}]},"9":{"loc":{"start":{"line":166,"column":2},"end":{"line":168,"column":3}},"type":"if","locations":[{"start":{"line":166,"column":2},"end":{"line":168,"column":3}}]},"10":{"loc":{"start":{"line":183,"column":2},"end":{"line":185,"column":3}},"type":"if","locations":[{"start":{"line":183,"column":2},"end":{"line":185,"column":3}}]},"11":{"loc":{"start":{"line":195,"column":8},"end":{"line":197,"column":18}},"type":"binary-expr","locations":[{"start":{"line":195,"column":8},"end":{"line":195,"column":52}},{"start":{"line":196,"column":8},"end":{"line":196,"column":46}},{"start":{"line":197,"column":8},"end":{"line":197,"column":18}}]},"12":{"loc":{"start":{"line":221,"column":13},"end":{"line":221,"column":44}},"type":"cond-expr","locations":[{"start":{"line":221,"column":23},"end":{"line":221,"column":32}},{"start":{"line":221,"column":35},"end":{"line":221,"column":44}}]},"13":{"loc":{"start":{"line":227,"column":2},"end":{"line":242,"column":3}},"type":"if","locations":[{"start":{"line":227,"column":2},"end":{"line":242,"column":3}},{"start":{"line":234,"column":9},"end":{"line":242,"column":3}}]},"14":{"loc":{"start":{"line":257,"column":15},"end":{"line":257,"column":91}},"type":"cond-expr","locations":[{"start":{"line":257,"column":25},"end":{"line":257,"column":57}},{"start":{"line":257,"column":60},"end":{"line":257,"column":91}}]},"15":{"loc":{"start":{"line":258,"column":13},"end":{"line":258,"column":44}},"type":"cond-expr","locations":[{"start":{"line":258,"column":23},"end":{"line":258,"column":32}},{"start":{"line":258,"column":35},"end":{"line":258,"column":44}}]},"16":{"loc":{"start":{"line":264,"column":19},"end":{"line":264,"column":42}},"type":"binary-expr","locations":[{"start":{"line":264,"column":19},"end":{"line":264,"column":36}},{"start":{"line":264,"column":40},"end":{"line":264,"column":42}}]}},"s":{"0":3,"1":3,"2":3,"3":3,"4":3,"5":3,"6":3,"7":3,"8":3,"9":3,"10":3,"11":3,"12":3,"13":3,"14":3,"15":3,"16":3,"17":3,"18":3,"19":3,"20":3,"21":3,"22":3,"23":3,"24":3,"25":3,"26":3,"27":3,"28":3,"29":3,"30":3,"31":3,"32":3,"33":3,"34":3,"35":3,"36":3,"37":3,"38":3,"39":3,"40":3,"41":3,"42":3,"43":3,"44":3,"45":3,"46":5,"47":5,"48":5,"49":5,"50":5,"51":5,"52":0,"53":0,"54":1,"55":1,"56":4,"57":5,"58":0,"59":5,"60":0,"61":0,"62":0,"63":5,"64":4,"65":4,"66":4,"67":0,"68":4,"69":0,"70":4,"71":0,"72":0,"73":0,"74":0,"75":0,"76":0,"77":0,"78":0,"79":0,"80":0,"81":0,"82":0,"83":0,"84":0,"85":0,"86":0,"87":0,"88":0},"f":{"0":3,"1":5,"2":5,"3":4,"4":0,"5":0,"6":0,"7":0,"8":0,"9":0,"10":0,"11":0},"b":{"0":[3,3],"1":[5,4],"2":[5,5],"3":[5,0],"4":[5,0],"5":[5,4],"6":[0,1,4],"7":[0],"8":[0],"9":[0],"10":[0],"11":[0,0,0],"12":[0,0],"13":[0,0],"14":[0,0],"15":[0,0],"16":[0,0]}}
,"C:\\Users\\jwsod\\Projects\\Mortgage-Broker-Pro-3.0\\services\\emc2-core\\src\\utils\\validation.ts": {"path":"C:\\Users\\jwsod\\Projects\\Mortgage-Broker-Pro-3.0\\services\\emc2-core\\src\\utils\\validation.ts","statementMap":{"0":{"start":{"line":22,"column":0},"end":{"line":22,"column":16}},"1":{"start":{"line":120,"column":0},"end":{"line":120,"column":16}},"2":{"start":{"line":23,"column":36},"end":{"line":23,"column":38}},"3":{"start":{"line":26,"column":2},"end":{"line":54,"column":3}},"4":{"start":{"line":27,"column":4},"end":{"line":34,"column":5}},"5":{"start":{"line":28,"column":6},"end":{"line":33,"column":7}},"6":{"start":{"line":29,"column":8},"end":{"line":32,"column":11}},"7":{"start":{"line":36,"column":4},"end":{"line":43,"column":5}},"8":{"start":{"line":37,"column":6},"end":{"line":42,"column":7}},"9":{"start":{"line":38,"column":8},"end":{"line":41,"column":11}},"10":{"start":{"line":45,"column":4},"end":{"line":53,"column":5}},"11":{"start":{"line":46,"column":25},"end":{"line":46,"column":53}},"12":{"start":{"line":47,"column":6},"end":{"line":52,"column":7}},"13":{"start":{"line":48,"column":8},"end":{"line":51,"column":11}},"14":{"start":{"line":57,"column":2},"end":{"line":76,"column":3}},"15":{"start":{"line":58,"column":4},"end":{"line":65,"column":5}},"16":{"start":{"line":59,"column":6},"end":{"line":64,"column":7}},"17":{"start":{"line":60,"column":8},"end":{"line":63,"column":11}},"18":{"start":{"line":67,"column":4},"end":{"line":75,"column":5}},"19":{"start":{"line":68,"column":23},"end":{"line":68,"column":41}},"20":{"start":{"line":69,"column":6},"end":{"line":74,"column":7}},"21":{"start":{"line":70,"column":8},"end":{"line":73,"column":11}},"22":{"start":{"line":79,"column":2},"end":{"line":109,"column":3}},"23":{"start":{"line":80,"column":4},"end":{"line":87,"column":5}},"24":{"start":{"line":81,"column":6},"end":{"line":86,"column":7}},"25":{"start":{"line":82,"column":8},"end":{"line":85,"column":11}},"26":{"start":{"line":89,"column":4},"end":{"line":97,"column":5}},"27":{"start":{"line":90,"column":25},"end":{"line":90,"column":45}},"28":{"start":{"line":91,"column":6},"end":{"line":96,"column":7}},"29":{"start":{"line":92,"column":8},"end":{"line":95,"column":11}},"30":{"start":{"line":100,"column":4},"end":{"line":108,"column":5}},"31":{"start":{"line":101,"column":18},"end":{"line":101,"column":76}},"32":{"start":{"line":102,"column":6},"end":{"line":107,"column":7}},"33":{"start":{"line":103,"column":8},"end":{"line":106,"column":11}},"34":{"start":{"line":111,"column":2},"end":{"line":114,"column":4}},"35":{"start":{"line":121,"column":36},"end":{"line":121,"column":38}},"36":{"start":{"line":123,"column":2},"end":{"line":138,"column":3}},"37":{"start":{"line":124,"column":4},"end":{"line":127,"column":7}},"38":{"start":{"line":128,"column":9},"end":{"line":138,"column":3}},"39":{"start":{"line":129,"column":4},"end":{"line":132,"column":7}},"40":{"start":{"line":133,"column":9},"end":{"line":138,"column":3}},"41":{"start":{"line":134,"column":4},"end":{"line":137,"column":7}},"42":{"start":{"line":140,"column":2},"end":{"line":143,"column":4}}},"fnMap":{"0":{"name":"validateLoanData","decl":{"start":{"line":22,"column":16},"end":{"line":22,"column":32}},"loc":{"start":{"line":22,"column":47},"end":{"line":115,"column":1}}},"1":{"name":"validateScenarioCreate","decl":{"start":{"line":120,"column":16},"end":{"line":120,"column":38}},"loc":{"start":{"line":120,"column":52},"end":{"line":144,"column":1}}}},"branchMap":{"0":{"loc":{"start":{"line":26,"column":2},"end":{"line":54,"column":3}},"type":"if","locations":[{"start":{"line":26,"column":2},"end":{"line":54,"column":3}}]},"1":{"loc":{"start":{"line":27,"column":4},"end":{"line":34,"column":5}},"type":"if","locations":[{"start":{"line":27,"column":4},"end":{"line":34,"column":5}}]},"2":{"loc":{"start":{"line":28,"column":6},"end":{"line":33,"column":7}},"type":"if","locations":[{"start":{"line":28,"column":6},"end":{"line":33,"column":7}}]},"3":{"loc":{"start":{"line":28,"column":10},"end":{"line":28,"column":76}},"type":"binary-expr","locations":[{"start":{"line":28,"column":10},"end":{"line":28,"column":41}},{"start":{"line":28,"column":45},"end":{"line":28,"column":76}}]},"4":{"loc":{"start":{"line":36,"column":4},"end":{"line":43,"column":5}},"type":"if","locations":[{"start":{"line":36,"column":4},"end":{"line":43,"column":5}}]},"5":{"loc":{"start":{"line":37,"column":6},"end":{"line":42,"column":7}},"type":"if","locations":[{"start":{"line":37,"column":6},"end":{"line":42,"column":7}}]},"6":{"loc":{"start":{"line":45,"column":4},"end":{"line":53,"column":5}},"type":"if","locations":[{"start":{"line":45,"column":4},"end":{"line":53,"column":5}}]},"7":{"loc":{"start":{"line":45,"column":8},"end":{"line":45,"column":64}},"type":"binary-expr","locations":[{"start":{"line":45,"column":8},"end":{"line":45,"column":41}},{"start":{"line":45,"column":45},"end":{"line":45,"column":64}}]},"8":{"loc":{"start":{"line":47,"column":6},"end":{"line":52,"column":7}},"type":"if","locations":[{"start":{"line":47,"column":6},"end":{"line":52,"column":7}}]},"9":{"loc":{"start":{"line":57,"column":2},"end":{"line":76,"column":3}},"type":"if","locations":[{"start":{"line":57,"column":2},"end":{"line":76,"column":3}}]},"10":{"loc":{"start":{"line":58,"column":4},"end":{"line":65,"column":5}},"type":"if","locations":[{"start":{"line":58,"column":4},"end":{"line":65,"column":5}}]},"11":{"loc":{"start":{"line":59,"column":6},"end":{"line":64,"column":7}},"type":"if","locations":[{"start":{"line":59,"column":6},"end":{"line":64,"column":7}}]},"12":{"loc":{"start":{"line":67,"column":4},"end":{"line":75,"column":5}},"type":"if","locations":[{"start":{"line":67,"column":4},"end":{"line":75,"column":5}}]},"13":{"loc":{"start":{"line":67,"column":8},"end":{"line":67,"column":68}},"type":"binary-expr","locations":[{"start":{"line":67,"column":8},"end":{"line":67,"column":43}},{"start":{"line":67,"column":47},"end":{"line":67,"column":68}}]},"14":{"loc":{"start":{"line":69,"column":6},"end":{"line":74,"column":7}},"type":"if","locations":[{"start":{"line":69,"column":6},"end":{"line":74,"column":7}}]},"15":{"loc":{"start":{"line":79,"column":2},"end":{"line":109,"column":3}},"type":"if","locations":[{"start":{"line":79,"column":2},"end":{"line":109,"column":3}}]},"16":{"loc":{"start":{"line":80,"column":4},"end":{"line":87,"column":5}},"type":"if","locations":[{"start":{"line":80,"column":4},"end":{"line":87,"column":5}}]},"17":{"loc":{"start":{"line":81,"column":6},"end":{"line":86,"column":7}},"type":"if","locations":[{"start":{"line":81,"column":6},"end":{"line":86,"column":7}}]},"18":{"loc":{"start":{"line":89,"column":4},"end":{"line":97,"column":5}},"type":"if","locations":[{"start":{"line":89,"column":4},"end":{"line":97,"column":5}}]},"19":{"loc":{"start":{"line":91,"column":6},"end":{"line":96,"column":7}},"type":"if","locations":[{"start":{"line":91,"column":6},"end":{"line":96,"column":7}}]},"20":{"loc":{"start":{"line":100,"column":4},"end":{"line":108,"column":5}},"type":"if","locations":[{"start":{"line":100,"column":4},"end":{"line":108,"column":5}}]},"21":{"loc":{"start":{"line":100,"column":8},"end":{"line":100,"column":60}},"type":"binary-expr","locations":[{"start":{"line":100,"column":8},"end":{"line":100,"column":28}},{"start":{"line":100,"column":32},"end":{"line":100,"column":60}}]},"22":{"loc":{"start":{"line":102,"column":6},"end":{"line":107,"column":7}},"type":"if","locations":[{"start":{"line":102,"column":6},"end":{"line":107,"column":7}}]},"23":{"loc":{"start":{"line":123,"column":2},"end":{"line":138,"column":3}},"type":"if","locations":[{"start":{"line":123,"column":2},"end":{"line":138,"column":3}},{"start":{"line":128,"column":9},"end":{"line":138,"column":3}}]},"24":{"loc":{"start":{"line":123,"column":6},"end":{"line":123,"column":41}},"type":"binary-expr","locations":[{"start":{"line":123,"column":6},"end":{"line":123,"column":12}},{"start":{"line":123,"column":16},"end":{"line":123,"column":41}}]},"25":{"loc":{"start":{"line":128,"column":9},"end":{"line":138,"column":3}},"type":"if","locations":[{"start":{"line":128,"column":9},"end":{"line":138,"column":3}},{"start":{"line":133,"column":9},"end":{"line":138,"column":3}}]},"26":{"loc":{"start":{"line":133,"column":9},"end":{"line":138,"column":3}},"type":"if","locations":[{"start":{"line":133,"column":9},"end":{"line":138,"column":3}}]}},"s":{"0":3,"1":3,"2":51,"3":51,"4":21,"5":8,"6":3,"7":21,"8":3,"9":2,"10":21,"11":9,"12":9,"13":6,"14":51,"15":16,"16":7,"17":3,"18":16,"19":8,"20":8,"21":6,"22":51,"23":16,"24":7,"25":3,"26":16,"27":9,"28":9,"29":5,"30":16,"31":3,"32":3,"33":2,"34":51,"35":9,"36":9,"37":2,"38":7,"39":2,"40":5,"41":1,"42":9},"f":{"0":51,"1":9},"b":{"0":[21],"1":[8],"2":[3],"3":[8,6],"4":[3],"5":[2],"6":[9],"7":[21,10],"8":[6],"9":[16],"10":[7],"11":[3],"12":[8],"13":[16,9],"14":[6],"15":[16],"16":[7],"17":[3],"18":[9],"19":[5],"20":[3],"21":[16,6],"22":[2],"23":[2,7],"24":[9,8],"25":[2,5],"26":[1]}}
}
