TN:
SF:src\server.ts
FN:26,createServer
FN:53,(anonymous_11)
FN:82,(anonymous_12)
FN:109,(anonymous_13)
FN:117,(anonymous_14)
FN:118,(anonymous_15)
FN:126,(anonymous_16)
FN:154,(anonymous_17)
FN:164,(anonymous_18)
FN:195,(anonymous_19)
FN:217,(anonymous_20)
FN:241,(anonymous_21)
FNF:12
FNH:7
FNDA:2,createServer
FNDA:2,(anonymous_11)
FNDA:0,(anonymous_12)
FNDA:0,(anonymous_13)
FNDA:0,(anonymous_14)
FNDA:0,(anonymous_15)
FNDA:0,(anonymous_16)
FNDA:5,(anonymous_17)
FNDA:1,(anonymous_18)
FNDA:2,(anonymous_19)
FNDA:2,(anonymous_20)
FNDA:2,(anonymous_21)
DA:7,2
DA:8,2
DA:9,2
DA:10,2
DA:11,2
DA:12,2
DA:13,2
DA:14,2
DA:15,2
DA:16,2
DA:17,2
DA:18,2
DA:19,2
DA:20,2
DA:21,2
DA:22,2
DA:23,2
DA:24,2
DA:26,2
DA:27,2
DA:28,2
DA:30,2
DA:36,2
DA:37,2
DA:50,2
DA:53,4
DA:54,2
DA:61,2
DA:69,2
DA:70,2
DA:71,2
DA:73,2
DA:74,2
DA:76,2
DA:77,2
DA:78,2
DA:83,0
DA:84,0
DA:85,0
DA:87,0
DA:88,0
DA:94,2
DA:95,2
DA:97,2
DA:99,0
DA:102,2
DA:105,2
DA:106,2
DA:109,0
DA:110,0
DA:111,0
DA:113,0
DA:117,0
DA:118,0
DA:119,0
DA:126,0
DA:127,0
DA:128,0
DA:129,0
DA:140,2
DA:143,2
DA:146,2
DA:147,2
DA:148,2
DA:149,2
DA:150,2
DA:151,2
DA:154,2
DA:155,5
DA:164,2
DA:165,1
DA:177,1
DA:178,0
DA:182,0
DA:185,1
DA:186,1
DA:188,1
DA:195,2
DA:196,2
DA:197,2
DA:198,2
DA:199,2
DA:202,2
DA:203,2
DA:204,2
DA:205,2
DA:208,2
DA:209,2
DA:210,2
DA:212,0
DA:216,2
DA:217,4
DA:218,2
DA:219,2
DA:221,0
DA:224,0
DA:227,0
DA:230,0
DA:231,0
DA:232,0
DA:233,0
DA:234,0
DA:236,0
DA:241,2
DA:242,2
DA:243,2
DA:244,2
DA:248,2
DA:250,0
DA:251,0
LF:110
LH:79
BRDA:39,0,0,2
BRDA:39,0,1,2
BRDA:62,1,0,2
BRDA:62,1,1,2
BRDA:79,2,0,2
BRDA:79,2,1,2
BRDA:80,3,0,2
BRDA:80,3,1,2
BRDA:83,4,0,0
BRDA:105,5,0,2
BRDA:105,5,1,0
BRDA:128,6,0,0
BRDA:177,7,0,0
BRDA:185,8,0,1
BRDA:185,8,1,0
BRDA:186,9,0,1
BRDA:186,9,1,0
BRDA:202,10,0,2
BRDA:202,10,1,0
BRDA:232,11,0,0
BRDA:242,12,0,2
BRF:21
BRH:13
end_of_record
TN:
SF:src\test-email-init.ts
FN:10,testEmailInit
FN:38,(anonymous_1)
FN:44,(anonymous_2)
FNF:3
FNH:0
FNDA:0,testEmailInit
FNDA:0,(anonymous_1)
FNDA:0,(anonymous_2)
DA:7,0
DA:8,0
DA:11,0
DA:13,0
DA:15,0
DA:17,0
DA:19,0
DA:26,0
DA:27,0
DA:29,0
DA:31,0
DA:32,0
DA:33,0
DA:38,0
DA:39,0
DA:40,0
DA:44,0
DA:45,0
LF:18
LH:0
BRDA:27,0,0,0
BRDA:27,0,1,0
BRF:2
BRH:0
end_of_record
TN:
SF:src\cli\config-cli.ts
FN:19,question
FN:20,(anonymous_10)
FN:25,maskValue
FN:32,main
FN:92,handleGet
FN:105,(anonymous_14)
FN:120,handleSet
FN:130,(anonymous_16)
FN:152,handleDelete
FN:168,handleList
FN:178,displayConfigTree
FN:180,(anonymous_20)
FN:191,(anonymous_21)
FN:202,handleEncrypt
FN:227,handleDecrypt
FN:246,handleGenerateKey
FN:254,handleValidate
FN:278,(anonymous_26)
FN:287,handleMigrate
FN:328,setNestedValue
FN:351,showHelp
FNF:21
FNH:0
FNDA:0,question
FNDA:0,(anonymous_10)
FNDA:0,maskValue
FNDA:0,main
FNDA:0,handleGet
FNDA:0,(anonymous_14)
FNDA:0,handleSet
FNDA:0,(anonymous_16)
FNDA:0,handleDelete
FNDA:0,handleList
FNDA:0,displayConfigTree
FNDA:0,(anonymous_20)
FNDA:0,(anonymous_21)
FNDA:0,handleEncrypt
FNDA:0,handleDecrypt
FNDA:0,handleGenerateKey
FNDA:0,handleValidate
FNDA:0,(anonymous_26)
FNDA:0,handleMigrate
FNDA:0,setNestedValue
FNDA:0,showHelp
DA:8,0
DA:9,0
DA:10,0
DA:11,0
DA:12,0
DA:14,0
DA:20,0
DA:21,0
DA:26,0
DA:27,0
DA:29,0
DA:33,0
DA:34,0
DA:35,0
DA:37,0
DA:39,0
DA:43,0
DA:44,0
DA:46,0
DA:47,0
DA:50,0
DA:51,0
DA:54,0
DA:55,0
DA:58,0
DA:59,0
DA:62,0
DA:63,0
DA:66,0
DA:67,0
DA:70,0
DA:71,0
DA:74,0
DA:75,0
DA:78,0
DA:79,0
DA:82,0
DA:85,0
DA:86,0
DA:88,0
DA:93,0
DA:94,0
DA:95,0
DA:98,0
DA:100,0
DA:101,0
DA:104,0
DA:105,0
DA:107,0
DA:108,0
DA:110,0
DA:111,0
DA:112,0
DA:115,0
DA:121,0
DA:122,0
DA:123,0
DA:126,0
DA:128,0
DA:130,0
DA:132,0
DA:134,0
DA:135,0
DA:137,0
DA:142,0
DA:143,0
DA:148,0
DA:149,0
DA:153,0
DA:154,0
DA:155,0
DA:158,0
DA:159,0
DA:160,0
DA:161,0
DA:164,0
DA:165,0
DA:169,0
DA:172,0
DA:175,0
DA:179,0
DA:180,0
DA:181,0
DA:182,0
DA:183,0
DA:185,0
DA:186,0
DA:187,0
DA:190,0
DA:191,0
DA:193,0
DA:194,0
DA:196,0
DA:203,0
DA:204,0
DA:205,0
DA:208,0
DA:211,0
DA:212,0
DA:215,0
DA:216,0
DA:218,0
DA:219,0
DA:221,0
DA:222,0
DA:223,0
DA:228,0
DA:229,0
DA:230,0
DA:233,0
DA:236,0
DA:237,0
DA:240,0
DA:242,0
DA:243,0
DA:247,0
DA:248,0
DA:249,0
DA:250,0
DA:251,0
DA:255,0
DA:257,0
DA:258,0
DA:259,0
DA:262,0
DA:264,0
DA:265,0
DA:268,0
DA:269,0
DA:272,0
DA:273,0
DA:276,0
DA:277,0
DA:278,0
DA:282,0
DA:283,0
DA:288,0
DA:290,0
DA:291,0
DA:294,0
DA:295,0
DA:296,0
DA:297,0
DA:299,0
DA:300,0
DA:301,0
DA:302,0
DA:305,0
DA:306,0
DA:310,0
DA:312,0
DA:317,0
DA:318,0
DA:319,0
DA:321,0
DA:322,0
DA:323,0
DA:324,0
DA:325,0
DA:329,0
DA:330,0
DA:332,0
DA:333,0
DA:334,0
DA:336,0
DA:340,0
DA:341,0
DA:342,0
DA:343,0
DA:344,0
DA:345,0
DA:347,0
DA:352,0
DA:380,0
LF:174
LH:0
BRDA:25,0,0,0
BRDA:26,1,0,0
BRDA:35,2,0,0
BRDA:35,2,1,0
BRDA:44,3,0,0
BRDA:44,3,1,0
BRDA:44,3,2,0
BRDA:44,3,3,0
BRDA:44,3,4,0
BRDA:44,3,5,0
BRDA:44,3,6,0
BRDA:44,3,7,0
BRDA:44,3,8,0
BRDA:44,3,9,0
BRDA:93,4,0,0
BRDA:100,5,0,0
BRDA:100,5,1,0
BRDA:107,6,0,0
BRDA:107,6,1,0
BRDA:107,7,0,0
BRDA:107,7,1,0
BRDA:111,8,0,0
BRDA:121,9,0,0
BRDA:128,10,0,0
BRDA:132,11,0,0
BRDA:132,11,1,0
BRDA:153,12,0,0
BRDA:159,13,0,0
BRDA:178,14,0,0
BRDA:178,15,0,0
BRDA:182,16,0,0
BRDA:182,16,1,0
BRDA:183,17,0,0
BRDA:183,17,1,0
BRDA:185,18,0,0
BRDA:185,18,1,0
BRDA:185,19,0,0
BRDA:185,19,1,0
BRDA:185,19,2,0
BRDA:193,20,0,0
BRDA:193,20,1,0
BRDA:193,21,0,0
BRDA:193,21,1,0
BRDA:203,22,0,0
BRDA:208,23,0,0
BRDA:208,23,1,0
BRDA:212,24,0,0
BRDA:212,24,1,0
BRDA:221,25,0,0
BRDA:228,26,0,0
BRDA:233,27,0,0
BRDA:233,27,1,0
BRDA:237,28,0,0
BRDA:237,28,1,0
BRDA:264,29,0,0
BRDA:264,30,0,0
BRDA:264,30,1,0
BRDA:268,31,0,0
BRDA:268,32,0,0
BRDA:268,32,1,0
BRDA:272,33,0,0
BRDA:272,34,0,0
BRDA:272,34,1,0
BRDA:276,35,0,0
BRDA:300,36,0,0
BRDA:300,37,0,0
BRDA:300,37,1,0
BRDA:333,38,0,0
BRDA:340,39,0,0
BRDA:340,39,1,0
BRDA:342,40,0,0
BRDA:342,40,1,0
BRDA:344,41,0,0
BRDA:344,41,1,0
BRDA:375,42,0,0
BRDA:375,42,1,0
BRF:76
BRH:0
end_of_record
TN:
SF:src\config\config.service.ts
FN:28,(anonymous_9)
FN:33,(anonymous_10)
FN:71,(anonymous_11)
FN:96,(anonymous_12)
FN:107,(anonymous_13)
FN:125,(anonymous_14)
FN:140,(anonymous_15)
FN:254,(anonymous_16)
FN:272,(anonymous_17)
FN:279,(anonymous_18)
FN:286,(anonymous_19)
FN:294,initializeConfig
FN:299,getConfigService
FNF:13
FNH:0
FNDA:0,(anonymous_9)
FNDA:0,(anonymous_10)
FNDA:0,(anonymous_11)
FNDA:0,(anonymous_12)
FNDA:0,(anonymous_13)
FNDA:0,(anonymous_14)
FNDA:0,(anonymous_15)
FNDA:0,(anonymous_16)
FNDA:0,(anonymous_17)
FNDA:0,(anonymous_18)
FNDA:0,(anonymous_19)
FNDA:0,initializeConfig
FNDA:0,getConfigService
DA:6,0
DA:7,0
DA:8,0
DA:9,0
DA:10,0
DA:11,0
DA:22,0
DA:23,0
DA:24,0
DA:29,0
DA:30,0
DA:34,0
DA:36,0
DA:37,0
DA:41,0
DA:43,0
DA:49,0
DA:52,0
DA:55,0
DA:62,0
DA:65,0
DA:73,0
DA:74,0
DA:78,0
DA:79,0
DA:80,0
DA:81,0
DA:82,0
DA:83,0
DA:86,0
DA:90,0
DA:97,0
DA:98,0
DA:99,0
DA:101,0
DA:109,0
DA:110,0
DA:111,0
DA:112,0
DA:113,0
DA:115,0
DA:119,0
DA:127,0
DA:128,0
DA:129,0
DA:131,0
DA:134,0
DA:141,0
DA:142,0
DA:146,0
DA:188,0
DA:191,0
DA:192,0
DA:203,0
DA:204,0
DA:205,0
DA:206,0
DA:216,0
DA:217,0
DA:218,0
DA:229,0
DA:230,0
DA:241,0
DA:242,0
DA:243,0
DA:244,0
DA:247,0
DA:248,0
DA:255,0
DA:256,0
DA:258,0
DA:259,0
DA:260,0
DA:262,0
DA:266,0
DA:273,0
DA:280,0
DA:287,0
DA:294,0
DA:295,0
DA:296,0
DA:299,0
DA:300,0
DA:301,0
DA:303,0
LF:85
LH:0
BRDA:28,0,0,0
BRDA:29,1,0,0
BRDA:29,1,1,0
BRDA:29,1,2,0
BRDA:34,2,0,0
BRDA:41,3,0,0
BRDA:41,3,1,0
BRDA:41,4,0,0
BRDA:41,4,1,0
BRDA:41,4,2,0
BRDA:52,5,0,0
BRDA:52,5,1,0
BRDA:73,6,0,0
BRDA:81,7,0,0
BRDA:98,8,0,0
BRDA:141,9,0,0
BRDA:149,10,0,0
BRDA:149,10,1,0
BRDA:149,10,2,0
BRDA:150,11,0,0
BRDA:150,11,1,0
BRDA:150,11,2,0
BRDA:151,12,0,0
BRDA:151,12,1,0
BRDA:151,12,2,0
BRDA:152,13,0,0
BRDA:152,13,1,0
BRDA:152,13,2,0
BRDA:153,14,0,0
BRDA:153,14,1,0
BRDA:153,14,2,0
BRDA:154,15,0,0
BRDA:154,15,1,0
BRDA:155,16,0,0
BRDA:155,16,1,0
BRDA:158,17,0,0
BRDA:158,17,1,0
BRDA:158,17,2,0
BRDA:159,18,0,0
BRDA:159,18,1,0
BRDA:159,18,2,0
BRDA:160,19,0,0
BRDA:160,19,1,0
BRDA:161,20,0,0
BRDA:161,20,1,0
BRDA:162,21,0,0
BRDA:162,21,1,0
BRDA:165,22,0,0
BRDA:165,22,1,0
BRDA:165,22,2,0
BRDA:166,23,0,0
BRDA:166,23,1,0
BRDA:167,24,0,0
BRDA:167,24,1,0
BRDA:168,25,0,0
BRDA:168,25,1,0
BRDA:171,26,0,0
BRDA:171,26,1,0
BRDA:171,26,2,0
BRDA:172,27,0,0
BRDA:172,27,1,0
BRDA:172,27,2,0
BRDA:173,28,0,0
BRDA:173,28,1,0
BRDA:175,29,0,0
BRDA:175,29,1,0
BRDA:176,30,0,0
BRDA:176,30,1,0
BRDA:178,31,0,0
BRDA:178,31,1,0
BRDA:181,32,0,0
BRDA:181,32,1,0
BRDA:182,33,0,0
BRDA:182,33,1,0
BRDA:183,34,0,0
BRDA:183,34,1,0
BRDA:188,35,0,0
BRDA:188,35,1,0
BRDA:191,36,0,0
BRDA:203,37,0,0
BRDA:203,37,1,0
BRDA:204,38,0,0
BRDA:205,39,0,0
BRDA:205,39,1,0
BRDA:211,40,0,0
BRDA:211,40,1,0
BRDA:216,41,0,0
BRDA:216,41,1,0
BRDA:217,42,0,0
BRDA:220,43,0,0
BRDA:220,43,1,0
BRDA:221,44,0,0
BRDA:221,44,1,0
BRDA:223,45,0,0
BRDA:223,45,1,0
BRDA:223,45,2,0
BRDA:224,46,0,0
BRDA:224,46,1,0
BRDA:224,46,2,0
BRDA:229,47,0,0
BRDA:231,48,0,0
BRDA:231,48,1,0
BRDA:232,49,0,0
BRDA:232,49,1,0
BRDA:232,49,2,0
BRDA:233,50,0,0
BRDA:233,50,1,0
BRDA:233,50,2,0
BRDA:234,51,0,0
BRDA:234,51,1,0
BRDA:235,52,0,0
BRDA:235,52,1,0
BRDA:242,53,0,0
BRDA:300,54,0,0
BRF:114
BRH:0
end_of_record
TN:
SF:src\config\email.ts
FN:72,validateEmailConfig
FNF:1
FNH:0
FNDA:0,validateEmailConfig
DA:39,2
DA:72,2
DA:73,0
DA:75,0
DA:76,0
DA:79,0
DA:80,0
DA:83,0
LF:8
LH:2
BRDA:41,0,0,2
BRDA:41,0,1,2
BRDA:42,1,0,2
BRDA:42,1,1,2
BRDA:45,2,0,2
BRDA:45,2,1,2
BRDA:46,3,0,2
BRDA:46,3,1,2
BRDA:54,4,0,2
BRDA:54,4,1,2
BRDA:55,5,0,2
BRDA:55,5,1,2
BRDA:62,6,0,2
BRDA:62,6,1,2
BRDA:63,7,0,2
BRDA:63,7,1,2
BRDA:75,8,0,0
BRDA:79,9,0,0
BRDA:79,10,0,0
BRDA:79,10,1,0
BRF:20
BRH:16
end_of_record
TN:
SF:src\config\init.ts
FN:16,initializeAppConfig
FN:47,getAppConfig
FN:58,reloadConfig
FN:70,getConfigValue
FN:79,getRequiredConfigValue
FNF:5
FNH:0
FNDA:0,initializeAppConfig
FNDA:0,getAppConfig
FNDA:0,reloadConfig
FNDA:0,getConfigValue
FNDA:0,getRequiredConfigValue
DA:6,0
DA:8,0
DA:10,0
DA:16,0
DA:17,0
DA:18,0
DA:21,0
DA:29,0
DA:31,0
DA:34,0
DA:36,0
DA:38,0
DA:39,0
DA:47,0
DA:48,0
DA:49,0
DA:51,0
DA:58,0
DA:59,0
DA:60,0
DA:61,0
DA:62,0
DA:63,0
DA:70,0
DA:71,0
DA:72,0
DA:79,0
DA:80,0
DA:81,0
LF:29
LH:0
BRDA:48,0,0,0
BRF:1
BRH:0
end_of_record
TN:
SF:src\config\security.ts
FNF:0
FNH:0
DA:7,0
DA:188,0
LF:2
LH:0
BRDA:10,0,0,0
BRDA:10,0,1,0
BRDA:21,1,0,0
BRDA:21,1,1,0
BRDA:26,2,0,0
BRDA:26,2,1,0
BRDA:30,3,0,0
BRDA:30,3,1,0
BRDA:34,4,0,0
BRDA:34,4,1,0
BRDA:40,5,0,0
BRDA:40,5,1,0
BRDA:44,6,0,0
BRDA:44,6,1,0
BRDA:52,7,0,0
BRDA:52,7,1,0
BRDA:53,8,0,0
BRDA:53,8,1,0
BRDA:54,9,0,0
BRDA:54,9,1,0
BRDA:61,10,0,0
BRDA:61,10,1,0
BRDA:67,11,0,0
BRDA:67,11,1,0
BRDA:68,12,0,0
BRDA:68,12,1,0
BRDA:69,13,0,0
BRDA:69,13,1,0
BRDA:74,14,0,0
BRDA:74,14,1,0
BRDA:75,15,0,0
BRDA:75,15,1,0
BRDA:98,16,0,0
BRDA:98,16,1,0
BRDA:129,17,0,0
BRDA:129,17,1,0
BRDA:142,18,0,0
BRDA:142,18,1,0
BRDA:148,19,0,0
BRDA:148,19,1,0
BRDA:149,20,0,0
BRDA:149,20,1,0
BRDA:150,21,0,0
BRDA:150,21,1,0
BRDA:169,22,0,0
BRDA:169,22,1,0
BRDA:176,23,0,0
BRDA:176,23,1,0
BRF:48
BRH:0
end_of_record
TN:
SF:src\config\testingFoundation.ts
FN:74,(anonymous_0)
FN:85,(anonymous_1)
FN:98,(anonymous_2)
FN:105,(anonymous_3)
FN:131,(anonymous_4)
FN:136,(anonymous_5)
FN:144,(anonymous_6)
FN:148,(anonymous_7)
FN:156,(anonymous_8)
FN:169,(anonymous_9)
FN:182,(anonymous_10)
FN:192,(anonymous_11)
FN:207,(anonymous_12)
FN:224,(anonymous_13)
FN:230,(anonymous_14)
FN:234,(anonymous_15)
FN:245,(anonymous_16)
FN:247,(anonymous_17)
FN:248,(anonymous_18)
FN:249,(anonymous_19)
FN:250,(anonymous_20)
FN:260,(anonymous_21)
FN:263,(anonymous_22)
FN:268,(anonymous_23)
FN:273,(anonymous_24)
FNF:25
FNH:0
FNDA:0,(anonymous_0)
FNDA:0,(anonymous_1)
FNDA:0,(anonymous_2)
FNDA:0,(anonymous_3)
FNDA:0,(anonymous_4)
FNDA:0,(anonymous_5)
FNDA:0,(anonymous_6)
FNDA:0,(anonymous_7)
FNDA:0,(anonymous_8)
FNDA:0,(anonymous_9)
FNDA:0,(anonymous_10)
FNDA:0,(anonymous_11)
FNDA:0,(anonymous_12)
FNDA:0,(anonymous_13)
FNDA:0,(anonymous_14)
FNDA:0,(anonymous_15)
FNDA:0,(anonymous_16)
FNDA:0,(anonymous_17)
FNDA:0,(anonymous_18)
FNDA:0,(anonymous_19)
FNDA:0,(anonymous_20)
FNDA:0,(anonymous_21)
FNDA:0,(anonymous_22)
FNDA:0,(anonymous_23)
FNDA:0,(anonymous_24)
DA:6,0
DA:25,0
DA:49,0
DA:70,0
DA:76,0
DA:87,0
DA:106,0
DA:130,0
DA:132,0
DA:133,0
DA:135,0
DA:137,0
DA:145,0
DA:147,0
DA:149,0
DA:158,0
DA:160,0
DA:161,0
DA:162,0
DA:163,0
DA:164,0
DA:168,0
DA:170,0
DA:181,0
DA:183,0
DA:193,0
DA:208,0
DA:223,0
DA:225,0
DA:230,0
DA:235,0
DA:246,0
DA:247,0
DA:248,0
DA:249,0
DA:250,0
DA:252,0
DA:259,0
DA:261,0
DA:262,0
DA:263,0
DA:264,0
DA:269,0
DA:270,0
DA:274,0
LF:45
LH:0
BRDA:137,0,0,0
BRDA:137,0,1,0
BRDA:145,1,0,0
BRDA:145,1,1,0
BRDA:149,2,0,0
BRDA:149,2,1,0
BRDA:161,3,0,0
BRDA:161,3,1,0
BRDA:163,4,0,0
BRDA:170,5,0,0
BRDA:170,5,1,0
BRDA:182,6,0,0
BRDA:192,7,0,0
BRDA:207,8,0,0
BRDA:234,9,0,0
BRF:15
BRH:0
end_of_record
TN:
SF:src\config\providers\env.provider.ts
FN:11,(anonymous_0)
FN:15,(anonymous_1)
FN:26,(anonymous_2)
FN:34,(anonymous_3)
FN:39,(anonymous_4)
FN:44,(anonymous_5)
FN:57,(anonymous_6)
FN:65,(anonymous_7)
FN:74,(anonymous_8)
FN:87,(anonymous_9)
FNF:10
FNH:0
FNDA:0,(anonymous_0)
FNDA:0,(anonymous_1)
FNDA:0,(anonymous_2)
FNDA:0,(anonymous_3)
FNDA:0,(anonymous_4)
FNDA:0,(anonymous_5)
FNDA:0,(anonymous_6)
FNDA:0,(anonymous_7)
FNDA:0,(anonymous_8)
FNDA:0,(anonymous_9)
DA:8,0
DA:12,0
DA:16,0
DA:17,0
DA:19,0
DA:20,0
DA:23,0
DA:27,0
DA:28,0
DA:29,0
DA:31,0
DA:35,0
DA:36,0
DA:40,0
DA:41,0
DA:45,0
DA:46,0
DA:48,0
DA:49,0
DA:50,0
DA:54,0
DA:66,0
DA:67,0
DA:75,0
DA:77,0
DA:78,0
DA:81,0
DA:89,0
DA:90,0
DA:93,0
DA:94,0
DA:97,0
DA:98,0
DA:99,0
DA:105,0
LF:35
LH:0
BRDA:11,0,0,0
BRDA:19,1,0,0
BRDA:28,2,0,0
BRDA:36,3,0,0
BRDA:36,3,1,0
BRDA:46,4,0,0
BRDA:46,4,1,0
BRDA:49,5,0,0
BRDA:67,6,0,0
BRDA:67,6,1,0
BRDA:77,7,0,0
BRDA:89,8,0,0
BRDA:90,9,0,0
BRDA:93,10,0,0
BRDA:94,11,0,0
BRDA:97,12,0,0
BRDA:97,13,0,0
BRDA:97,13,1,0
BRF:18
BRH:0
end_of_record
TN:
SF:src\config\providers\file.provider.ts
FN:24,(anonymous_9)
FN:29,(anonymous_10)
FN:34,(anonymous_11)
FN:42,(anonymous_12)
FN:48,(anonymous_13)
FN:54,(anonymous_14)
FN:59,(anonymous_15)
FN:65,(anonymous_16)
FN:71,(anonymous_17)
FN:112,(anonymous_18)
FN:132,(anonymous_19)
FN:141,(anonymous_20)
FN:154,(anonymous_21)
FN:174,(anonymous_22)
FN:195,(anonymous_23)
FN:203,(anonymous_24)
FN:214,(anonymous_25)
FN:225,(anonymous_26)
FN:228,(anonymous_27)
FNF:19
FNH:0
FNDA:0,(anonymous_9)
FNDA:0,(anonymous_10)
FNDA:0,(anonymous_11)
FNDA:0,(anonymous_12)
FNDA:0,(anonymous_13)
FNDA:0,(anonymous_14)
FNDA:0,(anonymous_15)
FNDA:0,(anonymous_16)
FNDA:0,(anonymous_17)
FNDA:0,(anonymous_18)
FNDA:0,(anonymous_19)
FNDA:0,(anonymous_20)
FNDA:0,(anonymous_21)
FNDA:0,(anonymous_22)
FNDA:0,(anonymous_23)
FNDA:0,(anonymous_24)
FNDA:0,(anonymous_25)
FNDA:0,(anonymous_26)
FNDA:0,(anonymous_27)
DA:6,0
DA:7,0
DA:9,0
DA:10,0
DA:18,0
DA:21,0
DA:22,0
DA:25,0
DA:26,0
DA:30,0
DA:31,0
DA:35,0
DA:36,0
DA:37,0
DA:39,0
DA:43,0
DA:44,0
DA:45,0
DA:49,0
DA:50,0
DA:51,0
DA:55,0
DA:56,0
DA:60,0
DA:61,0
DA:62,0
DA:66,0
DA:67,0
DA:72,0
DA:73,0
DA:74,0
DA:75,0
DA:76,0
DA:77,0
DA:81,0
DA:83,0
DA:84,0
DA:85,0
DA:86,0
DA:88,0
DA:91,0
DA:95,0
DA:98,0
DA:99,0
DA:103,0
DA:104,0
DA:105,0
DA:107,0
DA:108,0
DA:113,0
DA:115,0
DA:117,0
DA:119,0
DA:120,0
DA:122,0
DA:125,0
DA:127,0
DA:128,0
DA:133,0
DA:134,0
DA:135,0
DA:137,0
DA:142,0
DA:143,0
DA:144,0
DA:145,0
DA:146,0
DA:148,0
DA:155,0
DA:157,0
DA:158,0
DA:159,0
DA:161,0
DA:162,0
DA:163,0
DA:165,0
DA:168,0
DA:171,0
DA:176,0
DA:177,0
DA:181,0
DA:182,0
DA:184,0
DA:185,0
DA:186,0
DA:187,0
DA:188,0
DA:192,0
DA:197,0
DA:198,0
DA:199,0
DA:200,0
DA:203,0
DA:206,0
DA:208,0
DA:210,0
DA:216,0
DA:219,0
DA:220,0
DA:221,0
DA:222,0
DA:225,0
DA:229,0
DA:230,0
DA:232,0
DA:233,0
DA:234,0
DA:236,0
DA:239,0
LF:109
LH:0
BRDA:24,0,0,0
BRDA:25,1,0,0
BRDA:25,1,1,0
BRDA:26,2,0,0
BRDA:26,2,1,0
BRDA:36,3,0,0
BRDA:66,4,0,0
BRDA:74,5,0,0
BRDA:81,6,0,0
BRDA:81,6,1,0
BRDA:86,7,0,0
BRDA:86,7,1,0
BRDA:86,8,0,0
BRDA:86,8,1,0
BRDA:86,8,2,0
BRDA:119,9,0,0
BRDA:119,9,1,0
BRDA:141,10,0,0
BRDA:143,11,0,0
BRDA:144,12,0,0
BRDA:144,12,1,0
BRDA:145,13,0,0
BRDA:145,13,1,0
BRDA:145,14,0,0
BRDA:145,14,1,0
BRDA:145,14,2,0
BRDA:162,15,0,0
BRDA:176,16,0,0
BRDA:185,17,0,0
BRDA:192,18,0,0
BRDA:192,18,1,0
BRDA:199,19,0,0
BRDA:206,20,0,0
BRDA:206,20,1,0
BRDA:206,21,0,0
BRDA:206,21,1,0
BRDA:206,21,2,0
BRDA:221,22,0,0
BRDA:233,23,0,0
BRF:39
BRH:0
end_of_record
TN:
SF:src\config\providers\keyvault.provider.ts
FN:16,(anonymous_0)
FN:21,(anonymous_1)
FN:38,(anonymous_2)
FN:65,(anonymous_3)
FN:73,(anonymous_4)
FN:90,(anonymous_5)
FN:111,(anonymous_6)
FN:126,(anonymous_7)
FN:135,(anonymous_8)
FN:145,(anonymous_9)
FN:152,(anonymous_10)
FN:167,(anonymous_11)
FN:182,(anonymous_12)
FNF:13
FNH:0
FNDA:0,(anonymous_0)
FNDA:0,(anonymous_1)
FNDA:0,(anonymous_2)
FNDA:0,(anonymous_3)
FNDA:0,(anonymous_4)
FNDA:0,(anonymous_5)
FNDA:0,(anonymous_6)
FNDA:0,(anonymous_7)
FNDA:0,(anonymous_8)
FNDA:0,(anonymous_9)
FNDA:0,(anonymous_10)
FNDA:0,(anonymous_11)
FNDA:0,(anonymous_12)
DA:6,0
DA:7,0
DA:9,0
DA:11,0
DA:13,0
DA:14,0
DA:17,0
DA:18,0
DA:22,0
DA:24,0
DA:25,0
DA:27,0
DA:34,0
DA:39,0
DA:41,0
DA:42,0
DA:43,0
DA:47,0
DA:49,0
DA:50,0
DA:53,0
DA:55,0
DA:57,0
DA:58,0
DA:60,0
DA:61,0
DA:66,0
DA:67,0
DA:68,0
DA:70,0
DA:74,0
DA:75,0
DA:76,0
DA:78,0
DA:81,0
DA:83,0
DA:85,0
DA:86,0
DA:91,0
DA:92,0
DA:95,0
DA:96,0
DA:102,0
DA:104,0
DA:106,0
DA:107,0
DA:112,0
DA:113,0
DA:115,0
DA:116,0
DA:119,0
DA:121,0
DA:122,0
DA:127,0
DA:128,0
DA:136,0
DA:146,0
DA:153,0
DA:155,0
DA:157,0
DA:160,0
DA:168,0
DA:169,0
DA:171,0
DA:172,0
DA:173,0
DA:176,0
DA:183,0
DA:184,0
LF:69
LH:0
BRDA:22,0,0,0
BRDA:22,0,1,0
BRDA:25,1,0,0
BRDA:25,1,1,0
BRDA:25,2,0,0
BRDA:25,2,1,0
BRDA:25,2,2,0
BRDA:42,3,0,0
BRDA:57,4,0,0
BRDA:67,5,0,0
BRDA:76,6,0,0
BRDA:76,6,1,0
BRDA:153,7,0,0
BRDA:169,8,0,0
BRDA:171,9,0,0
BRF:15
BRH:0
end_of_record
TN:
SF:src\db\connection.ts
FN:12,getDatabase
FN:26,(anonymous_1)
FN:34,closeDatabase
FNF:3
FNH:1
FNDA:21,getDatabase
FNDA:0,(anonymous_1)
FNDA:0,closeDatabase
DA:7,2
DA:8,2
DA:10,2
DA:12,2
DA:13,21
DA:14,2
DA:26,2
DA:27,0
DA:31,21
DA:34,2
DA:35,0
DA:36,0
DA:37,0
DA:38,0
LF:14
LH:9
BRDA:13,0,0,2
BRDA:15,1,0,2
BRDA:15,1,1,2
BRDA:16,2,0,2
BRDA:16,2,1,2
BRDA:17,3,0,2
BRDA:17,3,1,2
BRDA:18,4,0,2
BRDA:18,4,1,2
BRDA:19,5,0,2
BRDA:19,5,1,2
BRDA:35,6,0,0
BRF:12
BRH:11
end_of_record
TN:
SF:src\middleware\auth.ts
FN:22,initializeAuthMiddleware
FN:28,(anonymous_1)
FN:65,(anonymous_2)
FN:66,(anonymous_3)
FN:118,(anonymous_4)
FN:141,(anonymous_5)
FN:163,(anonymous_6)
FN:168,(anonymous_7)
FN:173,(anonymous_8)
FNF:9
FNH:4
FNDA:2,initializeAuthMiddleware
FNDA:0,(anonymous_1)
FNDA:4,(anonymous_2)
FNDA:0,(anonymous_3)
FNDA:0,(anonymous_4)
FNDA:21,(anonymous_5)
FNDA:2,(anonymous_6)
FNDA:0,(anonymous_7)
FNDA:0,(anonymous_8)
DA:10,2
DA:11,2
DA:22,2
DA:28,2
DA:29,0
DA:30,0
DA:33,0
DA:34,0
DA:35,0
DA:36,0
DA:44,0
DA:52,0
DA:55,0
DA:56,0
DA:65,2
DA:66,4
DA:67,0
DA:69,0
DA:72,0
DA:73,0
DA:74,0
DA:75,0
DA:84,0
DA:90,0
DA:91,0
DA:99,0
DA:107,0
DA:108,0
DA:118,2
DA:119,0
DA:120,0
DA:121,0
DA:124,0
DA:125,0
DA:126,0
DA:128,0
DA:130,0
DA:136,0
DA:141,2
DA:143,21
DA:144,0
DA:158,2
DA:163,2
DA:168,0
DA:173,0
DA:184,2
LF:46
LH:12
BRDA:33,0,0,0
BRDA:35,1,0,0
BRDA:72,2,0,0
BRDA:74,3,0,0
BRDA:90,4,0,0
BRDA:120,5,0,0
BRDA:124,6,0,0
BRDA:126,7,0,0
BRDA:126,7,1,0
BRDA:143,8,0,0
BRDA:163,9,0,2
BRDA:163,9,1,2
BRDA:173,10,0,0
BRDA:173,10,1,0
BRF:14
BRH:2
end_of_record
TN:
SF:src\middleware\correlationId.ts
FN:22,correlationIdPlugin
FN:26,(anonymous_1)
FN:53,getCorrelationId
FN:71,propagateCorrelationId
FNF:4
FNH:1
FNDA:0,correlationIdPlugin
FNDA:0,(anonymous_1)
FNDA:7,getCorrelationId
FNDA:0,propagateCorrelationId
DA:8,3
DA:9,3
DA:22,3
DA:23,0
DA:24,0
DA:26,0
DA:31,0
DA:34,0
DA:37,0
DA:40,0
DA:41,0
DA:42,0
DA:46,0
DA:53,3
DA:54,7
DA:55,0
DA:59,7
DA:60,7
DA:61,0
DA:62,0
DA:65,7
DA:71,3
DA:72,0
DA:74,0
DA:75,0
DA:81,0
LF:26
LH:9
BRDA:22,0,0,0
BRDA:23,1,0,0
BRDA:23,1,1,0
BRDA:24,2,0,0
BRDA:24,2,1,0
BRDA:31,3,0,0
BRDA:31,3,1,0
BRDA:41,4,0,0
BRDA:54,5,0,0
BRDA:60,6,0,0
BRDA:72,7,0,0
BRDA:72,7,1,0
BRDA:74,8,0,0
BRF:13
BRH:0
end_of_record
TN:
SF:src\middleware\security.ts
FN:37,applySecurity
FN:81,(anonymous_2)
FN:87,(anonymous_3)
FN:96,(anonymous_4)
FN:103,(anonymous_5)
FN:113,authRateLimit
FN:117,(anonymous_7)
FN:143,securityHeaders
FN:159,preventTimingAttacks
FN:163,(anonymous_10)
FN:170,validateContentType
FN:188,sanitizeInput
FN:189,(anonymous_13)
FN:223,sanitizeObject
FN:227,(anonymous_15)
FN:264,sanitizeString
FN:294,xssProtection
FN:313,escapeObject
FN:315,(anonymous_19)
FN:338,escapeHtml
FN:348,(anonymous_21)
FN:354,generateApiKey
FN:362,(anonymous_23)
FN:375,validateApiKey
FN:410,requireApiKey
FNF:25
FNH:18
FNDA:2,applySecurity
FNDA:16,(anonymous_2)
FNDA:0,(anonymous_3)
FNDA:0,(anonymous_4)
FNDA:0,(anonymous_5)
FNDA:2,authRateLimit
FNDA:0,(anonymous_7)
FNDA:21,securityHeaders
FNDA:21,preventTimingAttacks
FNDA:2,(anonymous_10)
FNDA:19,validateContentType
FNDA:19,sanitizeInput
FNDA:19,(anonymous_13)
FNDA:44,sanitizeObject
FNDA:0,(anonymous_15)
FNDA:30,sanitizeString
FNDA:20,xssProtection
FNDA:35,escapeObject
FNDA:0,(anonymous_19)
FNDA:82,escapeHtml
FNDA:3,(anonymous_21)
FNDA:2,generateApiKey
FNDA:4,(anonymous_23)
FNDA:5,validateApiKey
FNDA:0,requireApiKey
DA:8,2
DA:9,2
DA:10,2
DA:11,2
DA:12,2
DA:13,2
DA:14,2
DA:16,2
DA:17,2
DA:37,2
DA:42,2
DA:65,2
DA:74,2
DA:83,16
DA:88,0
DA:97,0
DA:104,0
DA:113,2
DA:114,2
DA:118,0
DA:119,0
DA:130,2
DA:131,2
DA:132,2
DA:133,2
DA:135,2
DA:136,2
DA:144,21
DA:161,21
DA:162,2
DA:163,2
DA:171,19
DA:172,2
DA:174,2
DA:175,0
DA:189,19
DA:190,19
DA:191,19
DA:192,2
DA:195,19
DA:196,19
DA:199,19
DA:200,19
DA:203,19
DA:205,0
DA:206,0
DA:208,0
DA:215,19
DA:223,2
DA:224,44
DA:226,44
DA:227,0
DA:230,44
DA:231,44
DA:233,44
DA:235,17
DA:236,2
DA:237,2
DA:241,15
DA:244,15
DA:245,15
DA:247,0
DA:251,44
DA:254,0
DA:255,0
DA:258,0
DA:266,30
DA:269,30
DA:270,1
DA:274,30
DA:281,30
DA:282,120
DA:286,30
DA:288,30
DA:299,20
DA:300,0
DA:303,20
DA:304,20
DA:307,0
DA:314,35
DA:315,0
DA:318,35
DA:319,31
DA:321,31
DA:322,97
DA:323,82
DA:325,15
DA:329,31
DA:332,4
DA:339,82
DA:348,82
DA:354,2
DA:355,2
DA:356,2
DA:357,2
DA:359,2
DA:360,2
DA:362,2
DA:363,4
DA:364,0
DA:365,0
DA:366,4
DA:367,0
DA:375,2
DA:376,5
DA:378,5
DA:383,5
DA:386,5
DA:387,5
DA:388,0
DA:392,5
DA:393,5
DA:394,5
DA:396,5
DA:397,4
DA:400,1
DA:402,0
DA:403,0
DA:410,2
DA:414,0
DA:416,0
DA:417,0
DA:425,0
DA:427,0
DA:428,0
DA:437,0
LF:126
LH:96
BRDA:39,0,0,0
BRDA:66,1,0,2
BRDA:66,1,1,0
BRDA:66,1,2,0
BRDA:67,2,0,2
BRDA:67,2,1,0
BRDA:68,3,0,2
BRDA:68,3,1,0
BRDA:76,4,0,2
BRDA:76,4,1,0
BRDA:83,5,0,16
BRDA:83,5,1,16
BRDA:83,5,2,16
BRDA:115,6,0,2
BRDA:115,6,1,0
BRDA:135,7,0,2
BRDA:161,8,0,2
BRDA:171,9,0,2
BRDA:174,10,0,0
BRDA:174,11,0,2
BRDA:174,11,1,2
BRDA:191,12,0,2
BRDA:191,13,0,19
BRDA:191,13,1,2
BRDA:195,14,0,19
BRDA:195,15,0,19
BRDA:195,15,1,19
BRDA:199,16,0,19
BRDA:199,17,0,19
BRDA:199,17,1,19
BRDA:224,18,0,0
BRDA:224,19,0,44
BRDA:224,19,1,44
BRDA:226,20,0,0
BRDA:230,21,0,44
BRDA:235,22,0,2
BRDA:235,23,0,17
BRDA:235,23,1,17
BRDA:235,23,2,16
BRDA:244,24,0,15
BRDA:244,24,1,0
BRDA:254,25,0,0
BRDA:269,26,0,1
BRDA:299,27,0,0
BRDA:303,28,0,20
BRDA:303,29,0,20
BRDA:303,29,1,20
BRDA:314,30,0,0
BRDA:318,31,0,31
BRDA:318,32,0,35
BRDA:318,32,1,31
BRDA:322,33,0,82
BRDA:322,33,1,15
BRDA:355,34,0,2
BRDA:355,34,1,2
BRDA:363,35,0,0
BRDA:363,35,1,0
BRDA:363,35,2,4
BRDA:363,35,3,0
BRDA:387,36,0,0
BRDA:392,37,0,5
BRDA:392,37,1,5
BRDA:396,38,0,4
BRDA:416,39,0,0
BRDA:427,40,0,0
BRF:65
BRH:45
end_of_record
TN:
SF:src\plugins\swagger.ts
FN:11,setupSwagger
FN:363,(anonymous_2)
FN:364,(anonymous_3)
FN:367,(anonymous_4)
FN:368,(anonymous_5)
FNF:5
FNH:0
FNDA:0,setupSwagger
FNDA:0,(anonymous_2)
FNDA:0,(anonymous_3)
FNDA:0,(anonymous_4)
FNDA:0,(anonymous_5)
DA:8,0
DA:9,0
DA:11,0
DA:13,0
DA:350,0
DA:363,0
DA:364,0
DA:367,0
DA:370,0
DA:380,0
LF:10
LH:0
BRDA:73,0,0,0
BRDA:73,0,1,0
BRDA:86,1,0,0
BRDA:86,1,1,0
BRDA:377,2,0,0
BRDA:377,2,1,0
BRF:6
BRH:0
end_of_record
TN:
SF:src\routes\auth.ts
FN:103,(anonymous_9)
FN:126,(anonymous_10)
FN:200,(anonymous_11)
FN:319,(anonymous_12)
FN:347,(anonymous_13)
FN:395,(anonymous_14)
FN:450,(anonymous_15)
FN:481,(anonymous_16)
FN:521,(anonymous_17)
FN:576,(anonymous_18)
FN:582,(anonymous_19)
FN:611,(anonymous_20)
FN:639,(anonymous_21)
FN:676,(anonymous_22)
FN:734,(anonymous_23)
FNF:15
FNH:2
FNDA:2,(anonymous_9)
FNDA:0,(anonymous_10)
FNDA:1,(anonymous_11)
FNDA:0,(anonymous_12)
FNDA:0,(anonymous_13)
FNDA:0,(anonymous_14)
FNDA:0,(anonymous_15)
FNDA:0,(anonymous_16)
FNDA:0,(anonymous_17)
FNDA:0,(anonymous_18)
FNDA:0,(anonymous_19)
FNDA:0,(anonymous_20)
FNDA:0,(anonymous_21)
FNDA:0,(anonymous_22)
FNDA:0,(anonymous_23)
DA:8,2
DA:9,2
DA:10,2
DA:11,2
DA:12,2
DA:13,2
DA:14,2
DA:15,2
DA:16,2
DA:34,2
DA:49,2
DA:61,2
DA:71,2
DA:81,2
DA:92,2
DA:103,2
DA:104,2
DA:105,2
DA:110,2
DA:111,2
DA:112,2
DA:118,2
DA:127,0
DA:129,0
DA:130,0
DA:131,0
DA:138,0
DA:139,0
DA:145,0
DA:152,0
DA:160,0
DA:177,0
DA:178,0
DA:179,0
DA:192,2
DA:201,1
DA:203,1
DA:204,1
DA:205,1
DA:213,0
DA:218,0
DA:219,0
DA:227,0
DA:234,0
DA:239,0
DA:240,0
DA:241,0
DA:248,0
DA:249,0
DA:250,0
DA:258,0
DA:261,0
DA:268,0
DA:277,0
DA:282,0
DA:299,0
DA:300,0
DA:301,0
DA:314,2
DA:320,0
DA:321,0
DA:322,0
DA:325,0
DA:330,0
DA:331,0
DA:332,0
DA:344,2
DA:348,0
DA:349,0
DA:355,0
DA:356,0
DA:362,0
DA:367,0
DA:376,0
DA:377,0
DA:378,0
DA:390,2
DA:396,0
DA:397,0
DA:398,0
DA:399,0
DA:405,0
DA:406,0
DA:408,0
DA:428,0
DA:429,0
DA:430,0
DA:442,2
DA:451,0
DA:452,0
DA:458,0
DA:463,0
DA:464,0
DA:466,0
DA:478,2
DA:482,0
DA:483,0
DA:489,0
DA:490,0
DA:496,0
DA:501,0
DA:502,0
DA:503,0
DA:515,2
DA:522,0
DA:524,0
DA:529,0
DA:530,0
DA:537,0
DA:538,0
DA:544,0
DA:552,0
DA:557,0
DA:558,0
DA:559,0
DA:571,2
DA:577,0
DA:578,0
DA:580,0
DA:582,0
DA:592,0
DA:593,0
DA:594,0
DA:606,2
DA:612,0
DA:613,0
DA:615,0
DA:620,0
DA:621,0
DA:622,0
DA:634,2
DA:640,0
DA:641,0
DA:643,0
DA:648,0
DA:649,0
DA:650,0
DA:662,2
DA:677,0
DA:678,0
DA:680,0
DA:681,0
DA:688,0
DA:693,0
DA:701,0
DA:706,0
DA:707,0
DA:708,0
DA:720,2
DA:735,0
DA:737,0
DA:742,0
DA:743,0
DA:750,0
DA:755,0
DA:763,0
DA:768,0
DA:769,0
DA:770,0
LF:159
LH:38
BRDA:106,0,0,2
BRDA:106,0,1,2
BRDA:107,1,0,2
BRDA:107,1,1,2
BRDA:130,2,0,0
BRDA:177,3,0,0
BRDA:177,3,1,0
BRDA:204,4,0,1
BRDA:218,5,0,0
BRDA:239,6,0,0
BRDA:239,7,0,0
BRDA:239,7,1,0
BRDA:240,8,0,0
BRDA:249,9,0,0
BRDA:299,10,0,0
BRDA:299,10,1,0
BRDA:321,11,0,0
BRDA:330,12,0,0
BRDA:330,12,1,0
BRDA:355,13,0,0
BRDA:376,14,0,0
BRDA:376,14,1,0
BRDA:398,15,0,0
BRDA:418,16,0,0
BRDA:418,16,1,0
BRDA:428,17,0,0
BRDA:428,17,1,0
BRDA:463,18,0,0
BRDA:463,18,1,0
BRDA:489,19,0,0
BRDA:501,20,0,0
BRDA:501,20,1,0
BRDA:529,21,0,0
BRDA:557,22,0,0
BRDA:557,22,1,0
BRDA:592,23,0,0
BRDA:592,23,1,0
BRDA:620,24,0,0
BRDA:620,24,1,0
BRDA:648,25,0,0
BRDA:648,25,1,0
BRDA:680,26,0,0
BRDA:706,27,0,0
BRDA:706,27,1,0
BRDA:742,28,0,0
BRDA:768,29,0,0
BRDA:768,29,1,0
BRF:47
BRH:5
end_of_record
TN:
SF:src\routes\calculations.ts
FN:202,(anonymous_0)
FN:210,(anonymous_1)
FN:253,(anonymous_2)
FN:326,(anonymous_3)
FN:374,(anonymous_4)
FN:428,(anonymous_5)
FN:469,(anonymous_6)
FN:521,(anonymous_7)
FNF:8
FNH:1
FNDA:2,(anonymous_0)
FNDA:0,(anonymous_1)
FNDA:0,(anonymous_2)
FNDA:0,(anonymous_3)
FNDA:0,(anonymous_4)
FNDA:0,(anonymous_5)
FNDA:0,(anonymous_6)
FNDA:0,(anonymous_7)
DA:9,2
DA:11,2
DA:55,2
DA:70,2
DA:100,2
DA:112,2
DA:125,2
DA:164,2
DA:202,2
DA:207,2
DA:211,0
DA:212,0
DA:215,0
DA:217,0
DA:218,0
DA:220,0
DA:221,0
DA:223,0
DA:224,0
DA:227,0
DA:235,0
DA:236,0
DA:237,0
DA:250,2
DA:254,0
DA:255,0
DA:257,0
DA:266,0
DA:275,0
DA:289,0
DA:290,0
DA:291,0
DA:304,2
DA:327,0
DA:328,0
DA:330,0
DA:340,0
DA:343,0
DA:356,0
DA:357,0
DA:358,0
DA:371,2
DA:375,0
DA:376,0
DA:378,0
DA:385,0
DA:386,0
DA:387,0
DA:389,0
DA:390,0
DA:392,0
DA:393,0
DA:395,0
DA:396,0
DA:399,0
DA:410,0
DA:411,0
DA:412,0
DA:425,2
DA:429,0
DA:430,0
DA:432,0
DA:438,0
DA:439,0
DA:441,0
DA:451,0
DA:452,0
DA:453,0
DA:466,2
DA:470,0
DA:471,0
DA:473,0
DA:483,0
DA:486,0
DA:503,0
DA:504,0
DA:505,0
DA:518,2
DA:522,0
DA:523,0
DA:525,0
DA:532,0
DA:533,0
DA:534,0
DA:535,0
DA:536,0
DA:537,0
DA:538,0
DA:541,0
DA:542,0
DA:543,0
DA:547,0
DA:560,0
DA:561,0
DA:562,0
LF:95
LH:16
BRDA:217,0,0,0
BRDA:220,1,0,0
BRDA:223,2,0,0
BRDA:235,3,0,0
BRDA:235,3,1,0
BRDA:262,4,0,0
BRDA:262,4,1,0
BRDA:268,5,0,0
BRDA:268,5,1,0
BRDA:272,6,0,0
BRDA:272,6,1,0
BRDA:289,7,0,0
BRDA:289,7,1,0
BRDA:340,8,0,0
BRDA:340,8,1,0
BRDA:341,9,0,0
BRDA:341,9,1,0
BRDA:356,10,0,0
BRDA:356,10,1,0
BRDA:386,11,0,0
BRDA:386,12,0,0
BRDA:386,12,1,0
BRDA:389,13,0,0
BRDA:389,14,0,0
BRDA:389,14,1,0
BRDA:392,15,0,0
BRDA:395,16,0,0
BRDA:404,17,0,0
BRDA:404,17,1,0
BRDA:410,18,0,0
BRDA:410,18,1,0
BRDA:447,19,0,0
BRDA:447,19,1,0
BRDA:451,20,0,0
BRDA:451,20,1,0
BRDA:483,21,0,0
BRDA:483,21,1,0
BRDA:484,22,0,0
BRDA:484,22,1,0
BRDA:492,23,0,0
BRDA:492,23,1,0
BRDA:503,24,0,0
BRDA:503,24,1,0
BRDA:533,25,0,0
BRDA:533,25,1,0
BRDA:535,26,0,0
BRDA:535,26,1,0
BRDA:537,27,0,0
BRDA:542,28,0,0
BRDA:554,29,0,0
BRDA:554,29,1,0
BRDA:560,30,0,0
BRDA:560,30,1,0
BRF:53
BRH:0
end_of_record
TN:
SF:src\routes\documents.ts
FN:7,(anonymous_0)
FN:41,documentRoutes
FN:44,(anonymous_2)
FN:133,(anonymous_3)
FN:152,(anonymous_4)
FN:183,(anonymous_5)
FN:208,(anonymous_6)
FN:223,(anonymous_7)
FNF:8
FNH:2
FNDA:2,(anonymous_0)
FNDA:2,documentRoutes
FNDA:0,(anonymous_2)
FNDA:0,(anonymous_3)
FNDA:0,(anonymous_4)
FNDA:0,(anonymous_5)
FNDA:0,(anonymous_6)
FNDA:0,(anonymous_7)
DA:2,2
DA:3,2
DA:4,2
DA:7,2
DA:8,2
DA:9,2
DA:10,2
DA:11,2
DA:12,2
DA:13,2
DA:14,2
DA:15,2
DA:19,2
DA:25,2
DA:30,2
DA:41,2
DA:44,2
DA:45,0
DA:47,0
DA:48,0
DA:49,0
DA:53,0
DA:54,0
DA:58,0
DA:59,0
DA:60,0
DA:61,0
DA:62,0
DA:66,0
DA:72,0
DA:73,0
DA:74,0
DA:76,0
DA:77,0
DA:78,0
DA:81,0
DA:82,0
DA:83,0
DA:87,0
DA:102,0
DA:104,0
DA:118,0
DA:121,0
DA:122,0
DA:128,0
DA:133,2
DA:134,0
DA:135,0
DA:138,0
DA:141,0
DA:146,0
DA:152,0
DA:163,0
DA:168,0
DA:171,0
DA:172,0
DA:178,0
DA:183,2
DA:184,0
DA:185,0
DA:189,0
DA:190,0
DA:192,0
DA:193,0
DA:194,0
DA:195,0
DA:196,0
DA:202,0
DA:203,0
DA:207,0
DA:208,0
DA:210,0
DA:211,0
DA:212,0
DA:215,0
DA:217,0
DA:218,0
DA:223,2
DA:224,0
DA:225,0
DA:228,0
DA:230,0
DA:231,0
DA:232,0
DA:233,0
DA:234,0
DA:240,0
DA:241,0
DA:244,0
DA:246,0
DA:251,0
DA:252,0
LF:92
LH:20
BRDA:7,0,0,2
BRDA:7,0,1,2
BRDA:48,1,0,0
BRDA:53,2,0,0
BRDA:82,3,0,0
BRDA:95,4,0,0
BRDA:95,4,1,0
BRDA:121,5,0,0
BRDA:154,6,0,0
BRDA:154,6,1,0
BRDA:155,7,0,0
BRDA:155,7,1,0
BRDA:160,8,0,0
BRDA:160,8,1,0
BRDA:171,9,0,0
BRDA:202,10,0,0
BRDA:202,11,0,0
BRDA:202,11,1,0
BRDA:210,12,0,0
BRDA:240,13,0,0
BRF:20
BRH:2
end_of_record
TN:
SF:src\routes\emailRoutes.ts
FN:14,(anonymous_9)
FN:19,(anonymous_10)
FN:51,(anonymous_11)
FN:80,(anonymous_12)
FN:127,(anonymous_13)
FN:137,(anonymous_14)
FN:159,(anonymous_15)
FN:188,(anonymous_16)
FN:219,(anonymous_17)
FN:239,(anonymous_18)
FN:287,(anonymous_19)
FN:295,(anonymous_20)
FN:326,(anonymous_21)
FN:326,(anonymous_22)
FN:342,handleSendGridWebhook
FN:373,handleMailgunWebhook
FN:396,handleSESWebhook
FN:403,(anonymous_26)
FNF:18
FNH:1
FNDA:2,(anonymous_9)
FNDA:0,(anonymous_10)
FNDA:0,(anonymous_11)
FNDA:0,(anonymous_12)
FNDA:0,(anonymous_13)
FNDA:0,(anonymous_14)
FNDA:0,(anonymous_15)
FNDA:0,(anonymous_16)
FNDA:0,(anonymous_17)
FNDA:0,(anonymous_18)
FNDA:0,(anonymous_19)
FNDA:0,(anonymous_20)
FNDA:0,(anonymous_21)
FNDA:0,(anonymous_22)
FNDA:0,handleSendGridWebhook
FNDA:0,handleMailgunWebhook
FNDA:0,handleSESWebhook
FNDA:0,(anonymous_26)
DA:8,2
DA:9,2
DA:10,2
DA:11,2
DA:12,2
DA:14,2
DA:19,2
DA:23,0
DA:25,0
DA:27,0
DA:30,0
DA:35,0
DA:42,0
DA:44,0
DA:51,2
DA:58,0
DA:59,0
DA:61,0
DA:63,0
DA:66,0
DA:69,0
DA:71,0
DA:73,0
DA:80,2
DA:84,0
DA:86,0
DA:88,0
DA:93,0
DA:97,0
DA:102,0
DA:103,0
DA:113,2
DA:128,0
DA:130,0
DA:133,0
DA:136,0
DA:137,0
DA:143,0
DA:149,0
DA:150,0
DA:159,2
DA:163,0
DA:164,0
DA:165,0
DA:169,0
DA:170,0
DA:177,2
DA:192,0
DA:194,0
DA:195,0
DA:196,0
DA:198,0
DA:199,0
DA:208,2
DA:223,0
DA:225,0
DA:226,0
DA:227,0
DA:229,0
DA:230,0
DA:239,2
DA:246,0
DA:247,0
DA:249,0
DA:251,0
DA:253,0
DA:254,0
DA:256,0
DA:257,0
DA:259,0
DA:260,0
DA:262,0
DA:265,0
DA:267,0
DA:268,0
DA:275,2
DA:291,0
DA:293,0
DA:295,0
DA:298,0
DA:320,0
DA:322,0
DA:326,0
DA:329,0
DA:330,0
DA:343,0
DA:344,0
DA:346,0
DA:348,0
DA:349,0
DA:354,0
DA:357,0
DA:360,0
DA:362,0
DA:363,0
DA:365,0
DA:374,0
DA:376,0
DA:378,0
DA:379,0
DA:384,0
DA:386,0
DA:387,0
DA:389,0
DA:398,0
DA:400,0
DA:401,0
DA:402,0
DA:403,0
DA:406,0
DA:408,0
DA:409,0
DA:414,0
DA:416,0
DA:417,0
DA:419,0
DA:424,2
LF:117
LH:16
BRDA:59,0,0,0
BRDA:73,1,0,0
BRDA:73,1,1,0
BRDA:88,2,0,0
BRDA:251,3,0,0
BRDA:251,3,1,0
BRDA:251,3,2,0
BRDA:251,3,3,0
BRDA:253,4,0,0
BRDA:253,4,1,0
BRDA:308,5,0,0
BRDA:308,5,1,0
BRDA:316,6,0,0
BRDA:316,6,1,0
BRDA:324,7,0,0
BRDA:324,7,1,0
BRDA:333,8,0,0
BRDA:333,8,1,0
BRDA:344,9,0,0
BRDA:344,9,1,0
BRDA:346,10,0,0
BRDA:346,10,1,0
BRDA:346,10,2,0
BRDA:346,10,3,0
BRDA:348,11,0,0
BRDA:351,12,0,0
BRDA:351,12,1,0
BRDA:362,13,0,0
BRDA:376,14,0,0
BRDA:376,14,1,0
BRDA:378,15,0,0
BRDA:381,16,0,0
BRDA:381,16,1,0
BRDA:386,17,0,0
BRDA:398,18,0,0
BRDA:398,18,1,0
BRDA:400,19,0,0
BRDA:406,20,0,0
BRDA:406,20,1,0
BRDA:408,21,0,0
BRDA:411,22,0,0
BRDA:411,22,1,0
BRDA:416,23,0,0
BRF:43
BRH:0
end_of_record
TN:
SF:src\routes\health.ts
FN:12,(anonymous_0)
FN:14,(anonymous_1)
FN:73,(anonymous_2)
FN:94,(anonymous_3)
FN:164,(anonymous_4)
FNF:5
FNH:2
FNDA:2,(anonymous_0)
FNDA:11,(anonymous_1)
FNDA:0,(anonymous_2)
FNDA:0,(anonymous_3)
FNDA:0,(anonymous_4)
DA:8,2
DA:9,2
DA:10,2
DA:12,2
DA:14,2
DA:15,11
DA:25,11
DA:28,11
DA:29,11
DA:30,11
DA:31,11
DA:33,0
DA:34,0
DA:38,11
DA:39,11
DA:47,11
DA:48,11
DA:49,11
DA:51,0
DA:56,11
DA:57,11
DA:58,11
DA:60,0
DA:64,11
DA:65,0
DA:66,0
DA:69,11
DA:73,2
DA:74,0
DA:85,0
DA:87,0
DA:89,0
DA:90,0
DA:91,0
DA:93,0
DA:94,0
DA:96,0
DA:102,0
DA:107,0
DA:108,0
DA:111,0
DA:112,0
DA:116,0
DA:117,0
DA:125,0
DA:126,0
DA:130,0
DA:132,0
DA:140,0
DA:141,0
DA:142,0
DA:148,0
DA:155,0
DA:156,0
DA:157,0
DA:160,0
DA:164,2
DA:165,0
LF:58
LH:23
BRDA:40,0,0,11
BRDA:40,0,1,11
BRDA:41,1,0,11
BRDA:41,1,1,11
BRDA:64,2,0,0
BRDA:103,3,0,0
BRDA:103,3,1,0
BRDA:107,4,0,0
BRDA:107,5,0,0
BRDA:107,5,1,0
BRDA:118,6,0,0
BRDA:118,6,1,0
BRDA:119,7,0,0
BRDA:119,7,1,0
BRDA:155,8,0,0
BRF:15
BRH:4
end_of_record
TN:
SF:src\routes\healthV2.ts
FN:12,(anonymous_0)
FN:17,(anonymous_1)
FN:21,(anonymous_2)
FN:46,(anonymous_3)
FN:104,(anonymous_4)
FN:159,(anonymous_5)
FN:206,(anonymous_6)
FN:258,(anonymous_7)
FNF:8
FNH:0
FNDA:0,(anonymous_0)
FNDA:0,(anonymous_1)
FNDA:0,(anonymous_2)
FNDA:0,(anonymous_3)
FNDA:0,(anonymous_4)
FNDA:0,(anonymous_5)
FNDA:0,(anonymous_6)
FNDA:0,(anonymous_7)
DA:8,0
DA:9,0
DA:10,0
DA:12,0
DA:14,0
DA:17,0
DA:18,0
DA:21,0
DA:22,0
DA:29,0
DA:47,0
DA:49,0
DA:50,0
DA:52,0
DA:60,0
DA:61,0
DA:63,0
DA:64,0
DA:72,0
DA:105,0
DA:107,0
DA:108,0
DA:109,0
DA:112,0
DA:117,0
DA:120,0
DA:122,0
DA:124,0
DA:125,0
DA:127,0
DA:140,0
DA:160,0
DA:161,0
DA:162,0
DA:164,0
DA:165,0
DA:167,0
DA:170,0
DA:171,0
DA:179,0
DA:207,0
DA:208,0
DA:209,0
DA:211,0
DA:212,0
DA:214,0
DA:215,0
DA:226,0
DA:259,0
DA:260,0
DA:262,0
DA:263,0
DA:264,0
DA:266,0
DA:267,0
DA:269,0
DA:271,0
DA:276,0
DA:278,0
DA:283,0
DA:284,0
DA:285,0
LF:62
LH:0
BRDA:56,0,0,0
BRDA:56,0,1,0
BRDA:57,1,0,0
BRDA:57,1,1,0
BRDA:117,2,0,0
BRDA:117,2,1,0
BRDA:118,3,0,0
BRDA:118,3,1,0
BRDA:164,4,0,0
BRDA:164,4,1,0
BRDA:211,5,0,0
BRDA:211,5,1,0
BRDA:266,6,0,0
BRDA:266,6,1,0
BRF:14
BRH:0
end_of_record
TN:
SF:src\routes\metrics.ts
FN:10,(anonymous_0)
FN:14,(anonymous_1)
FN:31,(anonymous_2)
FNF:3
FNH:0
FNDA:0,(anonymous_0)
FNDA:0,(anonymous_1)
FNDA:0,(anonymous_2)
DA:8,0
DA:10,0
DA:14,0
DA:15,0
DA:17,0
DA:19,0
DA:23,0
DA:24,0
DA:31,0
DA:32,0
DA:34,0
DA:51,0
DA:53,0
DA:54,0
LF:14
LH:0
BRF:0
BRH:0
end_of_record
TN:
SF:src\routes\reportRoutes.ts
FN:13,(anonymous_0)
FN:39,(anonymous_1)
FN:103,(anonymous_2)
FN:178,(anonymous_3)
FN:209,(anonymous_4)
FNF:5
FNH:1
FNDA:2,(anonymous_0)
FNDA:0,(anonymous_1)
FNDA:0,(anonymous_2)
FNDA:0,(anonymous_3)
FNDA:0,(anonymous_4)
DA:8,2
DA:10,2
DA:11,2
DA:13,2
DA:14,2
DA:15,2
DA:16,2
DA:19,2
DA:40,0
DA:42,0
DA:44,0
DA:46,0
DA:47,0
DA:54,0
DA:57,0
DA:58,0
DA:60,0
DA:61,0
DA:66,2
DA:119,0
DA:121,0
DA:123,0
DA:132,0
DA:133,0
DA:135,0
DA:137,0
DA:138,0
DA:143,2
DA:179,0
DA:181,0
DA:183,0
DA:186,0
DA:187,0
DA:189,0
DA:191,0
DA:192,0
DA:197,2
DA:210,0
DA:212,0
DA:214,0
DA:217,0
DA:218,0
DA:219,0
DA:221,0
DA:223,0
DA:224,0
DA:229,2
LF:47
LH:12
BRDA:46,0,0,0
BRF:1
BRH:0
end_of_record
TN:
SF:src\routes\scenarios.ts
FN:14,scenarioRoutes
FN:22,(anonymous_1)
FN:58,(anonymous_2)
FN:80,(anonymous_3)
FN:108,(anonymous_4)
FN:131,(anonymous_5)
FN:152,(anonymous_6)
FN:176,(anonymous_7)
FNF:8
FNH:1
FNDA:2,scenarioRoutes
FNDA:0,(anonymous_1)
FNDA:0,(anonymous_2)
FNDA:0,(anonymous_3)
FNDA:0,(anonymous_4)
FNDA:0,(anonymous_5)
FNDA:0,(anonymous_6)
FNDA:0,(anonymous_7)
DA:8,2
DA:9,2
DA:10,2
DA:12,2
DA:14,2
DA:15,2
DA:16,2
DA:17,2
DA:20,2
DA:23,0
DA:25,0
DA:26,0
DA:27,0
DA:34,0
DA:35,0
DA:36,0
DA:37,0
DA:44,0
DA:45,0
DA:47,0
DA:48,0
DA:56,2
DA:59,0
DA:60,0
DA:62,0
DA:63,0
DA:66,0
DA:68,0
DA:69,0
DA:77,2
DA:81,0
DA:82,0
DA:87,0
DA:88,0
DA:91,0
DA:93,0
DA:94,0
DA:102,2
DA:109,0
DA:110,0
DA:112,0
DA:118,0
DA:120,0
DA:121,0
DA:129,2
DA:132,0
DA:133,0
DA:135,0
DA:136,0
DA:139,0
DA:141,0
DA:142,0
DA:150,2
DA:153,0
DA:154,0
DA:156,0
DA:157,0
DA:160,0
DA:165,0
DA:166,0
DA:174,2
DA:177,0
DA:179,0
DA:181,0
DA:182,0
DA:186,0
DA:187,0
DA:189,0
DA:190,0
DA:197,0
DA:204,0
DA:206,0
DA:217,0
DA:218,0
LF:74
LH:15
BRDA:26,0,0,0
BRDA:34,1,0,0
BRDA:36,2,0,0
BRDA:50,3,0,0
BRDA:50,3,1,0
BRDA:62,4,0,0
BRDA:71,5,0,0
BRDA:71,5,1,0
BRDA:87,6,0,0
BRDA:96,7,0,0
BRDA:96,7,1,0
BRDA:113,8,0,0
BRDA:113,8,1,0
BRDA:114,9,0,0
BRDA:114,9,1,0
BRDA:123,10,0,0
BRDA:123,10,1,0
BRDA:135,11,0,0
BRDA:144,12,0,0
BRDA:144,12,1,0
BRDA:156,13,0,0
BRDA:168,14,0,0
BRDA:168,14,1,0
BRDA:181,15,0,0
BRDA:189,16,0,0
BRDA:189,17,0,0
BRDA:189,17,1,0
BRDA:220,18,0,0
BRDA:220,18,1,0
BRF:29
BRH:0
end_of_record
TN:
SF:src\routes\taskRoutes.ts
FN:11,(anonymous_0)
FN:41,(anonymous_1)
FN:105,(anonymous_2)
FN:165,(anonymous_3)
FN:230,(anonymous_4)
FN:291,(anonymous_5)
FN:348,(anonymous_6)
FN:427,(anonymous_7)
FN:473,(anonymous_8)
FNF:9
FNH:1
FNDA:2,(anonymous_0)
FNDA:0,(anonymous_1)
FNDA:0,(anonymous_2)
FNDA:0,(anonymous_3)
FNDA:0,(anonymous_4)
FNDA:0,(anonymous_5)
FNDA:0,(anonymous_6)
FNDA:0,(anonymous_7)
FNDA:0,(anonymous_8)
DA:9,2
DA:11,2
DA:14,2
DA:49,0
DA:50,0
DA:52,0
DA:53,0
DA:56,0
DA:57,0
DA:64,0
DA:66,0
DA:68,0
DA:74,0
DA:75,0
DA:80,2
DA:112,0
DA:113,0
DA:115,0
DA:116,0
DA:119,0
DA:120,0
DA:126,0
DA:128,0
DA:133,0
DA:134,0
DA:139,2
DA:173,0
DA:174,0
DA:176,0
DA:177,0
DA:180,0
DA:181,0
DA:188,0
DA:190,0
DA:195,0
DA:196,0
DA:201,2
DA:238,0
DA:239,0
DA:241,0
DA:242,0
DA:245,0
DA:246,0
DA:253,0
DA:255,0
DA:260,0
DA:261,0
DA:266,2
DA:297,0
DA:299,0
DA:300,0
DA:301,0
DA:303,0
DA:309,0
DA:310,0
DA:315,2
DA:349,0
DA:351,0
DA:352,0
DA:354,0
DA:355,0
DA:359,0
DA:360,0
DA:361,0
DA:362,0
DA:363,0
DA:365,0
DA:368,0
DA:380,0
DA:381,0
DA:386,2
DA:428,0
DA:429,0
DA:430,0
DA:432,0
DA:433,0
DA:438,2
DA:479,0
DA:482,0
DA:483,0
DA:486,0
DA:492,0
DA:498,0
DA:499,0
DA:504,2
LF:85
LH:11
BRDA:49,0,0,0
BRDA:52,1,0,0
BRDA:66,2,0,0
BRDA:66,2,1,0
BRDA:112,3,0,0
BRDA:115,4,0,0
BRDA:173,5,0,0
BRDA:176,6,0,0
BRDA:238,7,0,0
BRDA:241,8,0,0
BRDA:300,9,0,0
BRDA:300,9,1,0
BRDA:306,10,0,0
BRDA:306,10,1,0
BRDA:354,11,0,0
BRDA:360,12,0,0
BRDA:360,12,1,0
BRDA:361,13,0,0
BRDA:361,13,1,0
BRDA:362,14,0,0
BRDA:362,14,1,0
BRDA:371,15,0,0
BRDA:371,15,1,0
BRDA:374,16,0,0
BRDA:374,16,1,0
BRDA:375,17,0,0
BRDA:375,17,1,0
BRDA:376,18,0,0
BRDA:376,18,1,0
BRDA:377,19,0,0
BRDA:377,19,1,0
BRDA:482,20,0,0
BRF:32
BRH:0
end_of_record
TN:
SF:src\schemas\validation.ts
FN:356,createValidationError
FN:366,(anonymous_1)
FNF:2
FNH:0
FNDA:0,createValidationError
FNDA:0,(anonymous_1)
DA:7,0
DA:10,0
DA:21,0
DA:39,0
DA:66,0
DA:74,0
DA:85,0
DA:93,0
DA:145,0
DA:147,0
DA:164,0
DA:178,0
DA:200,0
DA:221,0
DA:267,0
DA:291,0
DA:303,0
DA:319,0
DA:356,0
DA:362,0
DA:366,0
LF:21
LH:0
BRF:0
BRH:0
end_of_record
TN:
SF:src\services\authService.ts
FN:34,(anonymous_9)
FN:42,(anonymous_10)
FN:109,(anonymous_11)
FN:209,(anonymous_12)
FN:254,(anonymous_13)
FN:262,(anonymous_14)
FN:322,(anonymous_15)
FN:399,(anonymous_16)
FN:441,(anonymous_17)
FN:448,(anonymous_18)
FN:458,(anonymous_19)
FN:464,(anonymous_20)
FN:491,(anonymous_21)
FN:538,(anonymous_22)
FN:568,(anonymous_23)
FN:581,(anonymous_24)
FN:588,(anonymous_25)
FNF:17
FNH:10
FNDA:19,(anonymous_9)
FNDA:2,(anonymous_10)
FNDA:2,(anonymous_11)
FNDA:1,(anonymous_12)
FNDA:2,(anonymous_13)
FNDA:2,(anonymous_14)
FNDA:0,(anonymous_15)
FNDA:3,(anonymous_16)
FNDA:0,(anonymous_17)
FNDA:0,(anonymous_18)
FNDA:0,(anonymous_19)
FNDA:0,(anonymous_20)
FNDA:2,(anonymous_21)
FNDA:9,(anonymous_22)
FNDA:0,(anonymous_23)
FNDA:0,(anonymous_24)
FNDA:4,(anonymous_25)
DA:8,3
DA:9,3
DA:10,3
DA:11,3
DA:12,3
DA:14,3
DA:19,3
DA:20,3
DA:21,3
DA:26,3
DA:29,19
DA:30,19
DA:31,19
DA:32,19
DA:35,19
DA:36,19
DA:47,2
DA:48,2
DA:49,2
DA:51,2
DA:52,2
DA:53,2
DA:56,2
DA:69,1
DA:83,1
DA:86,1
DA:89,1
DA:97,1
DA:99,1
DA:100,1
DA:102,2
DA:114,2
DA:115,2
DA:117,2
DA:127,2
DA:128,1
DA:129,1
DA:130,1
DA:133,1
DA:140,1
DA:141,1
DA:143,1
DA:158,1
DA:164,1
DA:167,1
DA:176,1
DA:184,1
DA:197,1
DA:199,0
DA:200,0
DA:202,2
DA:210,1
DA:211,1
DA:212,1
DA:215,1
DA:222,1
DA:228,1
DA:231,1
DA:232,1
DA:235,1
DA:238,1
DA:244,0
DA:245,0
DA:247,1
DA:255,2
DA:256,2
DA:263,2
DA:264,2
DA:266,2
DA:271,2
DA:273,1
DA:276,1
DA:277,1
DA:278,1
DA:281,1
DA:293,1
DA:299,1
DA:307,1
DA:315,2
DA:327,0
DA:328,0
DA:330,0
DA:336,0
DA:337,0
DA:338,0
DA:339,0
DA:342,0
DA:345,0
DA:352,0
DA:359,0
DA:365,0
DA:368,0
DA:376,0
DA:383,0
DA:387,0
DA:389,0
DA:390,0
DA:392,0
DA:400,3
DA:401,3
DA:403,3
DA:405,0
DA:408,3
DA:410,2
DA:415,2
DA:416,1
DA:423,1
DA:432,2
DA:435,1
DA:442,0
DA:449,0
DA:450,0
DA:452,0
DA:458,0
DA:459,0
DA:463,0
DA:464,0
DA:468,0
DA:476,0
DA:478,0
DA:484,0
DA:492,2
DA:497,2
DA:498,0
DA:501,2
DA:504,2
DA:511,2
DA:512,1
DA:513,1
DA:517,1
DA:518,1
DA:519,1
DA:521,1
DA:522,1
DA:527,1
DA:528,1
DA:532,0
DA:545,9
DA:546,9
DA:559,8
DA:561,1
DA:569,0
DA:575,0
DA:582,0
DA:589,4
LF:145
LH:104
BRDA:129,0,0,1
BRDA:271,1,0,1
BRDA:338,2,0,0
BRDA:403,3,0,0
BRDA:408,4,0,2
BRDA:415,5,0,1
BRDA:497,6,0,0
BRDA:511,7,0,1
BRDA:519,8,0,1
BRDA:554,9,0,9
BRDA:554,9,1,2
BRF:11
BRH:8
end_of_record
TN:
SF:src\services\calculationService.ts
FN:59,(anonymous_0)
FN:68,(anonymous_1)
FN:80,(anonymous_2)
FN:102,(anonymous_3)
FN:134,(anonymous_4)
FN:208,(anonymous_5)
FN:364,(anonymous_7)
FN:477,(anonymous_8)
FN:535,(anonymous_9)
FN:629,(anonymous_10)
FN:735,(anonymous_11)
FNF:11
FNH:3
FNDA:0,(anonymous_0)
FNDA:0,(anonymous_1)
FNDA:11,(anonymous_2)
FNDA:0,(anonymous_3)
FNDA:0,(anonymous_4)
FNDA:0,(anonymous_5)
FNDA:1,(anonymous_7)
FNDA:0,(anonymous_8)
FNDA:0,(anonymous_9)
FNDA:0,(anonymous_10)
FNDA:2,(anonymous_11)
DA:54,5
DA:60,0
DA:61,0
DA:72,0
DA:73,0
DA:85,11
DA:87,0
DA:90,11
DA:91,11
DA:95,11
DA:110,0
DA:113,0
DA:115,0
DA:118,0
DA:119,0
DA:122,0
DA:123,0
DA:127,0
DA:142,0
DA:143,0
DA:146,0
DA:147,0
DA:148,0
DA:149,0
DA:150,0
DA:153,0
DA:154,0
DA:155,0
DA:161,0
DA:162,0
DA:164,0
DA:166,0
DA:175,0
DA:178,0
DA:179,0
DA:180,0
DA:183,0
DA:184,0
DA:185,0
DA:188,0
DA:189,0
DA:190,0
DA:192,0
DA:217,0
DA:218,0
DA:221,0
DA:222,0
DA:223,0
DA:224,0
DA:225,0
DA:226,0
DA:227,0
DA:231,0
DA:232,0
DA:233,0
DA:234,0
DA:235,0
DA:236,0
DA:237,0
DA:241,0
DA:242,0
DA:243,0
DA:244,0
DA:246,0
DA:266,11
DA:267,11
DA:270,11
DA:271,11
DA:274,11
DA:279,11
DA:285,11
DA:291,11
DA:293,11
DA:296,11
DA:299,11
DA:304,11
DA:308,11
DA:309,0
DA:310,11
DA:311,2
DA:313,9
DA:317,11
DA:320,11
DA:321,11
DA:326,11
DA:329,11
DA:330,11
DA:333,11
DA:334,11
DA:335,9
DA:336,9
DA:341,11
DA:386,1
DA:394,1
DA:396,1
DA:397,1
DA:398,1
DA:400,1
DA:401,1
DA:403,1
DA:404,1
DA:405,1
DA:406,1
DA:407,1
DA:412,1
DA:416,1
DA:424,1
DA:425,1
DA:426,0
DA:427,0
DA:428,0
DA:429,0
DA:435,0
DA:436,0
DA:437,0
DA:439,0
DA:444,1
DA:445,1
DA:446,1
DA:447,1
DA:448,1
DA:454,1
DA:455,1
DA:456,1
DA:458,0
DA:461,1
DA:514,0
DA:515,0
DA:516,0
DA:519,0
DA:520,0
DA:521,0
DA:522,0
DA:523,0
DA:524,0
DA:527,0
DA:535,0
DA:536,0
DA:537,0
DA:538,0
DA:539,0
DA:541,0
DA:542,0
DA:544,0
DA:545,0
DA:555,0
DA:556,0
DA:561,0
DA:567,0
DA:570,0
DA:571,0
DA:572,0
DA:573,0
DA:574,0
DA:575,0
DA:579,0
DA:587,0
DA:588,0
DA:589,0
DA:593,0
DA:594,0
DA:595,0
DA:597,0
DA:598,0
DA:599,0
DA:601,0
DA:603,0
DA:605,0
DA:606,0
DA:607,0
DA:611,0
DA:662,0
DA:665,0
DA:672,0
DA:675,0
DA:680,0
DA:683,0
DA:684,0
DA:685,0
DA:688,0
DA:689,0
DA:692,0
DA:693,0
DA:696,0
DA:697,0
DA:700,0
DA:701,0
DA:705,0
DA:710,0
DA:711,0
DA:715,0
DA:756,2
DA:764,2
DA:769,2
DA:770,2
DA:773,2
DA:774,2
DA:779,2
DA:782,2
DA:788,2
DA:789,2
DA:790,2
DA:795,2
DA:799,2
LF:204
LH:70
BRDA:60,0,0,0
BRDA:72,1,0,0
BRDA:85,2,0,0
BRDA:105,3,0,0
BRDA:106,4,0,0
BRDA:107,5,0,0
BRDA:115,6,0,0
BRDA:118,7,0,0
BRDA:146,8,0,0
BRDA:147,9,0,0
BRDA:148,10,0,0
BRDA:149,11,0,0
BRDA:150,12,0,0
BRDA:178,13,0,0
BRDA:178,13,1,0
BRDA:179,14,0,0
BRDA:179,14,1,0
BRDA:180,15,0,0
BRDA:183,16,0,0
BRDA:183,16,1,0
BRDA:184,17,0,0
BRDA:184,17,1,0
BRDA:185,18,0,0
BRDA:188,19,0,0
BRDA:189,20,0,0
BRDA:190,21,0,0
BRDA:221,22,0,0
BRDA:221,22,1,0
BRDA:224,23,0,0
BRDA:224,23,1,0
BRDA:226,24,0,0
BRDA:231,25,0,0
BRDA:231,25,1,0
BRDA:234,26,0,0
BRDA:234,26,1,0
BRDA:236,27,0,0
BRDA:263,28,0,10
BRDA:274,29,0,10
BRDA:274,29,1,1
BRDA:279,30,0,11
BRDA:279,30,1,6
BRDA:280,31,0,11
BRDA:280,31,1,10
BRDA:281,32,0,11
BRDA:281,32,1,1
BRDA:282,33,0,11
BRDA:282,33,1,11
BRDA:308,34,0,0
BRDA:308,34,1,11
BRDA:310,35,0,2
BRDA:310,35,1,9
BRDA:321,36,0,10
BRDA:321,36,1,1
BRDA:334,37,0,9
BRDA:334,38,0,11
BRDA:334,38,1,11
BRDA:396,39,0,1
BRDA:397,40,0,1
BRDA:400,41,0,1
BRDA:403,42,0,1
BRDA:406,43,0,1
BRDA:412,44,0,1
BRDA:412,44,1,0
BRDA:425,45,0,0
BRDA:435,46,0,0
BRDA:454,47,0,1
BRDA:548,48,0,0
BRDA:548,48,1,0
BRDA:575,49,0,0
BRDA:598,50,0,0
BRDA:598,50,1,0
BRDA:605,51,0,0
BRDA:605,52,0,0
BRDA:605,52,1,0
BRDA:675,53,0,0
BRDA:675,53,1,0
BRDA:680,54,0,0
BRDA:680,54,1,0
BRDA:688,55,0,0
BRDA:692,56,0,0
BRDA:696,57,0,0
BRDA:700,58,0,0
BRDA:700,59,0,0
BRDA:700,59,1,0
BRDA:705,60,0,0
BRDA:705,60,1,0
BRDA:705,60,2,0
BRDA:707,61,0,0
BRDA:707,61,1,0
BRDA:711,62,0,0
BRDA:711,62,1,0
BRDA:741,63,0,0
BRDA:764,64,0,2
BRDA:764,64,1,0
BRDA:774,65,0,2
BRDA:774,65,1,0
BRDA:782,66,0,0
BRDA:782,66,1,2
BRDA:790,67,0,2
BRDA:790,67,1,0
BRDA:795,68,0,2
BRDA:795,68,1,0
BRF:102
BRH:31
end_of_record
TN:
SF:src\services\email.ts
FN:16,(anonymous_9)
FN:26,(anonymous_10)
FN:28,(anonymous_11)
FN:35,(anonymous_12)
FN:37,(anonymous_13)
FN:44,(anonymous_14)
FN:46,(anonymous_15)
FN:53,(anonymous_16)
FN:55,(anonymous_17)
FN:62,(anonymous_18)
FN:64,(anonymous_19)
FN:68,(anonymous_20)
FN:70,(anonymous_21)
FN:74,(anonymous_22)
FN:80,(anonymous_23)
FN:84,(anonymous_24)
FN:89,(anonymous_25)
FNF:17
FNH:0
FNDA:0,(anonymous_9)
FNDA:0,(anonymous_10)
FNDA:0,(anonymous_11)
FNDA:0,(anonymous_12)
FNDA:0,(anonymous_13)
FNDA:0,(anonymous_14)
FNDA:0,(anonymous_15)
FNDA:0,(anonymous_16)
FNDA:0,(anonymous_17)
FNDA:0,(anonymous_18)
FNDA:0,(anonymous_19)
FNDA:0,(anonymous_20)
FNDA:0,(anonymous_21)
FNDA:0,(anonymous_22)
FNDA:0,(anonymous_23)
FNDA:0,(anonymous_24)
FNDA:0,(anonymous_25)
DA:7,2
DA:11,2
DA:17,0
DA:18,0
DA:20,0
DA:27,0
DA:28,0
DA:29,0
DA:36,0
DA:37,0
DA:38,0
DA:45,0
DA:46,0
DA:47,0
DA:54,0
DA:55,0
DA:56,0
DA:63,0
DA:64,0
DA:65,0
DA:69,0
DA:70,0
DA:71,0
DA:79,0
DA:80,0
DA:81,0
DA:88,0
DA:89,0
DA:90,0
DA:95,2
LF:30
LH:3
BRDA:17,0,0,0
BRF:1
BRH:0
end_of_record
TN:
SF:src\services\emailMonitoringService.ts
FN:68,(anonymous_0)
FN:74,(anonymous_1)
FN:176,(anonymous_2)
FN:178,(anonymous_3)
FN:199,(anonymous_4)
FN:207,(anonymous_5)
FN:227,(anonymous_6)
FN:256,(anonymous_7)
FN:263,(anonymous_8)
FN:270,(anonymous_9)
FN:277,(anonymous_10)
FN:284,(anonymous_11)
FN:291,(anonymous_12)
FN:298,(anonymous_13)
FN:305,(anonymous_14)
FN:312,(anonymous_15)
FN:319,(anonymous_16)
FN:328,(anonymous_17)
FN:362,(anonymous_18)
FN:375,(anonymous_19)
FN:377,(anonymous_20)
FN:385,(anonymous_21)
FN:393,(anonymous_22)
FN:395,(anonymous_23)
FN:396,(anonymous_24)
FN:405,(anonymous_25)
FN:420,(anonymous_26)
FNF:27
FNH:4
FNDA:2,(anonymous_0)
FNDA:2,(anonymous_1)
FNDA:2,(anonymous_2)
FNDA:0,(anonymous_3)
FNDA:0,(anonymous_4)
FNDA:0,(anonymous_5)
FNDA:0,(anonymous_6)
FNDA:0,(anonymous_7)
FNDA:0,(anonymous_8)
FNDA:0,(anonymous_9)
FNDA:0,(anonymous_10)
FNDA:0,(anonymous_11)
FNDA:0,(anonymous_12)
FNDA:0,(anonymous_13)
FNDA:0,(anonymous_14)
FNDA:0,(anonymous_15)
FNDA:0,(anonymous_16)
FNDA:0,(anonymous_17)
FNDA:0,(anonymous_18)
FNDA:0,(anonymous_19)
FNDA:0,(anonymous_20)
FNDA:2,(anonymous_21)
FNDA:0,(anonymous_22)
FNDA:0,(anonymous_23)
FNDA:0,(anonymous_24)
FNDA:0,(anonymous_25)
FNDA:0,(anonymous_26)
DA:7,2
DA:8,2
DA:9,2
DA:31,2
DA:54,2
DA:57,2
DA:65,2
DA:66,2
DA:69,2
DA:70,2
DA:76,2
DA:79,2
DA:86,2
DA:93,2
DA:100,2
DA:107,2
DA:114,2
DA:122,2
DA:130,2
DA:137,2
DA:146,2
DA:153,2
DA:159,2
DA:165,2
DA:178,2
DA:179,0
DA:180,0
DA:182,0
DA:183,0
DA:184,0
DA:185,0
DA:188,0
DA:191,0
DA:192,0
DA:193,0
DA:199,2
DA:200,0
DA:208,0
DA:209,0
DA:210,0
DA:213,0
DA:219,0
DA:220,0
DA:221,0
DA:228,0
DA:229,0
DA:232,0
DA:238,0
DA:239,0
DA:240,0
DA:241,0
DA:244,0
DA:245,0
DA:257,0
DA:264,0
DA:271,0
DA:278,0
DA:285,0
DA:292,0
DA:299,0
DA:306,0
DA:313,0
DA:320,0
DA:321,0
DA:322,0
DA:329,0
DA:333,0
DA:334,0
DA:338,0
DA:339,0
DA:340,0
DA:341,0
DA:350,0
DA:351,0
DA:363,0
DA:376,0
DA:377,0
DA:378,0
DA:386,2
DA:387,2
DA:394,0
DA:395,0
DA:396,0
DA:398,0
DA:405,0
DA:421,0
DA:422,0
DA:424,0
DA:425,0
DA:426,0
DA:427,0
DA:429,0
DA:434,2
LF:93
LH:29
BRDA:191,0,0,0
BRDA:191,0,1,0
BRDA:192,1,0,0
BRDA:213,2,0,0
BRDA:213,2,1,0
BRDA:232,3,0,0
BRDA:232,3,1,0
BRDA:244,4,0,0
BRDA:321,5,0,0
BRDA:321,6,0,0
BRDA:321,6,1,0
BRDA:333,7,0,0
BRDA:340,8,0,0
BRDA:350,9,0,0
BRDA:402,10,0,0
BRDA:402,10,1,0
BRDA:422,11,0,0
BRDA:425,12,0,0
BRDA:426,13,0,0
BRDA:427,14,0,0
BRF:20
BRH:0
end_of_record
TN:
SF:src\services\emailPreferencesService.ts
FN:40,(anonymous_1)
FN:53,(anonymous_2)
FN:92,(anonymous_3)
FN:116,(anonymous_4)
FN:157,(anonymous_5)
FN:186,(anonymous_6)
FN:208,(anonymous_7)
FN:215,(anonymous_8)
FN:255,(anonymous_9)
FN:280,(anonymous_10)
FN:308,(anonymous_11)
FN:317,(anonymous_12)
FN:324,(anonymous_13)
FN:334,(anonymous_14)
FNF:14
FNH:2
FNDA:2,(anonymous_1)
FNDA:0,(anonymous_2)
FNDA:0,(anonymous_3)
FNDA:0,(anonymous_4)
FNDA:0,(anonymous_5)
FNDA:0,(anonymous_6)
FNDA:0,(anonymous_7)
FNDA:0,(anonymous_8)
FNDA:0,(anonymous_9)
FNDA:0,(anonymous_10)
FNDA:2,(anonymous_11)
FNDA:0,(anonymous_12)
FNDA:0,(anonymous_13)
FNDA:0,(anonymous_14)
DA:7,2
DA:8,2
DA:35,2
DA:37,2
DA:38,2
DA:42,2
DA:47,2
DA:55,0
DA:56,0
DA:57,0
DA:61,0
DA:64,0
DA:65,0
DA:80,0
DA:84,0
DA:86,0
DA:96,0
DA:98,0
DA:105,0
DA:106,0
DA:108,0
DA:110,0
DA:124,0
DA:125,0
DA:126,0
DA:133,0
DA:136,0
DA:137,0
DA:144,0
DA:145,0
DA:151,0
DA:162,0
DA:169,0
DA:172,0
DA:173,0
DA:174,0
DA:175,0
DA:176,0
DA:177,0
DA:180,0
DA:187,0
DA:189,0
DA:191,0
DA:192,0
DA:193,0
DA:194,0
DA:195,0
DA:196,0
DA:199,0
DA:202,0
DA:209,0
DA:222,0
DA:224,0
DA:226,0
DA:227,0
DA:234,0
DA:236,0
DA:237,0
DA:241,0
DA:242,0
DA:245,0
DA:246,0
DA:247,0
DA:249,0
DA:257,0
DA:260,0
DA:261,0
DA:262,0
DA:269,0
DA:271,0
DA:272,0
DA:274,0
DA:286,0
DA:293,0
DA:294,0
DA:295,0
DA:296,0
DA:298,0
DA:302,0
DA:311,2
DA:318,0
DA:325,0
DA:326,0
DA:328,0
DA:335,0
DA:336,0
DA:338,0
DA:340,0
DA:341,0
DA:342,0
DA:343,0
DA:347,0
DA:348,0
DA:353,2
LF:94
LH:9
BRDA:56,0,0,0
BRDA:64,1,0,0
BRDA:124,2,0,0
BRDA:136,3,0,0
BRDA:144,4,0,0
BRDA:160,5,0,0
BRDA:173,6,0,0
BRDA:189,7,0,0
BRDA:192,8,0,0
BRDA:224,9,0,0
BRDA:224,9,1,0
BRDA:234,10,0,0
BRDA:234,10,1,0
BRDA:294,11,0,0
BRDA:294,11,1,0
BRDA:295,12,0,0
BRDA:295,12,1,0
BRDA:334,13,0,0
BRDA:341,14,0,0
BRDA:341,15,0,0
BRDA:341,15,1,0
BRF:21
BRH:0
end_of_record
TN:
SF:src\services\emailProviderService.ts
FN:34,(anonymous_1)
FN:41,(anonymous_2)
FN:45,(anonymous_3)
FN:55,(anonymous_4)
FN:106,(anonymous_5)
FN:128,(anonymous_6)
FN:144,(anonymous_7)
FN:158,(anonymous_8)
FN:168,(anonymous_9)
FN:175,(anonymous_10)
FN:193,(anonymous_11)
FN:214,(anonymous_12)
FN:234,(anonymous_13)
FN:244,(anonymous_14)
FN:272,(anonymous_15)
FN:378,(anonymous_16)
FN:380,(anonymous_17)
FN:381,(anonymous_18)
FN:403,(anonymous_19)
FN:407,(anonymous_20)
FN:432,(anonymous_21)
FN:433,(anonymous_22)
FN:439,(anonymous_23)
FN:440,(anonymous_24)
FN:446,(anonymous_25)
FN:474,(anonymous_26)
FN:499,(anonymous_27)
FN:501,(anonymous_28)
FN:509,(anonymous_29)
FN:540,(anonymous_30)
FN:541,(anonymous_31)
FN:555,(anonymous_32)
FN:563,(anonymous_33)
FN:580,(anonymous_34)
FNF:34
FNH:1
FNDA:2,(anonymous_1)
FNDA:0,(anonymous_2)
FNDA:0,(anonymous_3)
FNDA:0,(anonymous_4)
FNDA:0,(anonymous_5)
FNDA:0,(anonymous_6)
FNDA:0,(anonymous_7)
FNDA:0,(anonymous_8)
FNDA:0,(anonymous_9)
FNDA:0,(anonymous_10)
FNDA:0,(anonymous_11)
FNDA:0,(anonymous_12)
FNDA:0,(anonymous_13)
FNDA:0,(anonymous_14)
FNDA:0,(anonymous_15)
FNDA:0,(anonymous_16)
FNDA:0,(anonymous_17)
FNDA:0,(anonymous_18)
FNDA:0,(anonymous_19)
FNDA:0,(anonymous_20)
FNDA:0,(anonymous_21)
FNDA:0,(anonymous_22)
FNDA:0,(anonymous_23)
FNDA:0,(anonymous_24)
FNDA:0,(anonymous_25)
FNDA:0,(anonymous_26)
FNDA:0,(anonymous_27)
FNDA:0,(anonymous_28)
FNDA:0,(anonymous_29)
FNDA:0,(anonymous_30)
FNDA:0,(anonymous_31)
FNDA:0,(anonymous_32)
FNDA:0,(anonymous_33)
FNDA:0,(anonymous_34)
DA:7,2
DA:8,2
DA:9,2
DA:10,2
DA:11,2
DA:12,2
DA:13,2
DA:14,2
DA:28,2
DA:29,2
DA:30,2
DA:31,2
DA:32,2
DA:42,0
DA:43,0
DA:45,0
DA:47,0
DA:57,0
DA:58,0
DA:69,0
DA:70,0
DA:76,0
DA:80,0
DA:81,0
DA:85,0
DA:86,0
DA:96,0
DA:97,0
DA:100,0
DA:112,0
DA:113,0
DA:116,0
DA:117,0
DA:119,0
DA:121,0
DA:129,0
DA:132,0
DA:135,0
DA:137,0
DA:145,0
DA:149,0
DA:151,0
DA:159,0
DA:161,0
DA:169,0
DA:175,0
DA:183,0
DA:187,0
DA:200,0
DA:201,0
DA:207,0
DA:215,0
DA:224,0
DA:228,0
DA:235,0
DA:237,0
DA:245,0
DA:261,0
DA:262,0
DA:266,0
DA:279,0
DA:280,0
DA:283,0
DA:285,0
DA:286,0
DA:289,0
DA:290,0
DA:292,0
DA:294,0
DA:299,0
DA:300,0
DA:304,0
DA:308,0
DA:310,0
DA:312,0
DA:315,0
DA:318,0
DA:319,0
DA:326,0
DA:328,0
DA:336,0
DA:339,0
DA:341,0
DA:347,0
DA:354,0
DA:356,0
DA:359,0
DA:364,0
DA:365,0
DA:367,0
DA:379,0
DA:380,0
DA:383,0
DA:384,0
DA:388,0
DA:389,0
DA:393,0
DA:397,0
DA:404,0
DA:407,0
DA:408,0
DA:409,0
DA:410,0
DA:414,0
DA:416,0
DA:417,0
DA:418,0
DA:421,0
DA:422,0
DA:426,0
DA:433,0
DA:438,0
DA:439,0
DA:440,0
DA:451,0
DA:452,0
DA:454,0
DA:456,0
DA:457,0
DA:460,0
DA:461,0
DA:464,0
DA:465,0
DA:466,0
DA:475,0
DA:477,0
DA:478,0
DA:480,0
DA:481,0
DA:483,0
DA:484,0
DA:486,0
DA:487,0
DA:489,0
DA:490,0
DA:493,0
DA:501,0
DA:502,0
DA:510,0
DA:511,0
DA:513,0
DA:517,0
DA:518,0
DA:519,0
DA:520,0
DA:525,0
DA:526,0
DA:530,0
DA:531,0
DA:541,0
DA:552,0
DA:555,0
DA:564,0
DA:565,0
DA:566,0
DA:569,0
DA:570,0
DA:573,0
DA:574,0
DA:581,0
DA:582,0
DA:583,0
DA:587,0
DA:588,0
DA:594,2
LF:165
LH:14
BRDA:57,0,0,0
BRDA:60,1,0,0
BRDA:60,1,1,0
BRDA:63,2,0,0
BRDA:63,2,1,0
BRDA:64,3,0,0
BRDA:64,3,1,0
BRDA:69,4,0,0
BRDA:69,5,0,0
BRDA:69,5,1,0
BRDA:80,6,0,0
BRDA:85,7,0,0
BRDA:85,8,0,0
BRDA:85,8,1,0
BRDA:96,9,0,0
BRDA:96,10,0,0
BRDA:96,10,1,0
BRDA:97,11,0,0
BRDA:97,11,1,0
BRDA:204,12,0,0
BRDA:204,12,1,0
BRDA:217,13,0,0
BRDA:217,13,1,0
BRDA:248,14,0,0
BRDA:248,14,1,0
BRDA:249,15,0,0
BRDA:249,15,1,0
BRDA:249,16,0,0
BRDA:249,16,1,0
BRDA:250,17,0,0
BRDA:250,17,1,0
BRDA:250,18,0,0
BRDA:250,18,1,0
BRDA:255,19,0,0
BRDA:255,19,1,0
BRDA:256,20,0,0
BRDA:256,20,1,0
BRDA:285,21,0,0
BRDA:299,22,0,0
BRDA:321,23,0,0
BRDA:321,23,1,0
BRDA:331,24,0,0
BRDA:331,24,1,0
BRDA:339,25,0,0
BRDA:339,25,1,0
BRDA:380,26,0,0
BRDA:380,26,1,0
BRDA:383,27,0,0
BRDA:388,28,0,0
BRDA:408,29,0,0
BRDA:408,29,1,0
BRDA:417,30,0,0
BRDA:417,30,1,0
BRDA:452,31,0,0
BRDA:454,32,0,0
BRDA:454,32,1,0
BRDA:464,33,0,0
BRDA:475,34,0,0
BRDA:475,34,1,0
BRDA:477,35,0,0
BRDA:477,36,0,0
BRDA:477,36,1,0
BRDA:480,37,0,0
BRDA:480,38,0,0
BRDA:480,38,1,0
BRDA:483,39,0,0
BRDA:483,40,0,0
BRDA:483,40,1,0
BRDA:486,41,0,0
BRDA:486,42,0,0
BRDA:486,42,1,0
BRDA:489,43,0,0
BRDA:489,44,0,0
BRDA:489,44,1,0
BRDA:511,45,0,0
BRDA:511,46,0,0
BRDA:511,46,1,0
BRDA:513,47,0,0
BRDA:513,47,1,0
BRDA:517,48,0,0
BRDA:525,49,0,0
BRDA:525,50,0,0
BRDA:525,50,1,0
BRDA:526,51,0,0
BRDA:526,51,1,0
BRDA:530,52,0,0
BRDA:555,53,0,0
BRDA:555,53,1,0
BRDA:565,54,0,0
BRDA:569,55,0,0
BRDA:581,56,0,0
BRF:91
BRH:0
end_of_record
TN:
SF:src\services\emailQueueService.ts
FN:84,(anonymous_1)
FN:91,(anonymous_2)
FN:107,(anonymous_3)
FN:121,(anonymous_4)
FN:130,(anonymous_5)
FN:153,(anonymous_6)
FN:157,(anonymous_7)
FN:162,(anonymous_8)
FN:168,(anonymous_9)
FN:186,(anonymous_10)
FN:189,(anonymous_11)
FN:193,(anonymous_12)
FN:197,(anonymous_13)
FN:205,(anonymous_14)
FN:239,(anonymous_15)
FN:267,(anonymous_16)
FN:307,(anonymous_17)
FN:324,(anonymous_18)
FN:402,(anonymous_19)
FNF:19
FNH:1
FNDA:2,(anonymous_1)
FNDA:0,(anonymous_2)
FNDA:0,(anonymous_3)
FNDA:0,(anonymous_4)
FNDA:0,(anonymous_5)
FNDA:0,(anonymous_6)
FNDA:0,(anonymous_7)
FNDA:0,(anonymous_8)
FNDA:0,(anonymous_9)
FNDA:0,(anonymous_10)
FNDA:0,(anonymous_11)
FNDA:0,(anonymous_12)
FNDA:0,(anonymous_13)
FNDA:0,(anonymous_14)
FNDA:0,(anonymous_15)
FNDA:0,(anonymous_16)
FNDA:0,(anonymous_17)
FNDA:0,(anonymous_18)
FNDA:0,(anonymous_19)
DA:7,2
DA:8,2
DA:9,2
DA:10,2
DA:79,2
DA:80,2
DA:81,2
DA:82,2
DA:92,0
DA:94,0
DA:95,0
DA:101,0
DA:108,0
DA:109,0
DA:110,0
DA:112,0
DA:117,0
DA:118,0
DA:121,0
DA:122,0
DA:125,0
DA:130,0
DA:133,0
DA:136,0
DA:139,0
DA:141,0
DA:142,0
DA:144,0
DA:145,0
DA:154,0
DA:157,0
DA:158,0
DA:159,0
DA:162,0
DA:163,0
DA:164,0
DA:168,0
DA:169,0
DA:171,0
DA:187,0
DA:189,0
DA:190,0
DA:193,0
DA:194,0
DA:197,0
DA:198,0
DA:213,0
DA:215,0
DA:217,0
DA:218,0
DA:221,0
DA:233,0
DA:243,0
DA:245,0
DA:247,0
DA:248,0
DA:251,0
DA:255,0
DA:261,0
DA:268,0
DA:270,0
DA:271,0
DA:275,0
DA:276,0
DA:278,0
DA:279,0
DA:281,0
DA:283,0
DA:301,0
DA:308,0
DA:310,0
DA:312,0
DA:313,0
DA:314,0
DA:318,0
DA:340,0
DA:342,0
DA:350,0
DA:351,0
DA:368,0
DA:381,0
DA:403,0
DA:405,0
DA:412,0
DA:417,2
LF:85
LH:9
BRDA:92,0,0,0
BRDA:108,1,0,0
BRDA:154,2,0,0
BRDA:154,3,0,0
BRDA:154,3,1,0
BRDA:187,4,0,0
BRDA:215,5,0,0
BRDA:222,6,0,0
BRDA:222,6,1,0
BRDA:223,7,0,0
BRDA:223,7,1,0
BRDA:224,8,0,0
BRDA:224,8,1,0
BRDA:245,9,0,0
BRDA:251,10,0,0
BRDA:251,10,1,0
BRDA:270,11,0,0
BRDA:276,12,0,0
BRDA:279,13,0,0
BRDA:308,14,0,0
BRDA:313,15,0,0
BRDA:350,16,0,0
BRDA:350,17,0,0
BRDA:350,17,1,0
BRDA:402,18,0,0
BRDA:403,19,0,0
BRDA:403,20,0,0
BRDA:403,20,1,0
BRF:28
BRH:0
end_of_record
TN:
SF:src\services\emailRateLimitService.ts
FN:33,(anonymous_1)
FN:41,(anonymous_2)
FN:126,(anonymous_3)
FN:151,(anonymous_4)
FN:205,(anonymous_5)
FN:224,(anonymous_6)
FN:270,(anonymous_7)
FN:297,(anonymous_8)
FN:320,(anonymous_9)
FN:360,(anonymous_10)
FN:369,(anonymous_11)
FN:378,(anonymous_12)
FN:428,(anonymous_13)
FN:468,(anonymous_14)
FN:489,(anonymous_15)
FN:497,(anonymous_16)
FNF:16
FNH:5
FNDA:2,(anonymous_1)
FNDA:2,(anonymous_2)
FNDA:2,(anonymous_3)
FNDA:12,(anonymous_4)
FNDA:52,(anonymous_5)
FNDA:0,(anonymous_6)
FNDA:0,(anonymous_7)
FNDA:0,(anonymous_8)
FNDA:0,(anonymous_9)
FNDA:0,(anonymous_10)
FNDA:0,(anonymous_11)
FNDA:0,(anonymous_12)
FNDA:0,(anonymous_13)
FNDA:0,(anonymous_14)
FNDA:0,(anonymous_15)
FNDA:0,(anonymous_16)
DA:7,2
DA:8,2
DA:9,2
DA:10,2
DA:27,2
DA:28,2
DA:29,2
DA:30,2
DA:31,2
DA:34,2
DA:35,2
DA:43,2
DA:59,2
DA:75,2
DA:87,2
DA:99,2
DA:111,2
DA:127,2
DA:129,2
DA:135,2
DA:136,2
DA:138,0
DA:139,0
DA:143,2
DA:144,12
DA:152,12
DA:155,12
DA:156,12
DA:164,12
DA:165,12
DA:173,12
DA:174,12
DA:182,12
DA:183,12
DA:191,12
DA:192,4
DA:199,12
DA:206,52
DA:211,52
DA:212,52
DA:217,0
DA:229,0
DA:230,0
DA:232,0
DA:233,0
DA:236,0
DA:237,0
DA:239,0
DA:241,0
DA:242,0
DA:243,0
DA:251,0
DA:253,0
DA:254,0
DA:257,0
DA:258,0
DA:261,0
DA:262,0
DA:265,0
DA:266,0
DA:269,0
DA:270,0
DA:272,0
DA:273,0
DA:277,0
DA:278,0
DA:279,0
DA:282,0
DA:286,0
DA:288,0
DA:290,0
DA:302,0
DA:303,0
DA:304,0
DA:306,0
DA:307,0
DA:313,0
DA:321,0
DA:322,0
DA:324,0
DA:325,0
DA:328,0
DA:331,0
DA:333,0
DA:334,0
DA:337,0
DA:338,0
DA:341,0
DA:342,0
DA:345,0
DA:346,0
DA:349,0
DA:350,0
DA:352,0
DA:353,0
DA:361,0
DA:362,0
DA:363,0
DA:370,0
DA:371,0
DA:372,0
DA:379,0
DA:380,0
DA:381,0
DA:383,0
DA:384,0
DA:387,0
DA:396,0
DA:398,0
DA:399,0
DA:400,0
DA:401,0
DA:404,0
DA:405,0
DA:406,0
DA:409,0
DA:410,0
DA:411,0
DA:414,0
DA:415,0
DA:416,0
DA:419,0
DA:422,0
DA:429,0
DA:430,0
DA:432,0
DA:433,0
DA:436,0
DA:438,0
DA:439,0
DA:440,0
DA:443,0
DA:444,0
DA:447,0
DA:448,0
DA:451,0
DA:452,0
DA:455,0
DA:456,0
DA:459,0
DA:461,0
DA:469,0
DA:470,0
DA:472,0
DA:473,0
DA:477,0
DA:478,0
DA:481,0
DA:483,0
DA:490,0
DA:491,0
DA:498,0
DA:500,0
DA:501,0
DA:505,0
DA:507,0
DA:508,0
DA:511,0
DA:512,0
DA:515,0
DA:516,0
DA:519,0
DA:524,2
LF:163
LH:39
BRDA:155,0,0,12
BRDA:164,1,0,12
BRDA:173,2,0,12
BRDA:182,3,0,12
BRDA:191,4,0,4
BRDA:211,5,0,52
BRDA:211,5,1,0
BRDA:232,6,0,0
BRDA:237,7,0,0
BRDA:237,7,1,0
BRDA:241,8,0,0
BRDA:241,8,1,0
BRDA:242,9,0,0
BRDA:242,10,0,0
BRDA:242,10,1,0
BRDA:253,11,0,0
BRDA:257,12,0,0
BRDA:261,13,0,0
BRDA:265,14,0,0
BRDA:272,15,0,0
BRDA:277,16,0,0
BRDA:306,17,0,0
BRDA:324,18,0,0
BRDA:328,19,0,0
BRDA:328,19,1,0
BRDA:333,20,0,0
BRDA:337,21,0,0
BRDA:341,22,0,0
BRDA:345,23,0,0
BRDA:362,24,0,0
BRDA:362,24,1,0
BRDA:371,25,0,0
BRDA:371,25,1,0
BRDA:383,26,0,0
BRDA:383,27,0,0
BRDA:383,27,1,0
BRDA:391,28,0,0
BRDA:391,28,1,0
BRDA:399,29,0,0
BRDA:401,30,0,0
BRDA:401,30,1,0
BRDA:404,31,0,0
BRDA:406,32,0,0
BRDA:406,32,1,0
BRDA:409,33,0,0
BRDA:411,34,0,0
BRDA:411,34,1,0
BRDA:414,35,0,0
BRDA:416,36,0,0
BRDA:416,36,1,0
BRDA:432,37,0,0
BRDA:439,38,0,0
BRDA:439,39,0,0
BRDA:439,39,1,0
BRDA:443,40,0,0
BRDA:443,41,0,0
BRDA:443,41,1,0
BRDA:447,42,0,0
BRDA:447,43,0,0
BRDA:447,43,1,0
BRDA:451,44,0,0
BRDA:451,45,0,0
BRDA:451,45,1,0
BRDA:455,46,0,0
BRDA:455,47,0,0
BRDA:455,47,1,0
BRDA:459,48,0,0
BRDA:459,48,1,0
BRDA:472,49,0,0
BRDA:491,50,0,0
BRDA:491,50,1,0
BRDA:500,51,0,0
BRDA:507,52,0,0
BRDA:511,53,0,0
BRDA:515,54,0,0
BRF:75
BRH:6
end_of_record
TN:
SF:src\services\emailService.ts
FN:55,(anonymous_1)
FN:62,(anonymous_2)
FN:103,(anonymous_3)
FN:116,(anonymous_4)
FN:133,(anonymous_5)
FN:227,(anonymous_6)
FN:243,(anonymous_7)
FN:254,(anonymous_8)
FN:264,(anonymous_9)
FN:278,(anonymous_10)
FN:290,(anonymous_11)
FN:300,(anonymous_12)
FN:308,(anonymous_13)
FN:327,(anonymous_14)
FN:331,(anonymous_15)
FN:354,(anonymous_16)
FN:373,(anonymous_17)
FN:386,(anonymous_18)
FN:401,(anonymous_19)
FN:423,(anonymous_20)
FNF:20
FNH:1
FNDA:2,(anonymous_1)
FNDA:0,(anonymous_2)
FNDA:0,(anonymous_3)
FNDA:0,(anonymous_4)
FNDA:0,(anonymous_5)
FNDA:0,(anonymous_6)
FNDA:0,(anonymous_7)
FNDA:0,(anonymous_8)
FNDA:0,(anonymous_9)
FNDA:0,(anonymous_10)
FNDA:0,(anonymous_11)
FNDA:0,(anonymous_12)
FNDA:0,(anonymous_13)
FNDA:0,(anonymous_14)
FNDA:0,(anonymous_15)
FNDA:0,(anonymous_16)
FNDA:0,(anonymous_17)
FNDA:0,(anonymous_18)
FNDA:0,(anonymous_19)
FNDA:0,(anonymous_20)
DA:7,2
DA:8,2
DA:9,2
DA:10,2
DA:11,2
DA:12,2
DA:13,2
DA:14,2
DA:15,2
DA:16,2
DA:50,2
DA:51,2
DA:52,2
DA:53,2
DA:63,0
DA:65,0
DA:67,0
DA:68,0
DA:69,0
DA:74,0
DA:83,0
DA:84,0
DA:85,0
DA:87,0
DA:91,0
DA:93,0
DA:95,0
DA:104,0
DA:105,0
DA:108,0
DA:109,0
DA:115,0
DA:116,0
DA:118,0
DA:119,0
DA:120,0
DA:121,0
DA:124,0
DA:126,0
DA:134,0
DA:136,0
DA:137,0
DA:140,0
DA:141,0
DA:143,0
DA:144,0
DA:145,0
DA:148,0
DA:150,0
DA:151,0
DA:153,0
DA:154,0
DA:155,0
DA:157,0
DA:164,0
DA:167,0
DA:168,0
DA:171,0
DA:176,0
DA:177,0
DA:178,0
DA:181,0
DA:185,0
DA:202,0
DA:210,0
DA:212,0
DA:213,0
DA:216,0
DA:217,0
DA:219,0
DA:220,0
DA:231,0
DA:233,0
DA:234,0
DA:235,0
DA:237,0
DA:238,0
DA:240,0
DA:242,0
DA:243,0
DA:248,0
DA:257,0
DA:258,0
DA:265,0
DA:266,0
DA:268,0
DA:269,0
DA:270,0
DA:274,0
DA:275,0
DA:278,0
DA:279,0
DA:285,0
DA:291,0
DA:296,0
DA:299,0
DA:300,0
DA:310,0
DA:329,0
DA:331,0
DA:333,0
DA:334,0
DA:338,0
DA:339,0
DA:340,0
DA:341,0
DA:342,0
DA:345,0
DA:347,0
DA:355,0
DA:357,0
DA:367,0
DA:374,0
DA:387,0
DA:389,0
DA:406,0
DA:427,0
DA:442,2
LF:118
LH:15
BRDA:63,0,0,0
BRDA:68,1,0,0
BRDA:83,2,0,0
BRDA:83,2,1,0
BRDA:83,3,0,0
BRDA:83,3,1,0
BRDA:137,4,0,0
BRDA:137,4,1,0
BRDA:143,5,0,0
BRDA:153,6,0,0
BRDA:153,7,0,0
BRDA:153,7,1,0
BRDA:155,8,0,0
BRDA:155,8,1,0
BRDA:167,9,0,0
BRDA:176,10,0,0
BRDA:176,11,0,0
BRDA:176,11,1,0
BRDA:187,12,0,0
BRDA:187,12,1,0
BRDA:188,13,0,0
BRDA:188,13,1,0
BRDA:189,14,0,0
BRDA:189,14,1,0
BRDA:189,15,0,0
BRDA:189,15,1,0
BRDA:190,16,0,0
BRDA:190,16,1,0
BRDA:190,17,0,0
BRDA:190,17,1,0
BRDA:205,18,0,0
BRDA:205,18,1,0
BRDA:212,19,0,0
BRDA:213,20,0,0
BRDA:213,20,1,0
BRDA:229,21,0,0
BRDA:240,22,0,0
BRDA:248,23,0,0
BRDA:248,23,1,0
BRDA:254,24,0,0
BRDA:265,25,0,0
BRDA:265,25,1,0
BRDA:266,26,0,0
BRDA:266,26,1,0
BRDA:269,27,0,0
BRDA:299,28,0,0
BRDA:333,29,0,0
BRDA:333,30,0,0
BRDA:333,30,1,0
BRDA:339,31,0,0
BRDA:339,31,1,0
BRDA:340,32,0,0
BRDA:340,32,1,0
BRDA:341,33,0,0
BRDA:341,33,1,0
BRDA:342,34,0,0
BRDA:355,35,0,0
BRDA:367,36,0,0
BRDA:367,36,1,0
BRF:59
BRH:0
end_of_record
TN:
SF:src\services\emailTrackingService.ts
FN:43,(anonymous_1)
FN:56,(anonymous_2)
FN:66,(anonymous_3)
FN:77,(anonymous_4)
FN:86,(anonymous_5)
FN:122,(anonymous_6)
FN:156,(anonymous_7)
FN:175,(anonymous_8)
FN:201,(anonymous_9)
FN:219,(anonymous_10)
FN:235,(anonymous_11)
FN:250,(anonymous_12)
FN:268,(anonymous_13)
FN:276,(anonymous_14)
FN:325,(anonymous_15)
FN:357,(anonymous_16)
FN:363,(anonymous_17)
FN:384,(anonymous_18)
FN:402,(anonymous_19)
FNF:19
FNH:2
FNDA:2,(anonymous_1)
FNDA:0,(anonymous_2)
FNDA:0,(anonymous_3)
FNDA:0,(anonymous_4)
FNDA:0,(anonymous_5)
FNDA:0,(anonymous_6)
FNDA:0,(anonymous_7)
FNDA:0,(anonymous_8)
FNDA:0,(anonymous_9)
FNDA:0,(anonymous_10)
FNDA:0,(anonymous_11)
FNDA:0,(anonymous_12)
FNDA:0,(anonymous_13)
FNDA:0,(anonymous_14)
FNDA:0,(anonymous_15)
FNDA:0,(anonymous_16)
FNDA:0,(anonymous_17)
FNDA:2,(anonymous_18)
FNDA:0,(anonymous_19)
DA:7,2
DA:8,2
DA:9,2
DA:10,2
DA:38,2
DA:40,2
DA:41,2
DA:45,2
DA:50,2
DA:57,0
DA:58,0
DA:60,0
DA:67,0
DA:68,0
DA:69,0
DA:71,0
DA:78,0
DA:79,0
DA:80,0
DA:94,0
DA:104,0
DA:105,0
DA:106,0
DA:109,0
DA:123,0
DA:124,0
DA:125,0
DA:126,0
DA:129,0
DA:138,0
DA:139,0
DA:140,0
DA:142,0
DA:144,0
DA:147,0
DA:149,0
DA:150,0
DA:157,0
DA:158,0
DA:159,0
DA:160,0
DA:163,0
DA:172,0
DA:175,0
DA:176,0
DA:177,0
DA:183,0
DA:186,0
DA:187,0
DA:189,0
DA:192,0
DA:194,0
DA:195,0
DA:203,0
DA:204,0
DA:205,0
DA:206,0
DA:207,0
DA:208,0
DA:213,0
DA:220,0
DA:221,0
DA:223,0
DA:224,0
DA:225,0
DA:228,0
DA:229,0
DA:236,0
DA:237,0
DA:239,0
DA:240,0
DA:241,0
DA:244,0
DA:252,0
DA:255,0
DA:256,0
DA:257,0
DA:258,0
DA:262,0
DA:269,0
DA:270,0
DA:287,0
DA:288,0
DA:289,0
DA:290,0
DA:291,0
DA:292,0
DA:294,0
DA:295,0
DA:296,0
DA:298,0
DA:299,0
DA:300,0
DA:301,0
DA:302,0
DA:303,0
DA:304,0
DA:309,0
DA:333,0
DA:335,0
DA:336,0
DA:337,0
DA:346,0
DA:357,0
DA:364,0
DA:365,0
DA:367,0
DA:369,0
DA:370,0
DA:371,0
DA:372,0
DA:373,0
DA:374,0
DA:378,0
DA:385,2
DA:386,2
DA:388,2
DA:389,0
DA:390,0
DA:391,0
DA:392,0
DA:396,2
DA:403,0
DA:405,0
DA:406,0
DA:407,0
DA:409,0
DA:411,0
DA:418,0
DA:423,2
LF:130
LH:14
BRDA:66,0,0,0
BRDA:124,1,0,0
BRDA:129,2,0,0
BRDA:129,2,1,0
BRDA:139,3,0,0
BRDA:156,4,0,0
BRDA:158,5,0,0
BRDA:163,6,0,0
BRDA:163,6,1,0
BRDA:176,7,0,0
BRDA:204,8,0,0
BRDA:206,9,0,0
BRDA:223,10,0,0
BRDA:239,11,0,0
BRDA:255,12,0,0
BRDA:257,13,0,0
BRDA:262,14,0,0
BRDA:262,14,1,0
BRDA:270,15,0,0
BRDA:270,15,1,0
BRDA:295,16,0,0
BRDA:299,17,0,0
BRDA:300,18,0,0
BRDA:301,19,0,0
BRDA:302,20,0,0
BRDA:303,21,0,0
BRDA:304,22,0,0
BRDA:316,23,0,0
BRDA:316,23,1,0
BRDA:317,24,0,0
BRDA:317,24,1,0
BRDA:318,25,0,0
BRDA:318,25,1,0
BRDA:336,26,0,0
BRDA:337,27,0,0
BRDA:337,27,1,0
BRDA:363,28,0,0
BRDA:370,29,0,0
BRDA:390,30,0,0
BRDA:406,31,0,0
BRDA:406,32,0,0
BRDA:406,32,1,0
BRDA:407,33,0,0
BRDA:407,34,0,0
BRDA:407,34,1,0
BRF:45
BRH:0
end_of_record
TN:
SF:src\services\healthService.ts
FN:38,(anonymous_0)
FN:49,(anonymous_1)
FN:51,(anonymous_2)
FN:55,(anonymous_3)
FN:59,(anonymous_4)
FN:62,(anonymous_5)
FN:65,(anonymous_6)
FN:71,(anonymous_7)
FN:79,(anonymous_8)
FN:80,(anonymous_9)
FN:89,(anonymous_10)
FN:90,(anonymous_11)
FN:134,(anonymous_12)
FN:144,(anonymous_13)
FN:145,(anonymous_14)
FN:163,(anonymous_15)
FN:166,(anonymous_16)
FN:168,(anonymous_17)
FN:175,(anonymous_18)
FN:182,(anonymous_19)
FN:192,(anonymous_20)
FN:217,(anonymous_21)
FN:252,(anonymous_22)
FN:286,(anonymous_23)
FN:317,(anonymous_24)
FN:346,(anonymous_25)
FN:359,(anonymous_26)
FN:385,initializeHealthService
FN:392,getHealthService
FNF:29
FNH:0
FNDA:0,(anonymous_0)
FNDA:0,(anonymous_1)
FNDA:0,(anonymous_2)
FNDA:0,(anonymous_3)
FNDA:0,(anonymous_4)
FNDA:0,(anonymous_5)
FNDA:0,(anonymous_6)
FNDA:0,(anonymous_7)
FNDA:0,(anonymous_8)
FNDA:0,(anonymous_9)
FNDA:0,(anonymous_10)
FNDA:0,(anonymous_11)
FNDA:0,(anonymous_12)
FNDA:0,(anonymous_13)
FNDA:0,(anonymous_14)
FNDA:0,(anonymous_15)
FNDA:0,(anonymous_16)
FNDA:0,(anonymous_17)
FNDA:0,(anonymous_18)
FNDA:0,(anonymous_19)
FNDA:0,(anonymous_20)
FNDA:0,(anonymous_21)
FNDA:0,(anonymous_22)
FNDA:0,(anonymous_23)
FNDA:0,(anonymous_24)
FNDA:0,(anonymous_25)
FNDA:0,(anonymous_26)
FNDA:0,initializeHealthService
FNDA:0,getHealthService
DA:9,0
DA:10,0
DA:11,0
DA:13,0
DA:14,0
DA:34,0
DA:36,0
DA:39,0
DA:40,0
DA:42,0
DA:43,0
DA:51,0
DA:54,0
DA:55,0
DA:59,0
DA:62,0
DA:65,0
DA:72,0
DA:73,0
DA:80,0
DA:81,0
DA:82,0
DA:83,0
DA:86,0
DA:87,0
DA:89,0
DA:91,0
DA:92,0
DA:100,0
DA:103,0
DA:105,0
DA:110,0
DA:111,0
DA:117,0
DA:126,0
DA:138,0
DA:139,0
DA:141,0
DA:142,0
DA:145,0
DA:149,0
DA:150,0
DA:152,0
DA:166,0
DA:168,0
DA:169,0
DA:173,0
DA:174,0
DA:175,0
DA:178,0
DA:179,0
DA:182,0
DA:183,0
DA:186,0
DA:193,0
DA:194,0
DA:195,0
DA:196,0
DA:198,0
DA:207,0
DA:218,0
DA:219,0
DA:225,0
DA:226,0
DA:227,0
DA:228,0
DA:230,0
DA:231,0
DA:233,0
DA:242,0
DA:253,0
DA:254,0
DA:256,0
DA:257,0
DA:264,0
DA:266,0
DA:276,0
DA:287,0
DA:288,0
DA:289,0
DA:291,0
DA:292,0
DA:295,0
DA:297,0
DA:307,0
DA:318,0
DA:319,0
DA:320,0
DA:322,0
DA:323,0
DA:325,0
DA:348,0
DA:349,0
DA:350,0
DA:352,0
DA:363,0
DA:366,0
DA:367,0
DA:368,0
DA:370,0
DA:373,0
DA:375,0
DA:383,0
DA:385,0
DA:386,0
DA:387,0
DA:389,0
DA:392,0
DA:393,0
DA:394,0
DA:396,0
LF:111
LH:0
BRDA:54,0,0,0
BRDA:110,1,0,0
BRDA:121,2,0,0
BRDA:121,2,1,0
BRDA:122,3,0,0
BRDA:122,3,1,0
BRDA:155,4,0,0
BRDA:155,4,1,0
BRDA:168,5,0,0
BRDA:178,6,0,0
BRDA:182,7,0,0
BRDA:182,8,0,0
BRDA:182,8,1,0
BRDA:209,9,0,0
BRDA:209,9,1,0
BRDA:218,10,0,0
BRDA:244,11,0,0
BRDA:244,11,1,0
BRDA:256,12,0,0
BRDA:267,13,0,0
BRDA:267,13,1,0
BRDA:278,14,0,0
BRDA:278,14,1,0
BRDA:291,15,0,0
BRDA:291,15,1,0
BRDA:298,16,0,0
BRDA:298,16,1,0
BRDA:326,17,0,0
BRDA:326,17,1,0
BRDA:326,18,0,0
BRDA:326,18,1,0
BRDA:376,19,0,0
BRDA:376,19,1,0
BRDA:386,20,0,0
BRDA:393,21,0,0
BRF:35
BRH:0
end_of_record
TN:
SF:src\services\index.ts
FN:8,(anonymous_0)
FN:11,(anonymous_1)
FNF:2
FNH:0
FNDA:0,(anonymous_0)
FNDA:0,(anonymous_1)
DA:8,0
DA:11,0
LF:2
LH:0
BRF:0
BRH:0
end_of_record
TN:
SF:src\services\lenderMatchingService.ts
FN:36,(anonymous_0)
FN:44,(anonymous_1)
FN:123,(anonymous_2)
FN:151,(anonymous_3)
FN:156,(anonymous_4)
FN:159,(anonymous_5)
FN:160,(anonymous_6)
FNF:7
FNH:1
FNDA:2,(anonymous_0)
FNDA:0,(anonymous_1)
FNDA:0,(anonymous_2)
FNDA:0,(anonymous_3)
FNDA:0,(anonymous_4)
FNDA:0,(anonymous_5)
FNDA:0,(anonymous_6)
DA:9,2
DA:33,2
DA:37,2
DA:45,0
DA:47,0
DA:65,0
DA:67,0
DA:68,0
DA:69,0
DA:73,0
DA:75,0
DA:76,0
DA:107,0
DA:112,0
DA:113,0
DA:118,0
DA:123,0
DA:134,0
DA:140,0
DA:143,0
DA:144,0
DA:156,0
DA:158,0
DA:159,0
DA:160,0
DA:161,0
DA:165,0
LF:27
LH:3
BRDA:67,0,0,0
BRDA:112,1,0,0
BRDA:127,2,0,0
BRDA:127,2,1,0
BRDA:128,3,0,0
BRDA:128,3,1,0
BRDA:161,4,0,0
BRDA:161,4,1,0
BRF:8
BRH:0
end_of_record
TN:
SF:src\services\rbacService.ts
FN:17,(anonymous_0)
FN:25,(anonymous_1)
FN:82,(anonymous_2)
FN:90,(anonymous_3)
FN:111,(anonymous_4)
FN:113,(anonymous_5)
FN:141,(anonymous_6)
FN:161,(anonymous_7)
FN:169,(anonymous_8)
FN:175,(anonymous_9)
FN:181,(anonymous_10)
FN:199,(anonymous_11)
FN:201,(anonymous_12)
FN:208,(anonymous_13)
FN:250,(anonymous_14)
FN:276,(anonymous_15)
FN:283,(anonymous_16)
FN:320,(anonymous_17)
FN:328,(anonymous_18)
FNF:19
FNH:6
FNDA:4,(anonymous_0)
FNDA:4,(anonymous_1)
FNDA:56,(anonymous_2)
FNDA:56,(anonymous_3)
FNDA:78,(anonymous_4)
FNDA:78,(anonymous_5)
FNDA:0,(anonymous_6)
FNDA:0,(anonymous_7)
FNDA:0,(anonymous_8)
FNDA:0,(anonymous_9)
FNDA:0,(anonymous_10)
FNDA:0,(anonymous_11)
FNDA:0,(anonymous_12)
FNDA:0,(anonymous_13)
FNDA:0,(anonymous_14)
FNDA:0,(anonymous_15)
FNDA:0,(anonymous_16)
FNDA:0,(anonymous_17)
FNDA:0,(anonymous_18)
DA:8,2
DA:10,2
DA:12,2
DA:14,4
DA:15,4
DA:18,4
DA:19,4
DA:26,4
DA:27,4
DA:29,4
DA:30,4
DA:33,4
DA:58,4
DA:59,56
DA:73,4
DA:83,56
DA:90,56
DA:95,4
DA:97,10
DA:105,9
DA:108,9
DA:111,78
DA:113,78
DA:116,9
DA:117,78
DA:125,3
DA:126,2
DA:128,0
DA:129,0
DA:131,2
DA:134,0
DA:143,0
DA:144,0
DA:145,0
DA:148,0
DA:157,0
DA:160,0
DA:161,0
DA:163,0
DA:174,0
DA:175,0
DA:182,0
DA:199,0
DA:201,0
DA:213,0
DA:214,0
DA:215,0
DA:218,0
DA:224,0
DA:227,0
DA:228,0
DA:234,0
DA:237,0
DA:238,0
DA:240,0
DA:241,0
DA:243,0
DA:251,0
DA:269,0
DA:270,0
DA:273,0
DA:274,0
DA:276,0
DA:287,0
DA:288,0
DA:289,0
DA:292,0
DA:298,0
DA:299,0
DA:305,0
DA:308,0
DA:310,0
DA:311,0
DA:313,0
DA:321,0
DA:322,0
DA:334,0
DA:340,0
LF:78
LH:28
BRDA:83,0,0,56
BRDA:83,0,1,28
BRDA:83,0,2,16
BRDA:144,1,0,0
BRDA:175,2,0,0
BRDA:175,2,1,0
BRDA:269,3,0,0
BRF:7
BRH:3
end_of_record
TN:
SF:src\services\reportService.ts
FN:14,(anonymous_1)
FN:21,(anonymous_2)
FN:22,(anonymous_3)
FN:26,(anonymous_4)
FN:27,(anonymous_5)
FN:54,(anonymous_6)
FN:61,(anonymous_7)
FN:65,(anonymous_8)
FN:66,(anonymous_9)
FN:160,(anonymous_10)
FN:161,(anonymous_11)
FN:165,(anonymous_12)
FN:166,(anonymous_13)
FN:184,(anonymous_14)
FN:206,(anonymous_15)
FN:210,(anonymous_16)
FN:227,(anonymous_17)
FN:240,(anonymous_18)
FN:249,(anonymous_19)
FN:264,(anonymous_20)
FN:295,(anonymous_21)
FN:320,(anonymous_22)
FN:328,(anonymous_23)
FN:337,(anonymous_24)
FN:352,(anonymous_25)
FN:353,(anonymous_26)
FNF:26
FNH:1
FNDA:4,(anonymous_1)
FNDA:0,(anonymous_2)
FNDA:0,(anonymous_3)
FNDA:0,(anonymous_4)
FNDA:0,(anonymous_5)
FNDA:0,(anonymous_6)
FNDA:0,(anonymous_7)
FNDA:0,(anonymous_8)
FNDA:0,(anonymous_9)
FNDA:0,(anonymous_10)
FNDA:0,(anonymous_11)
FNDA:0,(anonymous_12)
FNDA:0,(anonymous_13)
FNDA:0,(anonymous_14)
FNDA:0,(anonymous_15)
FNDA:0,(anonymous_16)
FNDA:0,(anonymous_17)
FNDA:0,(anonymous_18)
FNDA:0,(anonymous_19)
FNDA:0,(anonymous_20)
FNDA:0,(anonymous_21)
FNDA:0,(anonymous_22)
FNDA:0,(anonymous_23)
FNDA:0,(anonymous_24)
FNDA:0,(anonymous_25)
FNDA:0,(anonymous_26)
DA:7,2
DA:9,2
DA:11,2
DA:15,4
DA:22,0
DA:23,0
DA:24,0
DA:26,0
DA:27,0
DA:28,0
DA:31,0
DA:34,0
DA:37,0
DA:40,0
DA:41,0
DA:45,0
DA:47,0
DA:61,0
DA:62,0
DA:63,0
DA:65,0
DA:66,0
DA:67,0
DA:70,0
DA:78,0
DA:90,0
DA:91,0
DA:92,0
DA:93,0
DA:96,0
DA:97,0
DA:98,0
DA:99,0
DA:100,0
DA:101,0
DA:102,0
DA:103,0
DA:104,0
DA:107,0
DA:108,0
DA:112,0
DA:114,0
DA:115,0
DA:119,0
DA:123,0
DA:125,0
DA:126,0
DA:127,0
DA:128,0
DA:129,0
DA:130,0
DA:131,0
DA:132,0
DA:135,0
DA:136,0
DA:137,0
DA:138,0
DA:139,0
DA:140,0
DA:141,0
DA:142,0
DA:143,0
DA:147,0
DA:148,0
DA:149,0
DA:153,0
DA:161,0
DA:162,0
DA:163,0
DA:165,0
DA:166,0
DA:167,0
DA:170,0
DA:171,0
DA:172,0
DA:173,0
DA:176,0
DA:177,0
DA:178,0
DA:181,0
DA:182,0
DA:184,0
DA:185,0
DA:186,0
DA:190,0
DA:195,0
DA:205,0
DA:206,0
DA:207,0
DA:208,0
DA:210,0
DA:211,0
DA:212,0
DA:213,0
DA:214,0
DA:217,0
DA:221,0
DA:222,0
DA:223,0
DA:224,0
DA:227,0
DA:228,0
DA:229,0
DA:230,0
DA:233,0
DA:235,0
DA:241,0
DA:242,0
DA:243,0
DA:244,0
DA:245,0
DA:246,0
DA:250,0
DA:251,0
DA:252,0
DA:254,0
DA:255,0
DA:256,0
DA:259,0
DA:260,0
DA:261,0
DA:265,0
DA:266,0
DA:267,0
DA:269,0
DA:271,0
DA:272,0
DA:273,0
DA:274,0
DA:275,0
DA:278,0
DA:279,0
DA:280,0
DA:281,0
DA:282,0
DA:285,0
DA:286,0
DA:287,0
DA:288,0
DA:289,0
DA:292,0
DA:296,0
DA:297,0
DA:298,0
DA:300,0
DA:302,0
DA:303,0
DA:304,0
DA:305,0
DA:306,0
DA:307,0
DA:308,0
DA:311,0
DA:312,0
DA:313,0
DA:314,0
DA:315,0
DA:316,0
DA:321,0
DA:322,0
DA:329,0
DA:338,0
DA:340,0
DA:342,0
DA:344,0
DA:346,0
DA:348,0
DA:353,0
LF:168
LH:4
BRDA:40,0,0,0
BRDA:78,1,0,0
BRDA:78,1,1,0
BRDA:130,2,0,0
BRDA:130,2,1,0
BRDA:135,3,0,0
BRDA:230,4,0,0
BRDA:230,4,1,0
BRDA:254,5,0,0
BRDA:271,6,0,0
BRDA:273,7,0,0
BRDA:273,7,1,0
BRDA:274,8,0,0
BRDA:274,8,1,0
BRDA:278,9,0,0
BRDA:279,10,0,0
BRDA:279,10,1,0
BRDA:280,11,0,0
BRDA:280,11,1,0
BRDA:281,12,0,0
BRDA:281,12,1,0
BRDA:285,13,0,0
BRDA:286,14,0,0
BRDA:286,14,1,0
BRDA:287,15,0,0
BRDA:287,15,1,0
BRDA:288,16,0,0
BRDA:288,16,1,0
BRDA:289,17,0,0
BRDA:289,17,1,0
BRDA:302,18,0,0
BRDA:311,19,0,0
BRDA:316,20,0,0
BRDA:316,20,1,0
BRDA:338,21,0,0
BRDA:338,22,0,0
BRDA:338,22,1,0
BRDA:340,23,0,0
BRDA:340,23,1,0
BRDA:340,23,2,0
BRDA:340,23,3,0
BRF:41
BRH:0
end_of_record
TN:
SF:src\services\scenarioService.ts
FN:16,(anonymous_0)
FN:24,(anonymous_1)
FN:69,(anonymous_2)
FN:85,(anonymous_3)
FN:172,(anonymous_4)
FN:205,(anonymous_5)
FN:213,(anonymous_6)
FN:255,(anonymous_7)
FN:305,(anonymous_8)
FNF:9
FNH:4
FNDA:8,(anonymous_0)
FNDA:2,(anonymous_1)
FNDA:2,(anonymous_2)
FNDA:0,(anonymous_3)
FNDA:0,(anonymous_4)
FNDA:0,(anonymous_5)
FNDA:0,(anonymous_6)
FNDA:0,(anonymous_7)
FNDA:2,(anonymous_8)
DA:9,3
DA:10,3
DA:12,3
DA:17,8
DA:18,8
DA:25,2
DA:27,2
DA:28,2
DA:31,2
DA:44,1
DA:47,1
DA:52,1
DA:54,1
DA:55,1
DA:58,1
DA:59,1
DA:60,1
DA:62,2
DA:70,2
DA:75,2
DA:76,1
DA:79,1
DA:86,0
DA:88,0
DA:89,0
DA:92,0
DA:93,0
DA:94,0
DA:96,0
DA:97,0
DA:98,0
DA:99,0
DA:102,0
DA:103,0
DA:104,0
DA:105,0
DA:108,0
DA:109,0
DA:110,0
DA:111,0
DA:114,0
DA:115,0
DA:116,0
DA:117,0
DA:120,0
DA:121,0
DA:122,0
DA:123,0
DA:126,0
DA:127,0
DA:128,0
DA:132,0
DA:134,0
DA:142,0
DA:143,0
DA:144,0
DA:147,0
DA:150,0
DA:155,0
DA:157,0
DA:158,0
DA:161,0
DA:162,0
DA:163,0
DA:165,0
DA:177,0
DA:178,0
DA:180,0
DA:181,0
DA:183,0
DA:184,0
DA:185,0
DA:189,0
DA:193,0
DA:196,0
DA:197,0
DA:205,0
DA:207,0
DA:214,0
DA:216,0
DA:217,0
DA:219,0
DA:227,0
DA:228,0
DA:229,0
DA:233,0
DA:238,0
DA:240,0
DA:241,0
DA:244,0
DA:245,0
DA:246,0
DA:248,0
DA:256,0
DA:257,0
DA:258,0
DA:261,0
DA:262,0
DA:265,0
DA:266,0
DA:267,0
DA:276,0
DA:287,0
DA:292,0
DA:299,0
DA:306,2
LF:106
LH:23
BRDA:36,0,0,2
BRDA:36,0,1,2
BRDA:38,1,0,2
BRDA:38,1,1,1
BRDA:39,2,0,2
BRDA:39,2,1,1
BRDA:40,3,0,2
BRDA:40,3,1,1
BRDA:75,4,0,1
BRDA:96,5,0,0
BRDA:102,6,0,0
BRDA:108,7,0,0
BRDA:114,8,0,0
BRDA:120,9,0,0
BRDA:126,10,0,0
BRDA:142,11,0,0
BRDA:172,12,0,0
BRDA:177,13,0,0
BRDA:177,13,1,0
BRDA:178,14,0,0
BRDA:178,14,1,0
BRDA:183,15,0,0
BRDA:227,16,0,0
BRDA:257,17,0,0
BRDA:265,18,0,0
BRDA:265,19,0,0
BRDA:265,19,1,0
BRDA:265,19,2,0
BRDA:269,20,0,0
BRDA:269,20,1,0
BRDA:269,20,2,0
BRDA:273,21,0,0
BRDA:273,21,1,0
BRF:33
BRH:9
end_of_record
TN:
SF:src\services\serviceInitializer.ts
FN:17,(anonymous_9)
FN:31,(anonymous_10)
FN:40,(anonymous_11)
FN:41,(anonymous_12)
FN:42,(anonymous_13)
FN:47,(anonymous_14)
FN:53,(anonymous_15)
FN:59,(anonymous_16)
FN:65,(anonymous_17)
FN:83,(anonymous_18)
FN:90,(anonymous_19)
FNF:11
FNH:0
FNDA:0,(anonymous_9)
FNDA:0,(anonymous_10)
FNDA:0,(anonymous_11)
FNDA:0,(anonymous_12)
FNDA:0,(anonymous_13)
FNDA:0,(anonymous_14)
FNDA:0,(anonymous_15)
FNDA:0,(anonymous_16)
FNDA:0,(anonymous_17)
FNDA:0,(anonymous_18)
FNDA:0,(anonymous_19)
DA:8,2
DA:10,2
DA:11,2
DA:12,2
DA:18,0
DA:19,0
DA:22,0
DA:23,0
DA:26,0
DA:27,0
DA:28,0
DA:32,0
DA:34,0
DA:40,0
DA:41,0
DA:42,0
DA:44,0
DA:47,0
DA:50,0
DA:53,0
DA:54,0
DA:56,0
DA:59,0
DA:60,0
DA:62,0
DA:65,0
DA:66,0
DA:68,0
DA:71,0
DA:73,0
DA:75,0
DA:76,0
DA:84,0
DA:91,0
DA:92,0
LF:35
LH:4
BRDA:18,0,0,0
BRDA:22,1,0,0
BRF:2
BRH:0
end_of_record
TN:
SF:src\services\storage.service.ts
FN:28,(anonymous_0)
FN:32,(anonymous_1)
FN:45,(anonymous_2)
FN:69,(anonymous_3)
FN:122,(anonymous_4)
FN:149,(anonymous_5)
FN:169,(anonymous_6)
FN:221,(anonymous_7)
FN:245,(anonymous_8)
FN:279,(anonymous_9)
FN:296,(anonymous_10)
FN:300,(anonymous_11)
FN:304,(anonymous_12)
FN:308,(anonymous_13)
FN:312,(anonymous_14)
FN:316,(anonymous_15)
FNF:16
FNH:0
FNDA:0,(anonymous_0)
FNDA:0,(anonymous_1)
FNDA:0,(anonymous_2)
FNDA:0,(anonymous_3)
FNDA:0,(anonymous_4)
FNDA:0,(anonymous_5)
FNDA:0,(anonymous_6)
FNDA:0,(anonymous_7)
FNDA:0,(anonymous_8)
FNDA:0,(anonymous_9)
FNDA:0,(anonymous_10)
FNDA:0,(anonymous_11)
FNDA:0,(anonymous_12)
FNDA:0,(anonymous_13)
FNDA:0,(anonymous_14)
FNDA:0,(anonymous_15)
DA:1,2
DA:2,2
DA:3,2
DA:15,2
DA:16,0
DA:17,0
DA:18,0
DA:21,2
DA:33,0
DA:35,0
DA:36,0
DA:37,0
DA:40,0
DA:41,0
DA:42,0
DA:46,0
DA:47,0
DA:50,0
DA:52,0
DA:53,0
DA:54,0
DA:57,0
DA:58,0
DA:61,0
DA:62,0
DA:76,0
DA:78,0
DA:79,0
DA:80,0
DA:81,0
DA:85,0
DA:86,0
DA:89,0
DA:92,0
DA:103,0
DA:105,0
DA:114,0
DA:115,0
DA:123,0
DA:125,0
DA:126,0
DA:127,0
DA:128,0
DA:131,0
DA:132,0
DA:134,0
DA:135,0
DA:136,0
DA:139,0
DA:141,0
DA:142,0
DA:150,0
DA:151,0
DA:152,0
DA:153,0
DA:156,0
DA:157,0
DA:159,0
DA:161,0
DA:162,0
DA:175,0
DA:176,0
DA:177,0
DA:179,0
DA:180,0
DA:183,0
DA:184,0
DA:187,0
DA:188,0
DA:191,0
DA:192,0
DA:196,0
DA:199,0
DA:201,0
DA:203,0
DA:213,0
DA:214,0
DA:226,0
DA:227,0
DA:228,0
DA:229,0
DA:234,0
DA:235,0
DA:237,0
DA:238,0
DA:246,0
DA:247,0
DA:248,0
DA:249,0
DA:252,0
DA:254,0
DA:255,0
DA:266,0
DA:268,0
DA:269,0
DA:276,2
DA:277,2
DA:280,0
DA:281,0
DA:284,0
DA:285,0
DA:286,0
DA:288,0
DA:289,0
DA:293,0
DA:297,0
DA:301,0
DA:305,0
DA:309,0
DA:313,0
DA:317,0
DA:322,2
LF:112
LH:8
BRDA:33,0,0,0
[...]
BRDA:833,29,1,0
BRDA:1048,30,0,33
BRDA:1048,30,1,0
BRDA:1073,31,0,0
BRDA:1077,32,0,0
BRF:66
BRH:9
end_of_record
TN:
SF:src\services\userService.ts
FN:42,(anonymous_1)
FN:49,(anonymous_2)
FN:72,(anonymous_3)
FN:90,(anonymous_4)
FN:121,(anonymous_5)
FN:139,(anonymous_6)
FNF:6
FNH:1
FNDA:2,(anonymous_1)
FNDA:0,(anonymous_2)
FNDA:0,(anonymous_3)
FNDA:0,(anonymous_4)
FNDA:0,(anonymous_5)
FNDA:0,(anonymous_6)
DA:8,2
DA:38,2
DA:40,2
DA:43,2
DA:50,0
DA:52,0
DA:66,0
DA:73,0
DA:80,0
DA:81,0
DA:84,0
DA:91,0
DA:98,0
DA:99,0
DA:102,0
DA:103,0
DA:105,0
DA:106,0
DA:110,0
DA:115,0
DA:122,0
DA:129,0
DA:130,0
DA:133,0
DA:140,0
LF:25
LH:4
BRDA:61,0,0,0
BRDA:61,0,1,0
BRDA:62,1,0,0
BRDA:62,1,1,0
BRDA:80,2,0,0
BRDA:98,3,0,0
BRDA:105,4,0,0
BRDA:129,5,0,0
BRF:8
BRH:0
end_of_record
TN:
SF:src\telemetry\decorators.ts
FN:15,Trace
FN:16,(anonymous_1)
FN:26,(anonymous_2)
FN:29,(anonymous_3)
FN:70,TraceDB
FN:71,(anonymous_5)
FN:78,(anonymous_6)
FN:82,(anonymous_7)
FN:129,TraceHTTP
FN:130,(anonymous_9)
FN:137,(anonymous_10)
FN:141,(anonymous_11)
FN:178,Measure
FN:179,(anonymous_13)
FN:189,(anonymous_14)
FNF:15
FNH:0
FNDA:0,Trace
FNDA:0,(anonymous_1)
FNDA:0,(anonymous_2)
FNDA:0,(anonymous_3)
FNDA:0,TraceDB
FNDA:0,(anonymous_5)
FNDA:0,(anonymous_6)
FNDA:0,(anonymous_7)
FNDA:0,TraceHTTP
FNDA:0,(anonymous_9)
FNDA:0,(anonymous_10)
FNDA:0,(anonymous_11)
FNDA:0,Measure
FNDA:0,(anonymous_13)
FNDA:0,(anonymous_14)
DA:7,0
DA:8,0
DA:10,0
DA:15,0
DA:16,0
DA:21,0
DA:22,0
DA:23,0
DA:24,0
DA:26,0
DA:27,0
DA:29,0
DA:30,0
DA:32,0
DA:39,0
DA:42,0
DA:44,0
DA:47,0
DA:52,0
DA:53,0
DA:56,0
DA:58,0
DA:63,0
DA:70,0
DA:71,0
DA:76,0
DA:78,0
DA:79,0
DA:80,0
DA:82,0
DA:83,0
DA:85,0
DA:91,0
DA:92,0
DA:95,0
DA:96,0
DA:97,0
DA:99,0
DA:100,0
DA:102,0
DA:104,0
DA:106,0
DA:111,0
DA:112,0
DA:115,0
DA:117,0
DA:122,0
DA:129,0
DA:130,0
DA:135,0
DA:137,0
DA:138,0
DA:139,0
DA:141,0
DA:142,0
DA:144,0
DA:149,0
DA:151,0
DA:153,0
DA:155,0
DA:160,0
DA:161,0
DA:164,0
DA:166,0
DA:171,0
DA:178,0
DA:179,0
DA:184,0
DA:185,0
DA:186,0
DA:187,0
DA:189,0
DA:190,0
DA:192,0
DA:193,0
DA:194,0
DA:196,0
DA:198,0
DA:200,0
DA:202,0
DA:204,0
DA:208,0
LF:82
LH:0
BRDA:24,0,0,0
BRDA:24,0,1,0
BRDA:49,1,0,0
BRDA:49,1,1,0
BRDA:52,2,0,0
BRDA:80,3,0,0
BRDA:80,3,1,0
BRDA:91,4,0,0
BRDA:99,5,0,0
BRDA:99,5,1,0
BRDA:108,6,0,0
BRDA:108,6,1,0
BRDA:111,7,0,0
BRDA:157,8,0,0
BRDA:157,8,1,0
BRDA:160,9,0,0
BRDA:187,10,0,0
BRDA:187,10,1,0
BRF:18
BRH:0
end_of_record
TN:
SF:src\telemetry\index.ts
FN:24,initializeTelemetry
FN:76,(anonymous_1)
FN:78,(anonymous_2)
FN:79,(anonymous_3)
FN:80,(anonymous_4)
FN:88,(anonymous_5)
FN:88,(anonymous_6)
FN:88,(anonymous_7)
FN:88,(anonymous_8)
FNF:9
FNH:0
FNDA:0,initializeTelemetry
FNDA:0,(anonymous_1)
FNDA:0,(anonymous_2)
FNDA:0,(anonymous_3)
FNDA:0,(anonymous_4)
FNDA:0,(anonymous_5)
FNDA:0,(anonymous_6)
FNDA:0,(anonymous_7)
FNDA:0,(anonymous_8)
DA:7,0
DA:8,0
DA:9,0
DA:10,0
DA:11,0
DA:12,0
DA:13,0
DA:14,0
DA:15,0
DA:18,0
DA:19,0
DA:24,0
DA:25,0
DA:28,0
DA:35,0
DA:41,0
DA:47,0
DA:73,0
DA:76,0
DA:77,0
DA:78,0
DA:79,0
DA:80,0
DA:83,0
DA:84,0
DA:88,0
LF:26
LH:0
BRDA:19,0,0,0
BRDA:19,0,1,0
BRDA:31,1,0,0
BRDA:31,1,1,0
BRDA:36,2,0,0
BRDA:36,2,1,0
BRDA:42,3,0,0
BRDA:42,3,1,0
BRF:8
BRH:0
end_of_record
TN:
SF:src\telemetry\metrics.ts
FN:90,(anonymous_0)
FN:100,recordHttpMetrics
FN:120,recordDbMetrics
FN:142,recordBusinessMetrics
FN:162,recordCalculationDuration
FN:176,getMetricsForPrometheus
FNF:6
FNH:0
FNDA:0,(anonymous_0)
FNDA:0,recordHttpMetrics
FNDA:0,recordDbMetrics
FNDA:0,recordBusinessMetrics
FNDA:0,recordCalculationDuration
FNDA:0,getMetricsForPrometheus
DA:7,2
DA:10,2
DA:13,2
DA:18,2
DA:22,2
DA:27,2
DA:32,2
DA:36,2
DA:41,2
DA:45,2
DA:49,2
DA:53,2
DA:59,2
DA:63,2
DA:67,2
DA:72,2
DA:76,2
DA:80,2
DA:85,2
DA:90,2
DA:92,0
DA:100,2
DA:106,0
DA:113,0
DA:114,0
DA:120,2
DA:126,0
DA:132,0
DA:134,0
DA:135,0
DA:142,2
DA:146,0
DA:148,0
DA:149,0
DA:151,0
DA:152,0
DA:154,0
DA:155,0
DA:162,2
DA:167,0
DA:176,2
DA:179,0
LF:42
LH:25
BRDA:129,0,0,0
BRDA:129,0,1,0
BRDA:134,1,0,0
BRDA:146,2,0,0
BRDA:146,2,1,0
BRDA:146,2,2,0
BRF:6
BRH:0
end_of_record
TN:
SF:src\testing\PropertyBasedTesting.ts
FN:18,(anonymous_1)
FN:25,(anonymous_2)
FN:32,(anonymous_3)
FN:34,(anonymous_4)
FN:40,(anonymous_5)
FN:54,(anonymous_6)
FN:61,(anonymous_7)
FN:68,(anonymous_8)
FN:75,(anonymous_9)
FN:81,(anonymous_10)
FN:82,(anonymous_11)
FN:83,(anonymous_12)
FN:84,(anonymous_13)
FN:85,(anonymous_14)
FN:92,(anonymous_15)
FN:96,(anonymous_16)
FN:119,(anonymous_17)
FN:123,(anonymous_18)
FN:133,(anonymous_19)
FN:138,(anonymous_20)
FN:141,(anonymous_21)
FN:152,(anonymous_22)
FN:157,(anonymous_23)
FN:181,(anonymous_24)
FN:187,(anonymous_25)
FN:211,(anonymous_26)
FN:218,(anonymous_27)
FN:242,(anonymous_28)
FN:254,(anonymous_29)
FN:277,(anonymous_30)
FN:314,(anonymous_31)
FN:375,(anonymous_32)
FN:381,(anonymous_33)
FN:382,(anonymous_34)
FN:393,(anonymous_35)
FN:400,(anonymous_36)
FN:411,(anonymous_37)
FN:414,(anonymous_38)
FN:418,(anonymous_39)
FNF:39
FNH:0
FNDA:0,(anonymous_1)
FNDA:0,(anonymous_2)
FNDA:0,(anonymous_3)
FNDA:0,(anonymous_4)
FNDA:0,(anonymous_5)
FNDA:0,(anonymous_6)
FNDA:0,(anonymous_7)
FNDA:0,(anonymous_8)
FNDA:0,(anonymous_9)
FNDA:0,(anonymous_10)
FNDA:0,(anonymous_11)
FNDA:0,(anonymous_12)
FNDA:0,(anonymous_13)
FNDA:0,(anonymous_14)
FNDA:0,(anonymous_15)
FNDA:0,(anonymous_16)
FNDA:0,(anonymous_17)
FNDA:0,(anonymous_18)
FNDA:0,(anonymous_19)
FNDA:0,(anonymous_20)
FNDA:0,(anonymous_21)
FNDA:0,(anonymous_22)
FNDA:0,(anonymous_23)
FNDA:0,(anonymous_24)
FNDA:0,(anonymous_25)
FNDA:0,(anonymous_26)
FNDA:0,(anonymous_27)
FNDA:0,(anonymous_28)
FNDA:0,(anonymous_29)
FNDA:0,(anonymous_30)
FNDA:0,(anonymous_31)
FNDA:0,(anonymous_32)
FNDA:0,(anonymous_33)
FNDA:0,(anonymous_34)
FNDA:0,(anonymous_35)
FNDA:0,(anonymous_36)
FNDA:0,(anonymous_37)
FNDA:0,(anonymous_38)
FNDA:0,(anonymous_39)
DA:8,1
DA:9,1
DA:14,1
DA:19,0
DA:26,0
DA:33,0
DA:34,0
DA:41,0
DA:55,0
DA:62,0
DA:69,0
DA:76,0
DA:81,0
DA:82,0
DA:83,0
DA:84,0
DA:85,0
DA:93,0
DA:97,0
DA:98,0
DA:113,1
DA:114,1
DA:120,0
DA:124,0
DA:125,0
DA:134,0
DA:138,0
DA:142,0
DA:143,0
DA:144,0
DA:153,0
DA:158,0
DA:159,0
DA:160,0
DA:169,0
DA:170,0
DA:173,0
DA:182,0
DA:188,0
DA:195,0
DA:196,0
DA:199,0
DA:200,0
DA:203,0
DA:212,0
DA:219,0
DA:227,0
DA:230,0
DA:231,0
DA:232,0
DA:234,0
DA:243,0
DA:255,0
DA:264,0
DA:273,1
DA:278,0
DA:284,0
DA:293,0
DA:295,0
DA:296,0
DA:297,0
DA:298,0
DA:300,0
DA:308,0
DA:315,0
DA:364,0
DA:371,1
DA:380,0
DA:381,0
DA:383,0
DA:384,0
DA:385,0
DA:397,0
DA:401,0
DA:402,0
DA:403,0
DA:414,0
DA:416,0
DA:419,0
DA:420,0
DA:421,0
LF:81
LH:7
BRDA:81,0,0,0
BRDA:81,0,1,0
BRDA:82,1,0,0
BRDA:82,1,1,0
BRDA:83,2,0,0
BRDA:83,2,1,0
BRDA:84,3,0,0
BRDA:84,3,1,0
BRDA:85,4,0,0
BRDA:85,4,1,0
BRDA:125,5,0,0
BRDA:125,5,1,0
BRDA:195,6,0,0
BRDA:227,7,0,0
BRDA:234,8,0,0
BRDA:234,8,1,0
BRDA:277,9,0,0
BRDA:303,10,0,0
BRDA:303,10,1,0
BRDA:414,11,0,0
BRF:20
BRH:0
end_of_record
TN:
SF:src\testing\TestUtilities.ts
FN:21,(anonymous_0)
FN:26,(anonymous_1)
FN:31,(anonymous_2)
FN:35,(anonymous_3)
FN:36,(anonymous_4)
FN:47,(anonymous_5)
FN:61,(anonymous_6)
FN:96,(anonymous_7)
FN:104,(anonymous_8)
FN:105,(anonymous_9)
FN:112,(anonymous_10)
FN:136,(anonymous_11)
FN:140,(anonymous_12)
FN:159,(anonymous_13)
FN:181,(anonymous_14)
FN:182,(anonymous_15)
FN:185,(anonymous_16)
FN:186,(anonymous_17)
FN:203,(anonymous_18)
FN:209,(anonymous_19)
FN:212,(anonymous_20)
FN:241,(anonymous_21)
FN:248,(anonymous_22)
FN:254,(anonymous_23)
FN:260,(anonymous_24)
FN:265,(anonymous_25)
FN:279,(anonymous_26)
FN:283,(anonymous_27)
FN:294,(anonymous_28)
FN:298,(anonymous_29)
FN:306,(anonymous_30)
FN:315,(anonymous_31)
FN:324,(anonymous_32)
FN:338,(anonymous_33)
FN:348,(anonymous_34)
FN:364,(anonymous_35)
FN:373,(anonymous_36)
FN:382,(anonymous_37)
FN:394,(anonymous_38)
FN:407,(anonymous_39)
FN:420,(anonymous_40)
FN:424,(anonymous_41)
FN:437,(anonymous_42)
FN:441,(anonymous_43)
FN:453,(anonymous_44)
FN:464,(anonymous_45)
FN:474,(anonymous_46)
FN:483,(anonymous_47)
FN:489,(anonymous_48)
FN:502,(anonymous_49)
FNF:50
FNH:0
FNDA:0,(anonymous_0)
FNDA:0,(anonymous_1)
FNDA:0,(anonymous_2)
FNDA:0,(anonymous_3)
FNDA:0,(anonymous_4)
FNDA:0,(anonymous_5)
FNDA:0,(anonymous_6)
FNDA:0,(anonymous_7)
FNDA:0,(anonymous_8)
FNDA:0,(anonymous_9)
FNDA:0,(anonymous_10)
FNDA:0,(anonymous_11)
FNDA:0,(anonymous_12)
FNDA:0,(anonymous_13)
FNDA:0,(anonymous_14)
FNDA:0,(anonymous_15)
FNDA:0,(anonymous_16)
FNDA:0,(anonymous_17)
FNDA:0,(anonymous_18)
FNDA:0,(anonymous_19)
FNDA:0,(anonymous_20)
FNDA:0,(anonymous_21)
FNDA:0,(anonymous_22)
FNDA:0,(anonymous_23)
FNDA:0,(anonymous_24)
FNDA:0,(anonymous_25)
FNDA:0,(anonymous_26)
FNDA:0,(anonymous_27)
FNDA:0,(anonymous_28)
FNDA:0,(anonymous_29)
FNDA:0,(anonymous_30)
FNDA:0,(anonymous_31)
FNDA:0,(anonymous_32)
FNDA:0,(anonymous_33)
FNDA:0,(anonymous_34)
FNDA:0,(anonymous_35)
FNDA:0,(anonymous_36)
FNDA:0,(anonymous_37)
FNDA:0,(anonymous_38)
FNDA:0,(anonymous_39)
FNDA:0,(anonymous_40)
FNDA:0,(anonymous_41)
FNDA:0,(anonymous_42)
FNDA:0,(anonymous_43)
FNDA:0,(anonymous_44)
FNDA:0,(anonymous_45)
FNDA:0,(anonymous_46)
FNDA:0,(anonymous_47)
FNDA:0,(anonymous_48)
FNDA:0,(anonymous_49)
DA:8,1
DA:12,1
DA:18,1
DA:19,0
DA:22,0
DA:23,0
DA:27,0
DA:28,0
DA:32,0
DA:36,0
DA:37,0
DA:38,0
DA:46,1
DA:48,0
DA:62,0
DA:63,0
DA:65,0
DA:97,0
DA:99,0
DA:104,0
DA:105,0
DA:113,0
DA:132,1
DA:134,0
DA:137,0
DA:141,0
DA:142,0
DA:143,0
DA:144,0
DA:145,0
DA:147,0
DA:148,0
DA:149,0
DA:152,0
DA:153,0
DA:155,0
DA:160,0
DA:161,0
DA:163,0
DA:164,0
DA:165,0
DA:168,0
DA:171,0
DA:172,0
DA:173,0
DA:177,0
DA:178,0
DA:179,0
DA:180,0
DA:181,0
DA:182,0
DA:185,0
DA:186,0
DA:189,0
DA:190,0
DA:194,0
DA:196,0
DA:197,0
DA:199,0
DA:204,0
DA:209,0
DA:213,0
DA:214,0
DA:215,0
DA:216,0
DA:217,0
DA:219,0
DA:220,0
DA:223,0
DA:225,0
DA:226,0
DA:228,0
DA:237,1
DA:239,0
DA:242,0
DA:243,0
DA:245,0
DA:249,0
DA:250,0
DA:251,0
DA:255,0
DA:256,0
DA:257,0
DA:261,0
DA:262,0
DA:266,0
DA:274,1
DA:277,0
DA:280,0
DA:284,0
DA:289,0
DA:290,0
DA:291,0
DA:295,0
DA:299,0
DA:307,0
DA:316,0
DA:325,0
DA:337,1
DA:339,0
DA:340,0
DA:341,0
DA:342,0
DA:343,0
DA:344,0
DA:345,0
DA:349,0
DA:350,0
DA:351,0
DA:353,0
DA:354,0
DA:356,0
DA:357,0
DA:359,0
DA:360,0
DA:361,0
DA:365,0
DA:366,0
DA:367,0
DA:368,0
DA:369,0
DA:370,0
DA:374,0
DA:375,0
DA:376,0
DA:377,0
DA:378,0
DA:383,0
DA:384,0
DA:385,0
DA:393,1
DA:398,0
DA:399,0
DA:400,0
DA:401,0
DA:403,0
DA:404,0
DA:410,0
DA:411,0
DA:412,0
DA:413,0
DA:414,0
DA:415,0
DA:417,0
DA:424,0
DA:425,0
DA:433,1
DA:435,0
DA:438,0
DA:442,0
DA:443,0
DA:445,0
DA:446,0
DA:447,0
DA:450,0
DA:454,0
DA:455,0
DA:457,0
DA:459,0
DA:460,0
DA:465,0
DA:473,1
DA:479,0
DA:481,0
DA:482,0
DA:483,0
DA:486,0
DA:496,0
DA:497,0
DA:498,0
DA:500,0
DA:501,0
DA:502,0
DA:507,0
LF:174
LH:11
BRDA:38,0,0,0
BRDA:38,0,1,0
BRDA:47,1,0,0
BRDA:61,2,0,0
BRDA:96,3,0,0
BRDA:112,4,0,0
BRDA:161,5,0,0
BRDA:179,6,0,0
BRDA:242,7,0,0
BRDA:249,8,0,0
BRDA:249,8,1,0
BRDA:255,9,0,0
BRDA:266,10,0,0
BRDA:266,10,1,0
BRDA:284,11,0,0
BRDA:284,11,1,0
BRDA:377,12,0,0
BRDA:382,13,0,0
BRDA:410,14,0,0
BRDA:413,15,0,0
BRDA:447,16,0,0
BRDA:455,17,0,0
BRDA:476,18,0,0
BRDA:477,19,0,0
BRDA:482,20,0,0
BRDA:491,21,0,0
BRDA:492,22,0,0
BRDA:501,23,0,0
BRDA:507,24,0,0
BRDA:507,24,1,0
BRF:30
BRH:0
end_of_record
TN:
SF:src\testing\jest-matchers.ts
FN:14,(anonymous_0)
FN:19,(anonymous_1)
FN:24,(anonymous_2)
FNF:3
FNH:0
FNDA:0,(anonymous_0)
FNDA:0,(anonymous_1)
FNDA:0,(anonymous_2)
DA:13,1
DA:15,0
DA:17,0
DA:18,0
DA:19,0
DA:23,0
DA:24,0
LF:7
LH:1
BRDA:15,0,0,0
BRDA:15,0,1,0
BRDA:17,1,0,0
BRDA:17,1,1,0
BRF:4
BRH:0
end_of_record
TN:
SF:src\utils\encryption.ts
FN:25,(anonymous_9)
FN:40,(anonymous_10)
FN:55,(anonymous_11)
FN:78,(anonymous_12)
FN:100,(anonymous_13)
FN:109,(anonymous_14)
FN:118,(anonymous_15)
FN:125,(anonymous_16)
FN:132,(anonymous_17)
FNF:9
FNH:9
FNDA:40,(anonymous_9)
FNDA:34,(anonymous_10)
FNDA:21,(anonymous_11)
FNDA:12,(anonymous_12)
FNDA:2,(anonymous_13)
FNDA:3,(anonymous_14)
FNDA:3,(anonymous_15)
FNDA:14,(anonymous_16)
FNDA:4,(anonymous_17)
DA:6,1
DA:7,1
DA:8,1
DA:10,1
DA:11,1
DA:12,1
DA:13,1
DA:22,1
DA:26,40
DA:28,6
DA:29,6
DA:32,34
DA:41,34
DA:48,34
DA:49,34
DA:56,21
DA:57,21
DA:58,21
DA:60,21
DA:62,21
DA:63,21
DA:65,21
DA:67,21
DA:79,12
DA:85,12
DA:87,11
DA:88,11
DA:90,9
DA:91,9
DA:93,6
DA:101,2
DA:102,2
DA:103,1
DA:110,3
DA:111,2
DA:112,1
DA:119,3
DA:126,14
DA:133,4
DA:134,4
LF:40
LH:40
BRDA:26,0,0,6
BRDA:26,0,1,34
BRDA:42,1,0,34
BRDA:42,1,1,34
BRDA:43,2,0,34
BRDA:43,2,1,34
BRDA:44,3,0,34
BRDA:44,3,1,0
BRDA:56,4,0,14
BRDA:56,4,1,7
BRF:10
BRH:9
end_of_record
TN:
SF:src\utils\logger.ts
FNF:0
FNH:0
DA:7,4
DA:9,4
LF:2
LH:2
BRDA:10,0,0,4
BRDA:10,0,1,4
BRDA:11,1,0,0
BRDA:11,1,1,4
BRF:4
BRH:3
end_of_record
TN:
SF:src\utils\observableLogger.ts
FN:15,(anonymous_1)
FN:16,(anonymous_2)
FN:48,(anonymous_3)
FN:55,(anonymous_4)
FN:75,(anonymous_5)
FN:82,(anonymous_6)
FN:98,(anonymous_7)
FN:127,(anonymous_8)
FN:134,(anonymous_9)
FN:159,(anonymous_10)
FN:168,(anonymous_11)
FN:220,createLogger
FNF:12
FNH:7
FNDA:18,(anonymous_1)
FNDA:3,(anonymous_2)
FNDA:9,(anonymous_3)
FNDA:7,(anonymous_4)
FNDA:4,(anonymous_5)
FNDA:3,(anonymous_6)
FNDA:0,(anonymous_7)
FNDA:0,(anonymous_8)
FNDA:0,(anonymous_9)
FNDA:0,(anonymous_10)
FNDA:0,(anonymous_11)
FNDA:6,createLogger
DA:7,3
DA:8,3
DA:9,3
DA:12,3
DA:15,18
DA:16,3
DA:45,3
DA:49,9
DA:56,7
DA:57,7
DA:58,0
DA:59,0
DA:60,0
DA:64,7
DA:65,7
DA:66,0
DA:69,7
DA:76,4
DA:83,3
DA:86,3
DA:87,3
DA:88,0
DA:99,0
DA:108,0
DA:111,0
DA:112,0
DA:113,0
DA:118,0
DA:119,0
DA:128,0
DA:135,0
DA:144,0
DA:147,0
DA:148,0
DA:149,0
DA:160,0
DA:161,0
DA:162,0
DA:173,0
DA:174,0
DA:176,0
DA:177,0
DA:178,0
DA:180,0
DA:181,0
DA:187,0
DA:188,0
DA:194,0
DA:196,0
DA:197,0
DA:203,0
DA:204,0
DA:211,0
DA:217,3
DA:220,3
DA:221,6
LF:56
LH:20
BRDA:13,0,0,3
BRDA:13,0,1,3
BRDA:20,1,0,3
BRDA:20,1,1,0
BRDA:21,2,0,3
BRDA:21,2,1,0
BRDA:49,3,0,6
BRDA:49,3,1,3
BRDA:55,4,0,0
BRDA:57,5,0,0
BRDA:65,6,0,0
BRDA:87,7,0,0
BRDA:101,8,0,0
BRDA:101,8,1,0
BRDA:112,9,0,0
BRDA:118,10,0,0
BRDA:137,11,0,0
BRDA:137,11,1,0
BRDA:148,12,0,0
BRDA:187,13,0,0
BRDA:203,14,0,0
BRDA:206,15,0,0
BRDA:206,15,1,0
BRF:23
BRH:6
end_of_record
TN:
SF:src\utils\passwordSecurity.ts
FN:48,validatePassword
FN:113,hasRepeatingCharacters
FN:120,hasSequentialCharacters
FN:146,hashPassword
FN:147,(anonymous_13)
FN:171,verifyPassword
FN:175,(anonymous_15)
FN:196,checkPasswordHistory
FN:216,generateSecurePassword
FN:242,(anonymous_18)
FN:260,calculatePasswordStrength
FN:331,calculateEntropy
FN:339,timeSafeCompare
FN:358,maskPassword
FNF:14
FNH:8
FNDA:10,validatePassword
FNDA:12,hasRepeatingCharacters
FNDA:12,hasSequentialCharacters
FNDA:0,hashPassword
FNDA:0,(anonymous_13)
FNDA:0,verifyPassword
FNDA:0,(anonymous_15)
FNDA:0,checkPasswordHistory
FNDA:1,generateSecurePassword
FNDA:16,(anonymous_18)
FNDA:2,calculatePasswordStrength
FNDA:2,calculateEntropy
FNDA:2,timeSafeCompare
FNDA:0,maskPassword
DA:7,1
DA:8,1
DA:9,1
DA:10,1
DA:12,1
DA:13,1
DA:26,1
DA:38,1
DA:48,1
DA:52,10
DA:55,10
DA:56,5
DA:60,10
DA:61,4
DA:65,10
DA:66,1
DA:70,10
DA:71,1
DA:75,10
DA:76,5
DA:80,10
DA:81,10
DA:82,10
DA:83,5
DA:87,10
DA:88,131
DA:89,5
DA:90,5
DA:96,10
DA:97,1
DA:100,10
DA:101,3
DA:104,10
DA:114,12
DA:121,12
DA:130,12
DA:132,12
DA:133,62
DA:134,733
DA:135,3
DA:140,9
DA:146,1
DA:147,0
DA:148,0
DA:149,0
DA:156,0
DA:157,0
DA:159,0
DA:160,0
DA:161,0
DA:163,0
DA:171,1
DA:175,0
DA:176,0
DA:177,0
DA:179,0
DA:180,0
DA:182,0
DA:184,0
DA:185,0
DA:186,0
DA:188,0
DA:196,1
DA:200,0
DA:201,0
DA:202,0
DA:203,0
DA:206,0
DA:210,0
DA:216,1
DA:230,1
DA:232,1
DA:233,1
DA:234,1
DA:235,1
DA:236,1
DA:238,1
DA:239,0
DA:242,1
DA:243,16
DA:244,16
DA:248,1
DA:249,1
DA:251,0
DA:254,1
DA:260,1
DA:265,2
DA:266,2
DA:269,2
DA:270,2
DA:271,2
DA:272,2
DA:275,2
DA:276,2
DA:277,2
DA:278,2
DA:281,2
DA:282,0
DA:283,0
DA:286,2
DA:287,0
DA:288,0
DA:292,2
DA:293,1
DA:294,1
DA:298,2
DA:299,2
DA:300,0
DA:301,2
DA:302,1
DA:306,2
DA:310,2
DA:311,1
DA:312,1
DA:313,1
DA:314,1
DA:315,0
DA:318,2
DA:319,1
DA:321,2
DA:322,1
DA:325,2
DA:332,2
DA:333,2
DA:339,1
DA:340,2
DA:341,2
DA:343,2
DA:344,0
DA:347,2
DA:348,2
DA:349,64
DA:352,2
DA:358,1
DA:359,0
DA:360,0
DA:362,0
DA:363,0
DA:364,0
DA:366,0
LF:140
LH:100
BRDA:50,0,0,10
BRDA:55,1,0,5
BRDA:60,2,0,4
BRDA:60,3,0,10
BRDA:60,3,1,10
BRDA:65,4,0,1
BRDA:65,5,0,10
BRDA:65,5,1,10
BRDA:70,6,0,1
BRDA:70,7,0,10
BRDA:70,7,1,10
BRDA:75,8,0,5
BRDA:75,9,0,10
BRDA:75,9,1,10
BRDA:80,10,0,10
BRDA:82,11,0,5
BRDA:88,12,0,5
BRDA:96,13,0,1
BRDA:100,14,0,3
BRDA:134,15,0,3
BRDA:202,16,0,0
BRDA:217,17,0,0
BRDA:218,18,0,1
BRDA:226,19,0,1
BRDA:227,20,0,1
BRDA:228,21,0,1
BRDA:229,22,0,1
BRDA:233,23,0,1
BRDA:234,24,0,1
BRDA:235,25,0,1
BRDA:236,26,0,1
BRDA:238,27,0,0
BRDA:249,28,0,0
BRDA:269,29,0,2
BRDA:270,30,0,1
BRDA:271,31,0,1
BRDA:272,32,0,1
BRDA:275,33,0,2
BRDA:276,34,0,1
BRDA:277,35,0,2
BRDA:278,36,0,1
BRDA:281,37,0,0
BRDA:286,38,0,0
BRDA:292,39,0,1
BRDA:299,40,0,0
BRDA:299,40,1,2
BRDA:301,41,0,1
BRDA:310,42,0,1
BRDA:310,42,1,1
BRDA:311,43,0,0
BRDA:311,43,1,1
BRDA:312,44,0,0
BRDA:312,44,1,1
BRDA:313,45,0,0
BRDA:313,45,1,1
BRDA:314,46,0,1
BRDA:314,46,1,0
BRDA:318,47,0,1
BRDA:321,48,0,1
BRDA:343,49,0,0
BRDA:359,50,0,0
BRDA:359,51,0,0
BRDA:359,51,1,0
BRDA:360,52,0,0
BRF:64
BRH:48
end_of_record
TN:
SF:src\utils\securityAudit.ts
FN:29,(anonymous_0)
FN:79,logSecurityEvent
FN:80,(anonymous_2)
FN:142,determineSeverity
FN:176,storeAuditEvent
FN:191,extractAuditContext
FN:212,auditLoginAttempt
FN:248,auditAccessControl
FN:272,auditSensitiveDataAccess
FN:295,auditSecurityViolation
FN:316,generateAuditReport
FN:342,generateComplianceReport
FNF:12
FNH:4
FNDA:3,(anonymous_0)
FNDA:5,logSecurityEvent
FNDA:5,(anonymous_2)
FNDA:4,determineSeverity
FNDA:0,storeAuditEvent
FNDA:0,extractAuditContext
FNDA:0,auditLoginAttempt
FNDA:0,auditAccessControl
FNDA:0,auditSensitiveDataAccess
FNDA:0,auditSecurityViolation
FNDA:0,generateAuditReport
FNDA:0,generateComplianceReport
DA:8,3
DA:9,3
DA:12,3
DA:13,3
DA:29,3
DA:31,3
DA:32,3
DA:33,3
DA:34,3
DA:35,3
DA:36,3
DA:37,3
DA:38,3
DA:39,3
DA:42,3
DA:43,3
DA:44,3
DA:45,3
DA:48,3
DA:49,3
DA:50,3
DA:51,3
DA:52,3
DA:53,3
DA:54,3
DA:57,3
DA:58,3
DA:59,3
DA:60,3
DA:63,3
DA:64,3
DA:65,3
DA:68,3
DA:69,3
DA:70,3
DA:71,3
DA:72,3
DA:73,3
DA:79,3
DA:80,5
DA:81,5
DA:82,5
DA:92,5
DA:101,5
DA:106,5
DA:108,0
DA:110,0
DA:112,1
DA:113,1
DA:115,4
DA:119,5
DA:120,0
DA:123,5
DA:125,0
DA:126,0
DA:129,0
DA:134,5
DA:143,4
DA:152,4
DA:162,4
DA:163,0
DA:166,4
DA:167,0
DA:170,4
DA:183,0
DA:184,0
DA:191,3
DA:192,0
DA:212,3
DA:218,0
DA:219,0
DA:227,0
DA:228,0
DA:229,0
DA:235,0
DA:236,0
DA:248,3
DA:255,0
DA:256,0
DA:272,3
DA:278,0
DA:279,0
DA:295,3
DA:300,0
DA:301,0
DA:316,3
DA:332,0
DA:342,3
DA:353,0
LF:89
LH:63
BRDA:29,0,0,3
BRDA:29,0,1,3
BRDA:85,1,0,5
BRDA:85,1,1,4
BRDA:86,2,0,5
BRDA:86,2,1,5
BRDA:87,3,0,5
BRDA:87,3,1,0
BRDA:96,4,0,5
BRDA:96,4,1,0
BRDA:97,5,0,5
BRDA:97,5,1,4
BRDA:106,6,0,0
BRDA:106,6,1,1
BRDA:106,6,2,4
BRDA:119,7,0,0
BRDA:162,8,0,0
BRDA:166,9,0,0
BRDA:183,10,0,0
BRDA:195,11,0,0
BRDA:195,11,1,0
BRDA:195,11,2,0
BRDA:221,12,0,0
BRDA:221,12,1,0
BRDA:227,13,0,0
BRDA:227,13,1,0
BRDA:257,14,0,0
BRDA:257,14,1,0
BRDA:258,15,0,0
BRDA:258,15,1,0
BRDA:264,16,0,0
BRDA:264,16,1,0
BRF:32
BRH:12
end_of_record
TN:
SF:src\utils\validation.ts
FN:22,validateLoanData
FN:120,validateScenarioCreate
FNF:2
FNH:2
FNDA:51,validateLoanData
FNDA:9,validateScenarioCreate
DA:22,3
DA:23,51
DA:26,51
DA:27,21
DA:28,8
DA:29,3
DA:36,21
DA:37,3
DA:38,2
DA:45,21
DA:46,9
DA:47,9
DA:48,6
DA:57,51
DA:58,16
DA:59,7
DA:60,3
DA:67,16
DA:68,8
DA:69,8
DA:70,6
DA:79,51
DA:80,16
DA:81,7
DA:82,3
DA:89,16
DA:90,9
DA:91,9
DA:92,5
DA:100,16
DA:101,3
DA:102,3
DA:103,2
DA:111,51
DA:120,3
DA:121,9
DA:123,9
DA:124,2
DA:128,7
DA:129,2
DA:133,5
DA:134,1
DA:140,9
LF:43
LH:43
BRDA:26,0,0,21
BRDA:27,1,0,8
BRDA:28,2,0,3
BRDA:28,3,0,8
BRDA:28,3,1,6
BRDA:36,4,0,3
BRDA:37,5,0,2
BRDA:45,6,0,9
BRDA:45,7,0,21
BRDA:45,7,1,10
BRDA:47,8,0,6
BRDA:57,9,0,16
BRDA:58,10,0,7
BRDA:59,11,0,3
BRDA:67,12,0,8
BRDA:67,13,0,16
BRDA:67,13,1,9
BRDA:69,14,0,6
BRDA:79,15,0,16
BRDA:80,16,0,7
BRDA:81,17,0,3
BRDA:89,18,0,9
BRDA:91,19,0,5
BRDA:100,20,0,3
BRDA:100,21,0,16
BRDA:100,21,1,6
BRDA:102,22,0,2
BRDA:123,23,0,2
BRDA:123,23,1,7
BRDA:123,24,0,9
BRDA:123,24,1,8
BRDA:128,25,0,2
BRDA:128,25,1,5
BRDA:133,26,0,1
BRF:34
BRH:34
end_of_record
